
*** Running vivado
    with args -log pipeline.vds -m64 -product Vivado -mode batch -messageDb vivado.pb -notrace -source pipeline.tcl



****** Vivado v2022.2 (64-bit)
  **** SW Build 3671981 on Fri Oct 14 05:00:03 MDT 2022
  **** IP Build 3669848 on Fri Oct 14 08:30:02 MDT 2022
    ** Copyright 1986-2022 Xilinx, Inc. All Rights Reserved.

source pipeline.tcl -notrace
Command: synth_design -top pipeline -part xc7k70tfbv676-1
Starting synth_design
Attempting to get a license for feature 'Synthesis' and/or device 'xc7k70t'
INFO: [Common 17-349] Got license for feature 'Synthesis' and/or device 'xc7k70t'
INFO: [Synth 8-7079] Multithreading enabled for synth_design using a maximum of 2 processes.
INFO: [Synth 8-7078] Launching helper process for spawning children vivado processes
INFO: [Synth 8-7075] Helper process launched with PID 13364
INFO: [Synth 8-11241] undeclared symbol 'REGCCE', assumed default net type 'wire' [C:/Xilinx/Vivado/2022.2/data/verilog/src/unimacro/BRAM_SINGLE_MACRO.v:2170]
INFO: [Synth 8-11241] undeclared symbol 'zero', assumed default net type 'wire' [C:/Users/aaron/OneDrive/Desktop/projectLab5/projectLab5.srcs/sources_1/imports/Desktop/Lab4/alu.sv:30]
---------------------------------------------------------------------------------
Starting Synthesize : Time (s): cpu = 00:00:03 ; elapsed = 00:00:03 . Memory (MB): peak = 832.641 ; gain = 412.887
---------------------------------------------------------------------------------
INFO: [Synth 8-6157] synthesizing module 'pipeline' [C:/Users/aaron/OneDrive/Desktop/projectLab5/projectLab5.srcs/sources_1/imports/Desktop/IF stage files/pipeline.sv:2]
WARNING: [Synth 8-85] always block has no event control specified [C:/Users/aaron/OneDrive/Desktop/projectLab5/projectLab5.srcs/sources_1/imports/Desktop/IF stage files/pipeline.sv:18]
INFO: [Synth 8-6157] synthesizing module 'ifetch' [C:/Users/aaron/OneDrive/Desktop/projectLab5/projectLab5.srcs/sources_1/imports/Desktop/IF stage files/ifetch.sv:13]
INFO: [Synth 8-251] Time	 PCF	 PCD	 InstrF		 InstrD		 PCPlus4D [C:/Users/aaron/OneDrive/Desktop/projectLab5/projectLab5.srcs/sources_1/imports/Desktop/IF stage files/ifetch.sv:41]
INFO: [Synth 8-6157] synthesizing module 'mux2' [C:/Users/aaron/OneDrive/Desktop/projectLab5/projectLab5.srcs/sources_1/imports/Desktop/IF stage files/mux.sv:14]
INFO: [Synth 8-6155] done synthesizing module 'mux2' (0#1) [C:/Users/aaron/OneDrive/Desktop/projectLab5/projectLab5.srcs/sources_1/imports/Desktop/IF stage files/mux.sv:14]
INFO: [Synth 8-6157] synthesizing module 'flopr' [C:/Users/aaron/OneDrive/Desktop/projectLab5/projectLab5.srcs/sources_1/imports/Desktop/IF stage files/flopr.sv:13]
	Parameter WIDTH bound to: 32 - type: integer 
INFO: [Synth 8-6155] done synthesizing module 'flopr' (0#1) [C:/Users/aaron/OneDrive/Desktop/projectLab5/projectLab5.srcs/sources_1/imports/Desktop/IF stage files/flopr.sv:13]
INFO: [Synth 8-6157] synthesizing module 'adder' [C:/Users/aaron/OneDrive/Desktop/projectLab5/projectLab5.srcs/sources_1/imports/Desktop/Lab4/adder.sv:10]
INFO: [Synth 8-6155] done synthesizing module 'adder' (0#1) [C:/Users/aaron/OneDrive/Desktop/projectLab5/projectLab5.srcs/sources_1/imports/Desktop/Lab4/adder.sv:10]
INFO: [Synth 8-6157] synthesizing module 'imem' [C:/Users/aaron/OneDrive/Desktop/projectLab5/projectLab5.srcs/sources_1/new/imem.sv:13]
CRITICAL WARNING: [Synth 8-4445] could not open $readmem data file 'riscvcode.txt'; please make sure the file is added to project and has read permission, ignoring [C:/Users/aaron/OneDrive/Desktop/projectLab5/projectLab5.srcs/sources_1/new/imem.sv:19]
INFO: [Synth 8-6155] done synthesizing module 'imem' (0#1) [C:/Users/aaron/OneDrive/Desktop/projectLab5/projectLab5.srcs/sources_1/new/imem.sv:13]
INFO: [Synth 8-6157] synthesizing module 'if_id' [C:/Users/aaron/OneDrive/Desktop/projectLab5/projectLab5.srcs/sources_1/imports/Desktop/IF stage files/if_id.sv:13]
INFO: [Synth 8-6155] done synthesizing module 'if_id' (0#1) [C:/Users/aaron/OneDrive/Desktop/projectLab5/projectLab5.srcs/sources_1/imports/Desktop/IF stage files/if_id.sv:13]
INFO: [Synth 8-6155] done synthesizing module 'ifetch' (0#1) [C:/Users/aaron/OneDrive/Desktop/projectLab5/projectLab5.srcs/sources_1/imports/Desktop/IF stage files/ifetch.sv:13]
INFO: [Synth 8-6157] synthesizing module 'idecode' [C:/Users/aaron/OneDrive/Desktop/projectLab5/projectLab5.srcs/sources_1/new/idecode.sv:23]
INFO: [Synth 8-6157] synthesizing module 'controller' [C:/Users/aaron/OneDrive/Desktop/Lab4/controller.sv:1]
INFO: [Synth 8-6157] synthesizing module 'maindec' [C:/Users/aaron/OneDrive/Desktop/projectLab5/projectLab5.srcs/sources_1/imports/Desktop/Lab4/maindec.sv:2]
INFO: [Synth 8-6155] done synthesizing module 'maindec' (0#1) [C:/Users/aaron/OneDrive/Desktop/projectLab5/projectLab5.srcs/sources_1/imports/Desktop/Lab4/maindec.sv:2]
INFO: [Synth 8-6157] synthesizing module 'aludec' [C:/Users/aaron/OneDrive/Desktop/projectLab5/projectLab5.srcs/sources_1/imports/Desktop/Lab4/aludec.sv:1]
INFO: [Synth 8-155] case statement is not full and has no default [C:/Users/aaron/OneDrive/Desktop/projectLab5/projectLab5.srcs/sources_1/imports/Desktop/Lab4/aludec.sv:11]
INFO: [Synth 8-6155] done synthesizing module 'aludec' (0#1) [C:/Users/aaron/OneDrive/Desktop/projectLab5/projectLab5.srcs/sources_1/imports/Desktop/Lab4/aludec.sv:1]
INFO: [Synth 8-6155] done synthesizing module 'controller' (0#1) [C:/Users/aaron/OneDrive/Desktop/Lab4/controller.sv:1]
WARNING: [Synth 8-689] width (2) of port connection 'Zero' does not match port width (1) of module 'controller' [C:/Users/aaron/OneDrive/Desktop/projectLab5/projectLab5.srcs/sources_1/new/idecode.sv:54]
WARNING: [Synth 8-689] width (1) of port connection 'ResultSrc' does not match port width (2) of module 'controller' [C:/Users/aaron/OneDrive/Desktop/projectLab5/projectLab5.srcs/sources_1/new/idecode.sv:54]
WARNING: [Synth 8-689] width (2) of port connection 'Jump' does not match port width (1) of module 'controller' [C:/Users/aaron/OneDrive/Desktop/projectLab5/projectLab5.srcs/sources_1/new/idecode.sv:54]
WARNING: [Synth 8-689] width (3) of port connection 'ImmSrc' does not match port width (2) of module 'controller' [C:/Users/aaron/OneDrive/Desktop/projectLab5/projectLab5.srcs/sources_1/new/idecode.sv:54]
WARNING: [Synth 8-7071] port 'ALUControl' of module 'controller' is unconnected for instance 'cntrl' [C:/Users/aaron/OneDrive/Desktop/projectLab5/projectLab5.srcs/sources_1/new/idecode.sv:54]
WARNING: [Synth 8-7023] instance 'cntrl' of module 'controller' has 12 connections declared, but only 11 given [C:/Users/aaron/OneDrive/Desktop/projectLab5/projectLab5.srcs/sources_1/new/idecode.sv:54]
INFO: [Synth 8-6157] synthesizing module 'regfile' [C:/Users/aaron/OneDrive/Desktop/projectLab5/projectLab5.srcs/sources_1/imports/Desktop/Lab4/regfile.sv:1]
INFO: [Synth 8-6155] done synthesizing module 'regfile' (0#1) [C:/Users/aaron/OneDrive/Desktop/projectLab5/projectLab5.srcs/sources_1/imports/Desktop/Lab4/regfile.sv:1]
INFO: [Synth 8-6157] synthesizing module 'extend' [C:/Users/aaron/OneDrive/Desktop/projectLab5/projectLab5.srcs/sources_1/imports/Desktop/Lab4/extend.sv:2]
INFO: [Synth 8-226] default block is never used [C:/Users/aaron/OneDrive/Desktop/projectLab5/projectLab5.srcs/sources_1/imports/Desktop/Lab4/extend.sv:7]
INFO: [Synth 8-6155] done synthesizing module 'extend' (0#1) [C:/Users/aaron/OneDrive/Desktop/projectLab5/projectLab5.srcs/sources_1/imports/Desktop/Lab4/extend.sv:2]
INFO: [Synth 8-6157] synthesizing module 'id_EX' [C:/Users/aaron/OneDrive/Desktop/projectLab5/projectLab5.srcs/sources_1/new/id_EX.sv:4]
INFO: [Synth 8-6155] done synthesizing module 'id_EX' (0#1) [C:/Users/aaron/OneDrive/Desktop/projectLab5/projectLab5.srcs/sources_1/new/id_EX.sv:4]
INFO: [Synth 8-6155] done synthesizing module 'idecode' (0#1) [C:/Users/aaron/OneDrive/Desktop/projectLab5/projectLab5.srcs/sources_1/new/idecode.sv:23]
INFO: [Synth 8-6157] synthesizing module 'iexecute' [C:/Users/aaron/OneDrive/Desktop/projectLab5/projectLab5.srcs/sources_1/new/iexecute.sv:23]
INFO: [Synth 8-6157] synthesizing module 'alu' [C:/Users/aaron/OneDrive/Desktop/projectLab5/projectLab5.srcs/sources_1/imports/Desktop/Lab4/alu.sv:1]
INFO: [Synth 8-155] case statement is not full and has no default [C:/Users/aaron/OneDrive/Desktop/projectLab5/projectLab5.srcs/sources_1/imports/Desktop/Lab4/alu.sv:16]
INFO: [Synth 8-6155] done synthesizing module 'alu' (0#1) [C:/Users/aaron/OneDrive/Desktop/projectLab5/projectLab5.srcs/sources_1/imports/Desktop/Lab4/alu.sv:1]
INFO: [Synth 8-6157] synthesizing module 'EX_mem' [C:/Users/aaron/OneDrive/Desktop/projectLab5/projectLab5.srcs/sources_1/new/EX_mem.sv:23]
INFO: [Synth 8-6155] done synthesizing module 'EX_mem' (0#1) [C:/Users/aaron/OneDrive/Desktop/projectLab5/projectLab5.srcs/sources_1/new/EX_mem.sv:23]
INFO: [Synth 8-6157] synthesizing module 'PCSE' [C:/Users/aaron/OneDrive/Desktop/projectLab5/projectLab5.srcs/sources_1/new/PCSE.sv:23]
INFO: [Synth 8-6155] done synthesizing module 'PCSE' (0#1) [C:/Users/aaron/OneDrive/Desktop/projectLab5/projectLab5.srcs/sources_1/new/PCSE.sv:23]
INFO: [Synth 8-6155] done synthesizing module 'iexecute' (0#1) [C:/Users/aaron/OneDrive/Desktop/projectLab5/projectLab5.srcs/sources_1/new/iexecute.sv:23]
INFO: [Synth 8-6157] synthesizing module 'imemory' [C:/Users/aaron/OneDrive/Desktop/projectLab5/projectLab5.srcs/sources_1/new/imemory.sv:23]
INFO: [Synth 8-6157] synthesizing module 'dmem' [C:/Users/aaron/OneDrive/Desktop/projectLab5/projectLab5.srcs/sources_1/new/dmem.sv:1]
CRITICAL WARNING: [Synth 8-4445] could not open $readmem data file 'data-1.txt'; please make sure the file is added to project and has read permission, ignoring [C:/Users/aaron/OneDrive/Desktop/projectLab5/projectLab5.srcs/sources_1/new/dmem.sv:8]
INFO: [Synth 8-6155] done synthesizing module 'dmem' (0#1) [C:/Users/aaron/OneDrive/Desktop/projectLab5/projectLab5.srcs/sources_1/new/dmem.sv:1]
INFO: [Synth 8-6157] synthesizing module 'mem_WB' [C:/Users/aaron/OneDrive/Desktop/projectLab5/projectLab5.srcs/sources_1/new/mem_WB.sv:23]
INFO: [Synth 8-6155] done synthesizing module 'mem_WB' (0#1) [C:/Users/aaron/OneDrive/Desktop/projectLab5/projectLab5.srcs/sources_1/new/mem_WB.sv:23]
INFO: [Synth 8-6155] done synthesizing module 'imemory' (0#1) [C:/Users/aaron/OneDrive/Desktop/projectLab5/projectLab5.srcs/sources_1/new/imemory.sv:23]
INFO: [Synth 8-6157] synthesizing module 'iwriteback' [C:/Users/aaron/OneDrive/Desktop/projectLab5/projectLab5.srcs/sources_1/new/iwriteback.sv:23]
INFO: [Synth 8-6157] synthesizing module 'mux3' [C:/Users/aaron/OneDrive/Desktop/projectLab5/projectLab5.srcs/sources_1/imports/Desktop/IF stage files/mux.sv:23]
INFO: [Synth 8-6155] done synthesizing module 'mux3' (0#1) [C:/Users/aaron/OneDrive/Desktop/projectLab5/projectLab5.srcs/sources_1/imports/Desktop/IF stage files/mux.sv:23]
INFO: [Synth 8-6155] done synthesizing module 'iwriteback' (0#1) [C:/Users/aaron/OneDrive/Desktop/projectLab5/projectLab5.srcs/sources_1/new/iwriteback.sv:23]
INFO: [Synth 8-6155] done synthesizing module 'pipeline' (0#1) [C:/Users/aaron/OneDrive/Desktop/projectLab5/projectLab5.srcs/sources_1/imports/Desktop/IF stage files/pipeline.sv:2]
WARNING: [Synth 8-4767] Trying to implement RAM ' ' in registers. Block RAM or DRAM implementation is not possible; see log for reasons.
	1: Unable to determine number of words or word size in RAM. 
	2: No valid read/write found for RAM. 
RAM dissolved into registers
WARNING: [Synth 8-3848] Net RAM in module/entity imem does not have driver. [C:/Users/aaron/OneDrive/Desktop/projectLab5/projectLab5.srcs/sources_1/new/imem.sv:16]
WARNING: [Synth 8-3848] Net RAM in module/entity imem does not have driver. [C:/Users/aaron/OneDrive/Desktop/projectLab5/projectLab5.srcs/sources_1/new/imem.sv:16]
WARNING: [Synth 8-3848] Net RAM in module/entity imem does not have driver. [C:/Users/aaron/OneDrive/Desktop/projectLab5/projectLab5.srcs/sources_1/new/imem.sv:16]
WARNING: [Synth 8-3848] Net RAM in module/entity imem does not have driver. [C:/Users/aaron/OneDrive/Desktop/projectLab5/projectLab5.srcs/sources_1/new/imem.sv:16]
WARNING: [Synth 8-3848] Net RAM in module/entity imem does not have driver. [C:/Users/aaron/OneDrive/Desktop/projectLab5/projectLab5.srcs/sources_1/new/imem.sv:16]
WARNING: [Synth 8-3848] Net RAM in module/entity imem does not have driver. [C:/Users/aaron/OneDrive/Desktop/projectLab5/projectLab5.srcs/sources_1/new/imem.sv:16]
WARNING: [Synth 8-3848] Net RAM in module/entity imem does not have driver. [C:/Users/aaron/OneDrive/Desktop/projectLab5/projectLab5.srcs/sources_1/new/imem.sv:16]
WARNING: [Synth 8-3848] Net RAM in module/entity imem does not have driver. [C:/Users/aaron/OneDrive/Desktop/projectLab5/projectLab5.srcs/sources_1/new/imem.sv:16]
WARNING: [Synth 8-3848] Net RAM in module/entity imem does not have driver. [C:/Users/aaron/OneDrive/Desktop/projectLab5/projectLab5.srcs/sources_1/new/imem.sv:16]
WARNING: [Synth 8-3848] Net RAM in module/entity imem does not have driver. [C:/Users/aaron/OneDrive/Desktop/projectLab5/projectLab5.srcs/sources_1/new/imem.sv:16]
WARNING: [Synth 8-3848] Net RAM in module/entity imem does not have driver. [C:/Users/aaron/OneDrive/Desktop/projectLab5/projectLab5.srcs/sources_1/new/imem.sv:16]
WARNING: [Synth 8-3848] Net RAM in module/entity imem does not have driver. [C:/Users/aaron/OneDrive/Desktop/projectLab5/projectLab5.srcs/sources_1/new/imem.sv:16]
WARNING: [Synth 8-3848] Net RAM in module/entity imem does not have driver. [C:/Users/aaron/OneDrive/Desktop/projectLab5/projectLab5.srcs/sources_1/new/imem.sv:16]
WARNING: [Synth 8-3848] Net RAM in module/entity imem does not have driver. [C:/Users/aaron/OneDrive/Desktop/projectLab5/projectLab5.srcs/sources_1/new/imem.sv:16]
WARNING: [Synth 8-3848] Net RAM in module/entity imem does not have driver. [C:/Users/aaron/OneDrive/Desktop/projectLab5/projectLab5.srcs/sources_1/new/imem.sv:16]
WARNING: [Synth 8-3848] Net RAM in module/entity imem does not have driver. [C:/Users/aaron/OneDrive/Desktop/projectLab5/projectLab5.srcs/sources_1/new/imem.sv:16]
WARNING: [Synth 8-3848] Net RAM in module/entity imem does not have driver. [C:/Users/aaron/OneDrive/Desktop/projectLab5/projectLab5.srcs/sources_1/new/imem.sv:16]
WARNING: [Synth 8-3848] Net RAM in module/entity imem does not have driver. [C:/Users/aaron/OneDrive/Desktop/projectLab5/projectLab5.srcs/sources_1/new/imem.sv:16]
WARNING: [Synth 8-3848] Net RAM in module/entity imem does not have driver. [C:/Users/aaron/OneDrive/Desktop/projectLab5/projectLab5.srcs/sources_1/new/imem.sv:16]
WARNING: [Synth 8-3848] Net RAM in module/entity imem does not have driver. [C:/Users/aaron/OneDrive/Desktop/projectLab5/projectLab5.srcs/sources_1/new/imem.sv:16]
WARNING: [Synth 8-3848] Net RAM in module/entity imem does not have driver. [C:/Users/aaron/OneDrive/Desktop/projectLab5/projectLab5.srcs/sources_1/new/imem.sv:16]
WARNING: [Synth 8-3848] Net RAM in module/entity imem does not have driver. [C:/Users/aaron/OneDrive/Desktop/projectLab5/projectLab5.srcs/sources_1/new/imem.sv:16]
WARNING: [Synth 8-3848] Net RAM in module/entity imem does not have driver. [C:/Users/aaron/OneDrive/Desktop/projectLab5/projectLab5.srcs/sources_1/new/imem.sv:16]
WARNING: [Synth 8-3848] Net RAM in module/entity imem does not have driver. [C:/Users/aaron/OneDrive/Desktop/projectLab5/projectLab5.srcs/sources_1/new/imem.sv:16]
WARNING: [Synth 8-3848] Net RAM in module/entity imem does not have driver. [C:/Users/aaron/OneDrive/Desktop/projectLab5/projectLab5.srcs/sources_1/new/imem.sv:16]
WARNING: [Synth 8-3848] Net RAM in module/entity imem does not have driver. [C:/Users/aaron/OneDrive/Desktop/projectLab5/projectLab5.srcs/sources_1/new/imem.sv:16]
WARNING: [Synth 8-3848] Net RAM in module/entity imem does not have driver. [C:/Users/aaron/OneDrive/Desktop/projectLab5/projectLab5.srcs/sources_1/new/imem.sv:16]
WARNING: [Synth 8-3848] Net RAM in module/entity imem does not have driver. [C:/Users/aaron/OneDrive/Desktop/projectLab5/projectLab5.srcs/sources_1/new/imem.sv:16]
WARNING: [Synth 8-3848] Net RAM in module/entity imem does not have driver. [C:/Users/aaron/OneDrive/Desktop/projectLab5/projectLab5.srcs/sources_1/new/imem.sv:16]
WARNING: [Synth 8-3848] Net RAM in module/entity imem does not have driver. [C:/Users/aaron/OneDrive/Desktop/projectLab5/projectLab5.srcs/sources_1/new/imem.sv:16]
WARNING: [Synth 8-3848] Net RAM in module/entity imem does not have driver. [C:/Users/aaron/OneDrive/Desktop/projectLab5/projectLab5.srcs/sources_1/new/imem.sv:16]
WARNING: [Synth 8-3848] Net RAM in module/entity imem does not have driver. [C:/Users/aaron/OneDrive/Desktop/projectLab5/projectLab5.srcs/sources_1/new/imem.sv:16]
WARNING: [Synth 8-3848] Net RAM in module/entity imem does not have driver. [C:/Users/aaron/OneDrive/Desktop/projectLab5/projectLab5.srcs/sources_1/new/imem.sv:16]
WARNING: [Synth 8-3848] Net RAM in module/entity imem does not have driver. [C:/Users/aaron/OneDrive/Desktop/projectLab5/projectLab5.srcs/sources_1/new/imem.sv:16]
WARNING: [Synth 8-3848] Net RAM in module/entity imem does not have driver. [C:/Users/aaron/OneDrive/Desktop/projectLab5/projectLab5.srcs/sources_1/new/imem.sv:16]
WARNING: [Synth 8-3848] Net RAM in module/entity imem does not have driver. [C:/Users/aaron/OneDrive/Desktop/projectLab5/projectLab5.srcs/sources_1/new/imem.sv:16]
WARNING: [Synth 8-3848] Net RAM in module/entity imem does not have driver. [C:/Users/aaron/OneDrive/Desktop/projectLab5/projectLab5.srcs/sources_1/new/imem.sv:16]
WARNING: [Synth 8-3848] Net RAM in module/entity imem does not have driver. [C:/Users/aaron/OneDrive/Desktop/projectLab5/projectLab5.srcs/sources_1/new/imem.sv:16]
WARNING: [Synth 8-3848] Net RAM in module/entity imem does not have driver. [C:/Users/aaron/OneDrive/Desktop/projectLab5/projectLab5.srcs/sources_1/new/imem.sv:16]
WARNING: [Synth 8-3848] Net RAM in module/entity imem does not have driver. [C:/Users/aaron/OneDrive/Desktop/projectLab5/projectLab5.srcs/sources_1/new/imem.sv:16]
WARNING: [Synth 8-3848] Net RAM in module/entity imem does not have driver. [C:/Users/aaron/OneDrive/Desktop/projectLab5/projectLab5.srcs/sources_1/new/imem.sv:16]
WARNING: [Synth 8-3848] Net RAM in module/entity imem does not have driver. [C:/Users/aaron/OneDrive/Desktop/projectLab5/projectLab5.srcs/sources_1/new/imem.sv:16]
WARNING: [Synth 8-3848] Net RAM in module/entity imem does not have driver. [C:/Users/aaron/OneDrive/Desktop/projectLab5/projectLab5.srcs/sources_1/new/imem.sv:16]
WARNING: [Synth 8-3848] Net RAM in module/entity imem does not have driver. [C:/Users/aaron/OneDrive/Desktop/projectLab5/projectLab5.srcs/sources_1/new/imem.sv:16]
WARNING: [Synth 8-3848] Net RAM in module/entity imem does not have driver. [C:/Users/aaron/OneDrive/Desktop/projectLab5/projectLab5.srcs/sources_1/new/imem.sv:16]
WARNING: [Synth 8-3848] Net RAM in module/entity imem does not have driver. [C:/Users/aaron/OneDrive/Desktop/projectLab5/projectLab5.srcs/sources_1/new/imem.sv:16]
WARNING: [Synth 8-3848] Net RAM in module/entity imem does not have driver. [C:/Users/aaron/OneDrive/Desktop/projectLab5/projectLab5.srcs/sources_1/new/imem.sv:16]
WARNING: [Synth 8-3848] Net RAM in module/entity imem does not have driver. [C:/Users/aaron/OneDrive/Desktop/projectLab5/projectLab5.srcs/sources_1/new/imem.sv:16]
WARNING: [Synth 8-3848] Net RAM in module/entity imem does not have driver. [C:/Users/aaron/OneDrive/Desktop/projectLab5/projectLab5.srcs/sources_1/new/imem.sv:16]
WARNING: [Synth 8-3848] Net RAM in module/entity imem does not have driver. [C:/Users/aaron/OneDrive/Desktop/projectLab5/projectLab5.srcs/sources_1/new/imem.sv:16]
WARNING: [Synth 8-3848] Net RAM in module/entity imem does not have driver. [C:/Users/aaron/OneDrive/Desktop/projectLab5/projectLab5.srcs/sources_1/new/imem.sv:16]
WARNING: [Synth 8-3848] Net RAM in module/entity imem does not have driver. [C:/Users/aaron/OneDrive/Desktop/projectLab5/projectLab5.srcs/sources_1/new/imem.sv:16]
WARNING: [Synth 8-3848] Net RAM in module/entity imem does not have driver. [C:/Users/aaron/OneDrive/Desktop/projectLab5/projectLab5.srcs/sources_1/new/imem.sv:16]
WARNING: [Synth 8-3848] Net RAM in module/entity imem does not have driver. [C:/Users/aaron/OneDrive/Desktop/projectLab5/projectLab5.srcs/sources_1/new/imem.sv:16]
WARNING: [Synth 8-3848] Net RAM in module/entity imem does not have driver. [C:/Users/aaron/OneDrive/Desktop/projectLab5/projectLab5.srcs/sources_1/new/imem.sv:16]
WARNING: [Synth 8-3848] Net RAM in module/entity imem does not have driver. [C:/Users/aaron/OneDrive/Desktop/projectLab5/projectLab5.srcs/sources_1/new/imem.sv:16]
WARNING: [Synth 8-3848] Net RAM in module/entity imem does not have driver. [C:/Users/aaron/OneDrive/Desktop/projectLab5/projectLab5.srcs/sources_1/new/imem.sv:16]
WARNING: [Synth 8-3848] Net RAM in module/entity imem does not have driver. [C:/Users/aaron/OneDrive/Desktop/projectLab5/projectLab5.srcs/sources_1/new/imem.sv:16]
WARNING: [Synth 8-3848] Net RAM in module/entity imem does not have driver. [C:/Users/aaron/OneDrive/Desktop/projectLab5/projectLab5.srcs/sources_1/new/imem.sv:16]
WARNING: [Synth 8-3848] Net RAM in module/entity imem does not have driver. [C:/Users/aaron/OneDrive/Desktop/projectLab5/projectLab5.srcs/sources_1/new/imem.sv:16]
WARNING: [Synth 8-3848] Net RAM in module/entity imem does not have driver. [C:/Users/aaron/OneDrive/Desktop/projectLab5/projectLab5.srcs/sources_1/new/imem.sv:16]
WARNING: [Synth 8-3848] Net RAM in module/entity imem does not have driver. [C:/Users/aaron/OneDrive/Desktop/projectLab5/projectLab5.srcs/sources_1/new/imem.sv:16]
WARNING: [Synth 8-3848] Net RAM in module/entity imem does not have driver. [C:/Users/aaron/OneDrive/Desktop/projectLab5/projectLab5.srcs/sources_1/new/imem.sv:16]
WARNING: [Synth 8-3848] Net RAM in module/entity imem does not have driver. [C:/Users/aaron/OneDrive/Desktop/projectLab5/projectLab5.srcs/sources_1/new/imem.sv:16]
WARNING: [Synth 8-87] always_comb on 'ALUControl_reg' did not result in combinational logic [C:/Users/aaron/OneDrive/Desktop/projectLab5/projectLab5.srcs/sources_1/imports/Desktop/Lab4/aludec.sv:12]
WARNING: [Synth 8-3848] Net ResultSrcD in module/entity idecode does not have driver. [C:/Users/aaron/OneDrive/Desktop/projectLab5/projectLab5.srcs/sources_1/new/idecode.sv:47]
WARNING: [Synth 8-87] always_comb on 'ALUResultE_reg' did not result in combinational logic [C:/Users/aaron/OneDrive/Desktop/projectLab5/projectLab5.srcs/sources_1/imports/Desktop/Lab4/alu.sv:18]
WARNING: [Synth 8-3848] Net ZeroE in module/entity alu does not have driver. [C:/Users/aaron/OneDrive/Desktop/projectLab5/projectLab5.srcs/sources_1/imports/Desktop/Lab4/alu.sv:4]
WARNING: [Synth 8-7129] Port clk in module iwriteback is either unconnected or has no load
WARNING: [Synth 8-7129] Port reset in module iwriteback is either unconnected or has no load
WARNING: [Synth 8-7129] Port a[31] in module dmem is either unconnected or has no load
WARNING: [Synth 8-7129] Port a[30] in module dmem is either unconnected or has no load
WARNING: [Synth 8-7129] Port a[29] in module dmem is either unconnected or has no load
WARNING: [Synth 8-7129] Port a[28] in module dmem is either unconnected or has no load
WARNING: [Synth 8-7129] Port a[27] in module dmem is either unconnected or has no load
WARNING: [Synth 8-7129] Port a[26] in module dmem is either unconnected or has no load
WARNING: [Synth 8-7129] Port a[25] in module dmem is either unconnected or has no load
WARNING: [Synth 8-7129] Port a[24] in module dmem is either unconnected or has no load
WARNING: [Synth 8-7129] Port a[23] in module dmem is either unconnected or has no load
WARNING: [Synth 8-7129] Port a[22] in module dmem is either unconnected or has no load
WARNING: [Synth 8-7129] Port a[21] in module dmem is either unconnected or has no load
WARNING: [Synth 8-7129] Port a[20] in module dmem is either unconnected or has no load
WARNING: [Synth 8-7129] Port a[19] in module dmem is either unconnected or has no load
WARNING: [Synth 8-7129] Port a[18] in module dmem is either unconnected or has no load
WARNING: [Synth 8-7129] Port a[17] in module dmem is either unconnected or has no load
WARNING: [Synth 8-7129] Port a[16] in module dmem is either unconnected or has no load
WARNING: [Synth 8-7129] Port a[15] in module dmem is either unconnected or has no load
WARNING: [Synth 8-7129] Port a[14] in module dmem is either unconnected or has no load
WARNING: [Synth 8-7129] Port a[13] in module dmem is either unconnected or has no load
WARNING: [Synth 8-7129] Port a[12] in module dmem is either unconnected or has no load
WARNING: [Synth 8-7129] Port a[11] in module dmem is either unconnected or has no load
WARNING: [Synth 8-7129] Port a[10] in module dmem is either unconnected or has no load
WARNING: [Synth 8-7129] Port a[9] in module dmem is either unconnected or has no load
WARNING: [Synth 8-7129] Port a[8] in module dmem is either unconnected or has no load
WARNING: [Synth 8-7129] Port a[1] in module dmem is either unconnected or has no load
WARNING: [Synth 8-7129] Port a[0] in module dmem is either unconnected or has no load
WARNING: [Synth 8-7129] Port ZeroE in module alu is either unconnected or has no load
WARNING: [Synth 8-7129] Port a[31] in module imem is either unconnected or has no load
WARNING: [Synth 8-7129] Port a[30] in module imem is either unconnected or has no load
WARNING: [Synth 8-7129] Port a[29] in module imem is either unconnected or has no load
WARNING: [Synth 8-7129] Port a[28] in module imem is either unconnected or has no load
WARNING: [Synth 8-7129] Port a[27] in module imem is either unconnected or has no load
WARNING: [Synth 8-7129] Port a[26] in module imem is either unconnected or has no load
WARNING: [Synth 8-7129] Port a[25] in module imem is either unconnected or has no load
WARNING: [Synth 8-7129] Port a[24] in module imem is either unconnected or has no load
WARNING: [Synth 8-7129] Port a[23] in module imem is either unconnected or has no load
WARNING: [Synth 8-7129] Port a[22] in module imem is either unconnected or has no load
WARNING: [Synth 8-7129] Port a[21] in module imem is either unconnected or has no load
WARNING: [Synth 8-7129] Port a[20] in module imem is either unconnected or has no load
WARNING: [Synth 8-7129] Port a[19] in module imem is either unconnected or has no load
WARNING: [Synth 8-7129] Port a[18] in module imem is either unconnected or has no load
WARNING: [Synth 8-7129] Port a[17] in module imem is either unconnected or has no load
WARNING: [Synth 8-7129] Port a[16] in module imem is either unconnected or has no load
WARNING: [Synth 8-7129] Port a[15] in module imem is either unconnected or has no load
WARNING: [Synth 8-7129] Port a[14] in module imem is either unconnected or has no load
WARNING: [Synth 8-7129] Port a[13] in module imem is either unconnected or has no load
WARNING: [Synth 8-7129] Port a[12] in module imem is either unconnected or has no load
WARNING: [Synth 8-7129] Port a[11] in module imem is either unconnected or has no load
WARNING: [Synth 8-7129] Port a[10] in module imem is either unconnected or has no load
WARNING: [Synth 8-7129] Port a[9] in module imem is either unconnected or has no load
WARNING: [Synth 8-7129] Port a[8] in module imem is either unconnected or has no load
WARNING: [Synth 8-7129] Port a[1] in module imem is either unconnected or has no load
WARNING: [Synth 8-7129] Port a[0] in module imem is either unconnected or has no load
---------------------------------------------------------------------------------
Finished Synthesize : Time (s): cpu = 00:00:04 ; elapsed = 00:00:04 . Memory (MB): peak = 924.770 ; gain = 505.016
---------------------------------------------------------------------------------
---------------------------------------------------------------------------------
Finished Constraint Validation : Time (s): cpu = 00:00:04 ; elapsed = 00:00:05 . Memory (MB): peak = 924.770 ; gain = 505.016
---------------------------------------------------------------------------------
---------------------------------------------------------------------------------
Start Loading Part and Timing Information
---------------------------------------------------------------------------------
Loading part: xc7k70tfbv676-1
INFO: [Device 21-403] Loading part xc7k70tfbv676-1
---------------------------------------------------------------------------------
Finished Loading Part and Timing Information : Time (s): cpu = 00:00:04 ; elapsed = 00:00:05 . Memory (MB): peak = 924.770 ; gain = 505.016
---------------------------------------------------------------------------------
WARNING: [Synth 8-327] inferring latch for variable 'ALUControl_reg' [C:/Users/aaron/OneDrive/Desktop/projectLab5/projectLab5.srcs/sources_1/imports/Desktop/Lab4/aludec.sv:12]
WARNING: [Synth 8-327] inferring latch for variable 'ALUResultE_reg' [C:/Users/aaron/OneDrive/Desktop/projectLab5/projectLab5.srcs/sources_1/imports/Desktop/Lab4/alu.sv:18]
---------------------------------------------------------------------------------
Finished RTL Optimization Phase 2 : Time (s): cpu = 00:00:05 ; elapsed = 00:00:05 . Memory (MB): peak = 924.770 ; gain = 505.016
---------------------------------------------------------------------------------
No constraint files found.
---------------------------------------------------------------------------------
Start RTL Component Statistics 
---------------------------------------------------------------------------------
Detailed RTL Component Info : 
+---Adders : 
	   2 Input   32 Bit       Adders := 2     
	   3 Input   32 Bit       Adders := 1     
+---Registers : 
	               32 Bit    Registers := 15    
	                5 Bit    Registers := 3     
	                3 Bit    Registers := 1     
	                2 Bit    Registers := 3     
	                1 Bit    Registers := 8     
+---Muxes : 
	   2 Input   32 Bit        Muxes := 7     
	   4 Input   32 Bit        Muxes := 1     
	   7 Input   11 Bit        Muxes := 1     
	   4 Input    3 Bit        Muxes := 2     
	   2 Input    1 Bit        Muxes := 2     
	   4 Input    1 Bit        Muxes := 2     
	   6 Input    1 Bit        Muxes := 1     
---------------------------------------------------------------------------------
Finished RTL Component Statistics 
---------------------------------------------------------------------------------
---------------------------------------------------------------------------------
Start Part Resource Summary
---------------------------------------------------------------------------------
Part Resources:
DSPs: 240 (col length:80)
BRAMs: 270 (col length: RAMB18 80 RAMB36 40)
---------------------------------------------------------------------------------
Finished Part Resource Summary
---------------------------------------------------------------------------------
No constraint files found.
---------------------------------------------------------------------------------
Start Cross Boundary and Area Optimization
---------------------------------------------------------------------------------
WARNING: [Synth 8-7080] Parallel synthesis criteria is not met
WARNING: [Synth 8-4767] Trying to implement RAM 'idecode/regfile/rf_reg' in registers. Block RAM or DRAM implementation is not possible; see log for reasons.
Reason is one or more of the following :
	1: No valid clock found for write to RAM. 
RAM "idecode/regfile/rf_reg" dissolved into registers
WARNING: [Synth 8-4767] Trying to implement RAM 'imemory/dmem/RAM_reg' in registers. Block RAM or DRAM implementation is not possible; see log for reasons.
Reason is one or more of the following :
	1: No valid clock found for write to RAM. 
RAM "imemory/dmem/RAM_reg" dissolved into registers
WARNING: [Synth 8-7129] Port a[31] in module imem is either unconnected or has no load
WARNING: [Synth 8-7129] Port a[30] in module imem is either unconnected or has no load
WARNING: [Synth 8-7129] Port a[29] in module imem is either unconnected or has no load
WARNING: [Synth 8-7129] Port a[28] in module imem is either unconnected or has no load
WARNING: [Synth 8-7129] Port a[27] in module imem is either unconnected or has no load
WARNING: [Synth 8-7129] Port a[26] in module imem is either unconnected or has no load
WARNING: [Synth 8-7129] Port a[25] in module imem is either unconnected or has no load
WARNING: [Synth 8-7129] Port a[24] in module imem is either unconnected or has no load
WARNING: [Synth 8-7129] Port a[23] in module imem is either unconnected or has no load
WARNING: [Synth 8-7129] Port a[22] in module imem is either unconnected or has no load
WARNING: [Synth 8-7129] Port a[21] in module imem is either unconnected or has no load
WARNING: [Synth 8-7129] Port a[20] in module imem is either unconnected or has no load
WARNING: [Synth 8-7129] Port a[19] in module imem is either unconnected or has no load
WARNING: [Synth 8-7129] Port a[18] in module imem is either unconnected or has no load
WARNING: [Synth 8-7129] Port a[17] in module imem is either unconnected or has no load
WARNING: [Synth 8-7129] Port a[16] in module imem is either unconnected or has no load
WARNING: [Synth 8-7129] Port a[15] in module imem is either unconnected or has no load
WARNING: [Synth 8-7129] Port a[14] in module imem is either unconnected or has no load
WARNING: [Synth 8-7129] Port a[13] in module imem is either unconnected or has no load
WARNING: [Synth 8-7129] Port a[12] in module imem is either unconnected or has no load
WARNING: [Synth 8-7129] Port a[11] in module imem is either unconnected or has no load
WARNING: [Synth 8-7129] Port a[10] in module imem is either unconnected or has no load
WARNING: [Synth 8-7129] Port a[9] in module imem is either unconnected or has no load
WARNING: [Synth 8-7129] Port a[8] in module imem is either unconnected or has no load
WARNING: [Synth 8-7129] Port a[1] in module imem is either unconnected or has no load
WARNING: [Synth 8-7129] Port a[0] in module imem is either unconnected or has no load
WARNING: [Synth 8-3332] Sequential element (idecode/cntrl/ad/ALUControl_reg[2]) is unused and will be removed from module pipeline.
WARNING: [Synth 8-3332] Sequential element (idecode/cntrl/ad/ALUControl_reg[1]) is unused and will be removed from module pipeline.
WARNING: [Synth 8-3332] Sequential element (idecode/cntrl/ad/ALUControl_reg[0]) is unused and will be removed from module pipeline.
WARNING: [Synth 8-3332] Sequential element (iexecute/alu/ALUResultE_reg[31]) is unused and will be removed from module pipeline.
WARNING: [Synth 8-3332] Sequential element (iexecute/alu/ALUResultE_reg[30]) is unused and will be removed from module pipeline.
WARNING: [Synth 8-3332] Sequential element (iexecute/alu/ALUResultE_reg[29]) is unused and will be removed from module pipeline.
WARNING: [Synth 8-3332] Sequential element (iexecute/alu/ALUResultE_reg[28]) is unused and will be removed from module pipeline.
WARNING: [Synth 8-3332] Sequential element (iexecute/alu/ALUResultE_reg[27]) is unused and will be removed from module pipeline.
WARNING: [Synth 8-3332] Sequential element (iexecute/alu/ALUResultE_reg[26]) is unused and will be removed from module pipeline.
WARNING: [Synth 8-3332] Sequential element (iexecute/alu/ALUResultE_reg[25]) is unused and will be removed from module pipeline.
WARNING: [Synth 8-3332] Sequential element (iexecute/alu/ALUResultE_reg[24]) is unused and will be removed from module pipeline.
WARNING: [Synth 8-3332] Sequential element (iexecute/alu/ALUResultE_reg[23]) is unused and will be removed from module pipeline.
WARNING: [Synth 8-3332] Sequential element (iexecute/alu/ALUResultE_reg[22]) is unused and will be removed from module pipeline.
WARNING: [Synth 8-3332] Sequential element (iexecute/alu/ALUResultE_reg[21]) is unused and will be removed from module pipeline.
WARNING: [Synth 8-3332] Sequential element (iexecute/alu/ALUResultE_reg[20]) is unused and will be removed from module pipeline.
WARNING: [Synth 8-3332] Sequential element (iexecute/alu/ALUResultE_reg[19]) is unused and will be removed from module pipeline.
WARNING: [Synth 8-3332] Sequential element (iexecute/alu/ALUResultE_reg[18]) is unused and will be removed from module pipeline.
WARNING: [Synth 8-3332] Sequential element (iexecute/alu/ALUResultE_reg[17]) is unused and will be removed from module pipeline.
WARNING: [Synth 8-3332] Sequential element (iexecute/alu/ALUResultE_reg[16]) is unused and will be removed from module pipeline.
WARNING: [Synth 8-3332] Sequential element (iexecute/alu/ALUResultE_reg[15]) is unused and will be removed from module pipeline.
WARNING: [Synth 8-3332] Sequential element (iexecute/alu/ALUResultE_reg[14]) is unused and will be removed from module pipeline.
WARNING: [Synth 8-3332] Sequential element (iexecute/alu/ALUResultE_reg[13]) is unused and will be removed from module pipeline.
WARNING: [Synth 8-3332] Sequential element (iexecute/alu/ALUResultE_reg[12]) is unused and will be removed from module pipeline.
WARNING: [Synth 8-3332] Sequential element (iexecute/alu/ALUResultE_reg[11]) is unused and will be removed from module pipeline.
WARNING: [Synth 8-3332] Sequential element (iexecute/alu/ALUResultE_reg[10]) is unused and will be removed from module pipeline.
WARNING: [Synth 8-3332] Sequential element (iexecute/alu/ALUResultE_reg[9]) is unused and will be removed from module pipeline.
WARNING: [Synth 8-3332] Sequential element (iexecute/alu/ALUResultE_reg[8]) is unused and will be removed from module pipeline.
WARNING: [Synth 8-3332] Sequential element (iexecute/alu/ALUResultE_reg[7]) is unused and will be removed from module pipeline.
WARNING: [Synth 8-3332] Sequential element (iexecute/alu/ALUResultE_reg[6]) is unused and will be removed from module pipeline.
WARNING: [Synth 8-3332] Sequential element (iexecute/alu/ALUResultE_reg[5]) is unused and will be removed from module pipeline.
WARNING: [Synth 8-3332] Sequential element (iexecute/alu/ALUResultE_reg[4]) is unused and will be removed from module pipeline.
WARNING: [Synth 8-3332] Sequential element (iexecute/alu/ALUResultE_reg[3]) is unused and will be removed from module pipeline.
WARNING: [Synth 8-3332] Sequential element (iexecute/alu/ALUResultE_reg[2]) is unused and will be removed from module pipeline.
WARNING: [Synth 8-3332] Sequential element (iexecute/alu/ALUResultE_reg[1]) is unused and will be removed from module pipeline.
WARNING: [Synth 8-3332] Sequential element (iexecute/alu/ALUResultE_reg[0]) is unused and will be removed from module pipeline.
WARNING: [Synth 8-3332] Sequential element (idecode/regfile/rf_reg[0][31]) is unused and will be removed from module pipeline.
WARNING: [Synth 8-3332] Sequential element (idecode/regfile/rf_reg[0][30]) is unused and will be removed from module pipeline.
WARNING: [Synth 8-3332] Sequential element (idecode/regfile/rf_reg[0][29]) is unused and will be removed from module pipeline.
WARNING: [Synth 8-3332] Sequential element (idecode/regfile/rf_reg[0][28]) is unused and will be removed from module pipeline.
WARNING: [Synth 8-3332] Sequential element (idecode/regfile/rf_reg[0][27]) is unused and will be removed from module pipeline.
WARNING: [Synth 8-3332] Sequential element (idecode/regfile/rf_reg[0][26]) is unused and will be removed from module pipeline.
WARNING: [Synth 8-3332] Sequential element (idecode/regfile/rf_reg[0][25]) is unused and will be removed from module pipeline.
WARNING: [Synth 8-3332] Sequential element (idecode/regfile/rf_reg[0][24]) is unused and will be removed from module pipeline.
WARNING: [Synth 8-3332] Sequential element (idecode/regfile/rf_reg[0][23]) is unused and will be removed from module pipeline.
WARNING: [Synth 8-3332] Sequential element (idecode/regfile/rf_reg[0][22]) is unused and will be removed from module pipeline.
WARNING: [Synth 8-3332] Sequential element (idecode/regfile/rf_reg[0][21]) is unused and will be removed from module pipeline.
WARNING: [Synth 8-3332] Sequential element (idecode/regfile/rf_reg[0][20]) is unused and will be removed from module pipeline.
WARNING: [Synth 8-3332] Sequential element (idecode/regfile/rf_reg[0][19]) is unused and will be removed from module pipeline.
WARNING: [Synth 8-3332] Sequential element (idecode/regfile/rf_reg[0][18]) is unused and will be removed from module pipeline.
WARNING: [Synth 8-3332] Sequential element (idecode/regfile/rf_reg[0][17]) is unused and will be removed from module pipeline.
WARNING: [Synth 8-3332] Sequential element (idecode/regfile/rf_reg[0][16]) is unused and will be removed from module pipeline.
WARNING: [Synth 8-3332] Sequential element (idecode/regfile/rf_reg[0][15]) is unused and will be removed from module pipeline.
WARNING: [Synth 8-3332] Sequential element (idecode/regfile/rf_reg[0][14]) is unused and will be removed from module pipeline.
WARNING: [Synth 8-3332] Sequential element (idecode/regfile/rf_reg[0][13]) is unused and will be removed from module pipeline.
WARNING: [Synth 8-3332] Sequential element (idecode/regfile/rf_reg[0][12]) is unused and will be removed from module pipeline.
WARNING: [Synth 8-3332] Sequential element (idecode/regfile/rf_reg[0][11]) is unused and will be removed from module pipeline.
WARNING: [Synth 8-3332] Sequential element (idecode/regfile/rf_reg[0][10]) is unused and will be removed from module pipeline.
WARNING: [Synth 8-3332] Sequential element (idecode/regfile/rf_reg[0][9]) is unused and will be removed from module pipeline.
WARNING: [Synth 8-3332] Sequential element (idecode/regfile/rf_reg[0][8]) is unused and will be removed from module pipeline.
WARNING: [Synth 8-3332] Sequential element (idecode/regfile/rf_reg[0][7]) is unused and will be removed from module pipeline.
WARNING: [Synth 8-3332] Sequential element (idecode/regfile/rf_reg[0][6]) is unused and will be removed from module pipeline.
WARNING: [Synth 8-3332] Sequential element (idecode/regfile/rf_reg[0][5]) is unused and will be removed from module pipeline.
WARNING: [Synth 8-3332] Sequential element (idecode/regfile/rf_reg[0][4]) is unused and will be removed from module pipeline.
WARNING: [Synth 8-3332] Sequential element (idecode/regfile/rf_reg[0][3]) is unused and will be removed from module pipeline.
WARNING: [Synth 8-3332] Sequential element (idecode/regfile/rf_reg[0][2]) is unused and will be removed from module pipeline.
WARNING: [Synth 8-3332] Sequential element (idecode/regfile/rf_reg[0][1]) is unused and will be removed from module pipeline.
WARNING: [Synth 8-3332] Sequential element (idecode/regfile/rf_reg[0][0]) is unused and will be removed from module pipeline.
WARNING: [Synth 8-3332] Sequential element (idecode/regfile/rf_reg[1][31]) is unused and will be removed from module pipeline.
WARNING: [Synth 8-3332] Sequential element (idecode/regfile/rf_reg[1][30]) is unused and will be removed from module pipeline.
WARNING: [Synth 8-3332] Sequential element (idecode/regfile/rf_reg[1][29]) is unused and will be removed from module pipeline.
WARNING: [Synth 8-3332] Sequential element (idecode/regfile/rf_reg[1][28]) is unused and will be removed from module pipeline.
WARNING: [Synth 8-3332] Sequential element (idecode/regfile/rf_reg[1][27]) is unused and will be removed from module pipeline.
WARNING: [Synth 8-3332] Sequential element (idecode/regfile/rf_reg[1][26]) is unused and will be removed from module pipeline.
WARNING: [Synth 8-3332] Sequential element (idecode/regfile/rf_reg[1][25]) is unused and will be removed from module pipeline.
WARNING: [Synth 8-3332] Sequential element (idecode/regfile/rf_reg[1][24]) is unused and will be removed from module pipeline.
WARNING: [Synth 8-3332] Sequential element (idecode/regfile/rf_reg[1][23]) is unused and will be removed from module pipeline.
WARNING: [Synth 8-3332] Sequential element (idecode/regfile/rf_reg[1][22]) is unused and will be removed from module pipeline.
WARNING: [Synth 8-3332] Sequential element (idecode/regfile/rf_reg[1][21]) is unused and will be removed from module pipeline.
WARNING: [Synth 8-3332] Sequential element (idecode/regfile/rf_reg[1][20]) is unused and will be removed from module pipeline.
WARNING: [Synth 8-3332] Sequential element (idecode/regfile/rf_reg[1][19]) is unused and will be removed from module pipeline.
WARNING: [Synth 8-3332] Sequential element (idecode/regfile/rf_reg[1][18]) is unused and will be removed from module pipeline.
WARNING: [Synth 8-3332] Sequential element (idecode/regfile/rf_reg[1][17]) is unused and will be removed from module pipeline.
WARNING: [Synth 8-3332] Sequential element (idecode/regfile/rf_reg[1][16]) is unused and will be removed from module pipeline.
WARNING: [Synth 8-3332] Sequential element (idecode/regfile/rf_reg[1][15]) is unused and will be removed from module pipeline.
WARNING: [Synth 8-3332] Sequential element (idecode/regfile/rf_reg[1][14]) is unused and will be removed from module pipeline.
WARNING: [Synth 8-3332] Sequential element (idecode/regfile/rf_reg[1][13]) is unused and will be removed from module pipeline.
WARNING: [Synth 8-3332] Sequential element (idecode/regfile/rf_reg[1][12]) is unused and will be removed from module pipeline.
WARNING: [Synth 8-3332] Sequential element (idecode/regfile/rf_reg[1][11]) is unused and will be removed from module pipeline.
WARNING: [Synth 8-3332] Sequential element (idecode/regfile/rf_reg[1][10]) is unused and will be removed from module pipeline.
WARNING: [Synth 8-3332] Sequential element (idecode/regfile/rf_reg[1][9]) is unused and will be removed from module pipeline.
WARNING: [Synth 8-3332] Sequential element (idecode/regfile/rf_reg[1][8]) is unused and will be removed from module pipeline.
WARNING: [Synth 8-3332] Sequential element (idecode/regfile/rf_reg[1][7]) is unused and will be removed from module pipeline.
WARNING: [Synth 8-3332] Sequential element (idecode/regfile/rf_reg[1][6]) is unused and will be removed from module pipeline.
WARNING: [Synth 8-3332] Sequential element (idecode/regfile/rf_reg[1][5]) is unused and will be removed from module pipeline.
WARNING: [Synth 8-3332] Sequential element (idecode/regfile/rf_reg[1][4]) is unused and will be removed from module pipeline.
WARNING: [Synth 8-3332] Sequential element (idecode/regfile/rf_reg[1][3]) is unused and will be removed from module pipeline.
WARNING: [Synth 8-3332] Sequential element (idecode/regfile/rf_reg[1][2]) is unused and will be removed from module pipeline.
WARNING: [Synth 8-3332] Sequential element (idecode/regfile/rf_reg[1][1]) is unused and will be removed from module pipeline.
WARNING: [Synth 8-3332] Sequential element (idecode/regfile/rf_reg[1][0]) is unused and will be removed from module pipeline.
WARNING: [Synth 8-3332] Sequential element (idecode/regfile/rf_reg[2][31]) is unused and will be removed from module pipeline.
INFO: [Common 17-14] Message 'Synth 8-3332' appears 100 times and further instances of the messages will be disabled. Use the Tcl command set_msg_config to change the current settings.
---------------------------------------------------------------------------------
Finished Cross Boundary and Area Optimization : Time (s): cpu = 00:00:08 ; elapsed = 00:00:09 . Memory (MB): peak = 1107.984 ; gain = 688.230
---------------------------------------------------------------------------------
No constraint files found.
---------------------------------------------------------------------------------
Start Timing Optimization
---------------------------------------------------------------------------------
---------------------------------------------------------------------------------
Finished Timing Optimization : Time (s): cpu = 00:00:08 ; elapsed = 00:00:09 . Memory (MB): peak = 1107.984 ; gain = 688.230
---------------------------------------------------------------------------------
---------------------------------------------------------------------------------
Start Technology Mapping
---------------------------------------------------------------------------------
---------------------------------------------------------------------------------
Finished Technology Mapping : Time (s): cpu = 00:00:08 ; elapsed = 00:00:09 . Memory (MB): peak = 1107.984 ; gain = 688.230
---------------------------------------------------------------------------------
---------------------------------------------------------------------------------
Start IO Insertion
---------------------------------------------------------------------------------
---------------------------------------------------------------------------------
Start Flattening Before IO Insertion
---------------------------------------------------------------------------------
---------------------------------------------------------------------------------
Finished Flattening Before IO Insertion
---------------------------------------------------------------------------------
---------------------------------------------------------------------------------
Start Final Netlist Cleanup
---------------------------------------------------------------------------------
---------------------------------------------------------------------------------
Finished Final Netlist Cleanup
---------------------------------------------------------------------------------
---------------------------------------------------------------------------------
Finished IO Insertion : Time (s): cpu = 00:00:11 ; elapsed = 00:00:12 . Memory (MB): peak = 1107.984 ; gain = 688.230
---------------------------------------------------------------------------------
---------------------------------------------------------------------------------
Start Renaming Generated Instances
---------------------------------------------------------------------------------
---------------------------------------------------------------------------------
Finished Renaming Generated Instances : Time (s): cpu = 00:00:11 ; elapsed = 00:00:12 . Memory (MB): peak = 1107.984 ; gain = 688.230
---------------------------------------------------------------------------------
---------------------------------------------------------------------------------
Start Rebuilding User Hierarchy
---------------------------------------------------------------------------------
---------------------------------------------------------------------------------
Finished Rebuilding User Hierarchy : Time (s): cpu = 00:00:11 ; elapsed = 00:00:12 . Memory (MB): peak = 1107.984 ; gain = 688.230
---------------------------------------------------------------------------------
---------------------------------------------------------------------------------
Start Renaming Generated Ports
---------------------------------------------------------------------------------
---------------------------------------------------------------------------------
Finished Renaming Generated Ports : Time (s): cpu = 00:00:11 ; elapsed = 00:00:12 . Memory (MB): peak = 1107.984 ; gain = 688.230
---------------------------------------------------------------------------------
---------------------------------------------------------------------------------
Start Handling Custom Attributes
---------------------------------------------------------------------------------
---------------------------------------------------------------------------------
Finished Handling Custom Attributes : Time (s): cpu = 00:00:11 ; elapsed = 00:00:12 . Memory (MB): peak = 1107.984 ; gain = 688.230
---------------------------------------------------------------------------------
---------------------------------------------------------------------------------
Start Renaming Generated Nets
---------------------------------------------------------------------------------
---------------------------------------------------------------------------------
Finished Renaming Generated Nets : Time (s): cpu = 00:00:11 ; elapsed = 00:00:12 . Memory (MB): peak = 1107.984 ; gain = 688.230
---------------------------------------------------------------------------------
---------------------------------------------------------------------------------
Start Writing Synthesis Report
---------------------------------------------------------------------------------

Report BlackBoxes: 
+-+--------------+----------+
| |BlackBox name |Instances |
+-+--------------+----------+
+-+--------------+----------+

Report Cell Usage: 
+-+-----+------+
| |Cell |Count |
+-+-----+------+
+-+-----+------+

Report Instance Areas: 
+------+---------+-------+------+
|      |Instance |Module |Cells |
+------+---------+-------+------+
|1     |top      |       |     0|
+------+---------+-------+------+
---------------------------------------------------------------------------------
Finished Writing Synthesis Report : Time (s): cpu = 00:00:11 ; elapsed = 00:00:12 . Memory (MB): peak = 1107.984 ; gain = 688.230
---------------------------------------------------------------------------------
Synthesis finished with 0 errors, 2 critical warnings and 3269 warnings.
Synthesis Optimization Runtime : Time (s): cpu = 00:00:11 ; elapsed = 00:00:12 . Memory (MB): peak = 1107.984 ; gain = 688.230
Synthesis Optimization Complete : Time (s): cpu = 00:00:11 ; elapsed = 00:00:12 . Memory (MB): peak = 1107.984 ; gain = 688.230
INFO: [Project 1-571] Translating synthesized netlist
Netlist sorting complete. Time (s): cpu = 00:00:00 ; elapsed = 00:00:00.001 . Memory (MB): peak = 1107.984 ; gain = 0.000
INFO: [Project 1-570] Preparing netlist for logic optimization
INFO: [Opt 31-138] Pushed 0 inverter(s) to 0 load pin(s).
Netlist sorting complete. Time (s): cpu = 00:00:00 ; elapsed = 00:00:00 . Memory (MB): peak = 1210.250 ; gain = 0.000
INFO: [Project 1-111] Unisim Transformation Summary:
No Unisim elements were transformed.

Synth Design complete, checksum: 6efd8480
INFO: [Common 17-83] Releasing license: Synthesis
63 Infos, 262 Warnings, 2 Critical Warnings and 0 Errors encountered.
synth_design completed successfully
synth_design: Time (s): cpu = 00:00:12 ; elapsed = 00:00:14 . Memory (MB): peak = 1210.250 ; gain = 815.383
INFO: [runtcl-6] Synthesis results are not added to the cache due to CRITICAL_WARNING
INFO: [Common 17-1381] The checkpoint 'C:/Users/aaron/OneDrive/Desktop/projectLab5/projectLab5.runs/synth_1/pipeline.dcp' has been generated.
INFO: [runtcl-4] Executing : report_utilization -file pipeline_utilization_synth.rpt -pb pipeline_utilization_synth.pb
INFO: [Common 17-206] Exiting Vivado at Tue Nov 19 20:23:10 2024...
