#
# There is insufficient memory for the Java Runtime Environment to continue.
# Native memory allocation (malloc) failed to allocate 2097152 bytes for AllocateHeap
# Possible reasons:
#   The system is out of physical RAM or swap space
#   The process is running with CompressedOops enabled, and the Java Heap may be blocking the growth of the native heap
# Possible solutions:
#   Reduce memory load on the system
#   Increase physical memory or swap space
#   Check if swap backing store is full
#   Decrease Java heap size (-Xmx/-Xms)
#   Decrease number of Java threads
#   Decrease Java thread stack sizes (-Xss)
#   Set larger code cache with -XX:ReservedCodeCacheSize=
#   JVM is running with Zero Based Compressed Oops mode in which the Java heap is
#     placed in the first 32GB address space. The Java Heap base address is the
#     maximum limit for the native heap growth. Please use -XX:HeapBaseMinAddress
#     to set the Java Heap base and to place the Java Heap above 32GB virtual address.
# This output file may be truncated or incomplete.
#
#  Out of Memory Error (t:/workspace/open/src/hotspot/share/memory/allocation.cpp:46), pid=9180, tid=10728
#
# JRE version: OpenJDK Runtime Environment (11.0.2+9) (build 11.0.2+9)
# Java VM: OpenJDK 64-Bit Server VM (11.0.2+9, mixed mode, tiered, compressed oops, g1 gc, windows-amd64)
# No core dump will be written. Minidumps are not enabled by default on client versions of Windows
#

---------------  S U M M A R Y ------------

Command Line: -Dsun.java2d.pmoffscreen=false -Dhttps.protocols=TLSv1,TLSv1.1,TLSv1.2 -Dsun.java2d.xrender=false -Dsun.java2d.d3d=false -Dsun.awt.nopixfmt=true -Dsun.java2d.dpiaware=true -Dsun.java2d.uiScale.enabled=false -Xverify:none -Dswing.aatext=true -XX:-UsePerfData -Djdk.map.althashing.threshold=512 -XX:StringTableSize=4072 --add-opens=java.base/java.nio=ALL-UNNAMED --add-opens=java.desktop/sun.swing=ALL-UNNAMED --add-opens=java.desktop/javax.swing=ALL-UNNAMED --add-opens=java.desktop/javax.swing.tree=ALL-UNNAMED --add-opens=java.desktop/javax.swing.plaf.basic=ALL-UNNAMED --add-opens=java.desktop/javax.swing.plaf.synth=ALL-UNNAMED --add-opens=java.desktop/com.sun.awt=ALL-UNNAMED -XX:NewSize=60m -XX:MaxNewSize=60m -Xms256m -Xmx3072m -Xss5m 

Host: Intel(R) Core(TM) i7-6700 CPU @ 3.40GHz, 8 cores, 3G,  Windows 10 , 64 bit Build 19041 (10.0.19041.2788)
Time: Wed May  3 14:35:37 2023 Pacific Daylight Time elapsed time: 507 seconds (0d 0h 8m 27s)

---------------  T H R E A D  ---------------

Current thread (0x000001a02c0c8800):  VMThread "VM Thread" [stack: 0x0000006adee00000,0x0000006adef00000] [id=10728]

Stack: [0x0000006adee00000,0x0000006adef00000]
[error occurred during error reporting (printing stack bounds), id 0xc0000005, EXCEPTION_ACCESS_VIOLATION (0xc0000005) at pc=0x000001a000000bad]

Native frames: (J=compiled Java code, j=interpreted, Vv=VM code, C=native code)
V  [jvm.dll+0x63489a]
V  [jvm.dll+0x771f9f]
V  [jvm.dll+0x773648]
V  [jvm.dll+0x773c65]
V  [jvm.dll+0x773c1b]
V  [jvm.dll+0x633fa6]
V  [jvm.dll+0x634368]
C  [ntdll.dll+0xa23df]
C  [ntdll.dll+0x514a4]
C  [ntdll.dll+0xa0f0e]
C  0x000001a000000bad

VM_Operation (0x0000006aef7fe9e0): G1CollectFull, mode: safepoint, requested by thread 0x000001a015c55800


---------------  P R O C E S S  ---------------

Threads class SMR info:
_java_thread_list=0x000001a022f72dc0, length=55, elements={
0x000001a050d2a800, 0x000001a0515f0000, 0x000001a04d99d000, 0x000001a04d6dd000,
0x000001a04e1ab800, 0x000001a04e1ac000, 0x000001a0506a8800, 0x000001a04d698800,
0x000001a0505b8800, 0x000001a0505b9800, 0x000001a035063000, 0x000001a051d6b000,
0x000001a0360d6000, 0x000001a035eec000, 0x000001a035a58000, 0x000001a036aa7800,
0x000001a0319ea000, 0x000001a051c25000, 0x000001a036b07800, 0x000001a036b06000,
0x000001a036b03800, 0x000001a036b06800, 0x000001a036b09000, 0x000001a03f88a800,
0x000001a03f88b800, 0x000001a03f88d000, 0x000001a03f88e000, 0x000001a03f88c800,
0x000001a03f88f800, 0x000001a043231800, 0x000001a043232800, 0x000001a043234000,
0x000001a043239000, 0x000001a043238000, 0x000001a043239800, 0x000001a043236800,
0x000001a043234800, 0x000001a043237000, 0x000001a043235800, 0x000001a04323c000,
0x000001a04323d800, 0x000001a03f888800, 0x000001a03f88f000, 0x000001a03f889000,
0x000001a036b08800, 0x000001a036b02800, 0x000001a04323a800, 0x000001a043e11800,
0x000001a061e4a000, 0x000001a015c4c000, 0x000001a015c4d800, 0x000001a015c4b000,
0x000001a015c4f000, 0x000001a015c55800, 0x000001a015c55000
}

Java Threads: ( => current thread )
  0x000001a050d2a800 JavaThread "main" [_thread_blocked, id=10568, stack(0x0000006ade800000,0x0000006ade900000)]
  0x000001a0515f0000 JavaThread "Reference Handler" daemon [_thread_blocked, id=8856, stack(0x0000006adef00000,0x0000006adf400000)]
  0x000001a04d99d000 JavaThread "Finalizer" daemon [_thread_blocked, id=11408, stack(0x0000006adf400000,0x0000006adf900000)]
  0x000001a04d6dd000 JavaThread "Signal Dispatcher" daemon [_thread_blocked, id=10096, stack(0x0000006adf900000,0x0000006adfe00000)]
  0x000001a04e1ab800 JavaThread "Attach Listener" daemon [_thread_blocked, id=7180, stack(0x0000006adfe00000,0x0000006ae0300000)]
  0x000001a04e1ac000 JavaThread "C2 CompilerThread0" daemon [_thread_blocked, id=11412, stack(0x0000006ae0300000,0x0000006ae0400000)]
  0x000001a0506a8800 JavaThread "C1 CompilerThread0" daemon [_thread_blocked, id=11988, stack(0x0000006ae0400000,0x0000006ae0500000)]
  0x000001a04d698800 JavaThread "Sweeper thread" daemon [_thread_blocked, id=8664, stack(0x0000006ae0500000,0x0000006ae0a00000)]
  0x000001a0505b8800 JavaThread "Common-Cleaner" daemon [_thread_blocked, id=11044, stack(0x0000006ae0b00000,0x0000006ae1000000)]
  0x000001a0505b9800 JavaThread "Service Thread" daemon [_thread_blocked, id=12232, stack(0x0000006ae1000000,0x0000006ae1500000)]
  0x000001a035063000 JavaThread "Java2D Disposer" daemon [_thread_blocked, id=11280, stack(0x0000006ae1600000,0x0000006ae1b00000)]
  0x000001a051d6b000 JavaThread "AWT-Windows" daemon [_thread_blocked, id=11332, stack(0x0000006ae2000000,0x0000006ae2500000)]
  0x000001a0360d6000 JavaThread "TimerQueue" daemon [_thread_blocked, id=7772, stack(0x0000006ae1b00000,0x0000006ae2000000)]
  0x000001a035eec000 JavaThread "AWT-Shutdown" [_thread_blocked, id=9888, stack(0x0000006ae3100000,0x0000006ae3600000)]
  0x000001a035a58000 JavaThread "AWT-EventQueue-0" [_thread_blocked, id=9832, stack(0x0000006ae3600000,0x0000006ae3b00000)]
  0x000001a036aa7800 JavaThread "Thread-1" [_thread_in_native, id=2540, stack(0x0000006add100000,0x0000006ade500000)]
  0x000001a0319ea000 JavaThread "Process Messages Thread" [_thread_blocked, id=10696, stack(0x0000006ae4000000,0x0000006ae4500000)]
  0x000001a051c25000 JavaThread "Batik CleanerThread" daemon [_thread_blocked, id=12128, stack(0x0000006ae3b00000,0x0000006ae4000000)]
  0x000001a036b07800 JavaThread "SyntheticaCleanerThread" daemon [_thread_blocked, id=10640, stack(0x0000006ae4d00000,0x0000006ae5200000)]
  0x000001a036b06000 JavaThread "Monitor HEventQueue Thread" [_thread_blocked, id=7108, stack(0x0000006ae5600000,0x0000006ae5b00000)]
  0x000001a036b03800 JavaThread "SyntheticaAnimation 50" daemon [_thread_blocked, id=10348, stack(0x0000006ae5b00000,0x0000006ae6000000)]
  0x000001a036b06800 JavaThread "SyntheticaAnimation 25" daemon [_thread_blocked, id=7532, stack(0x0000006ae6000000,0x0000006ae6500000)]
  0x000001a036b09000 JavaThread "SyntheticaAnimation 70" daemon [_thread_blocked, id=10244, stack(0x0000006ae6a00000,0x0000006ae6f00000)]
  0x000001a03f88a800 JavaThread "Refresh Filesets Swing Worker Thread" [_thread_blocked, id=12000, stack(0x0000006ae6f00000,0x0000006ae7400000)]
  0x000001a03f88b800 JavaThread "Thread-15" [_thread_blocked, id=1352, stack(0x0000006ae7400000,0x0000006ae7900000)]
  0x000001a03f88d000 JavaThread "OutputGobbler" daemon [_thread_in_native, id=1288, stack(0x0000006ae7900000,0x0000006ae7e00000)]
  0x000001a03f88e000 JavaThread "ErrorGobbler" daemon [_thread_in_native, id=1324, stack(0x0000006ae7e00000,0x0000006ae8300000)]
  0x000001a03f88c800 JavaThread "hw_ila_monitor" [_thread_blocked, id=5408, stack(0x0000006ae8d00000,0x0000006ae9200000)]
  0x000001a03f88f800 JavaThread "pool-1-thread-1" [_thread_blocked, id=10968, stack(0x0000006ae9700000,0x0000006ae9c00000)]
  0x000001a043231800 JavaThread "pool-2-thread-1" [_thread_blocked, id=10860, stack(0x0000006ae9c00000,0x0000006aea100000)]
  0x000001a043232800 JavaThread "pool-3-thread-1" [_thread_blocked, id=10332, stack(0x0000006aea100000,0x0000006aea600000)]
  0x000001a043234000 JavaThread "Update Runs Swing Worker Thread" [_thread_blocked, id=3156, stack(0x0000006aea600000,0x0000006aeab00000)]
  0x000001a043239000 JavaThread "Swing-Shell" daemon [_thread_blocked, id=10776, stack(0x0000006ae2c00000,0x0000006ae3100000)]
  0x000001a043238000 JavaThread "Watchdog Thread for com.sigasi.lsp.server.BootstrappedLspServer" daemon [_thread_blocked, id=5700, stack(0x0000006aeab00000,0x0000006aeb000000)]
  0x000001a043239800 JavaThread "Life support thread" daemon [_thread_blocked, id=10740, stack(0x0000006ae8300000,0x0000006ae8800000)]
  0x000001a043236800 JavaThread "ForkJoinPool.commonPool-worker-3" daemon [_thread_blocked, id=8776, stack(0x0000006ae8800000,0x0000006ae8d00000)]
  0x000001a043234800 JavaThread "Protocol translation thread 0" [_thread_in_native, id=9412, stack(0x0000006aeb000000,0x0000006aeb500000)]
  0x000001a043237000 JavaThread "pool-6-thread-1" [_thread_blocked, id=8276, stack(0x0000006aeb700000,0x0000006aebc00000)]
  0x000001a043235800 JavaThread "EMF Reference Cleaner" daemon [_thread_blocked, id=8488, stack(0x0000006aebc00000,0x0000006aec100000)]
  0x000001a04323c000 JavaThread "ForkJoinPool.commonPool-worker-5" daemon [_thread_blocked, id=10876, stack(0x0000006aec100000,0x0000006aec600000)]
  0x000001a04323d800 JavaThread "pool-7-thread-1" [_thread_blocked, id=548, stack(0x0000006ae9200000,0x0000006ae9700000)]
  0x000001a03f888800 JavaThread "SyntheticaAnimation 50" daemon [_thread_blocked, id=1268, stack(0x0000006aed000000,0x0000006aed500000)]
  0x000001a03f88f000 JavaThread "Timer-1" [_thread_blocked, id=10396, stack(0x0000006ae4800000,0x0000006ae4d00000)]
  0x000001a03f889000 JavaThread "Monitor File Timestamp Swing Worker Thread" [_thread_blocked, id=8792, stack(0x0000006ae6500000,0x0000006ae6a00000)]
  0x000001a036b08800 JavaThread "ForkJoinPool.commonPool-worker-7" daemon [_thread_blocked, id=11804, stack(0x0000006aed500000,0x0000006aeda00000)]
  0x000001a036b02800 JavaThread "ForkJoinPool.commonPool-worker-9" daemon [_thread_blocked, id=4668, stack(0x0000006aeda00000,0x0000006aedf00000)]
  0x000001a04323a800 JavaThread "Timer-2" [_thread_blocked, id=11452, stack(0x0000006aec600000,0x0000006aecb00000)]
  0x000001a043e11800 JavaThread "Monitor File Timestamp Swing Worker Thread" [_thread_blocked, id=9340, stack(0x0000006aecb00000,0x0000006aed000000)]
  0x000001a061e4a000 JavaThread "ForkJoinPool.commonPool-worker-1" daemon [_thread_blocked, id=11596, stack(0x0000006aedf00000,0x0000006aee400000)]
  0x000001a015c4c000 JavaThread "ForkJoinPool.commonPool-worker-11" daemon [_thread_blocked, id=4832, stack(0x0000006aee400000,0x0000006aee900000)]
  0x000001a015c4d800 JavaThread "ForkJoinPool.commonPool-worker-13" daemon [_thread_blocked, id=11924, stack(0x0000006aee900000,0x0000006aeee00000)]
  0x000001a015c4b000 JavaThread "Image Fetcher 3" daemon [_thread_blocked, id=1204, stack(0x0000006aef800000,0x0000006aefd00000)]
  0x000001a015c4f000 JavaThread "Reloading Thread" [_thread_blocked, id=9108, stack(0x0000006aeee00000,0x0000006aef300000)]
  0x000001a015c55800 JavaThread "Trashcan Thread" [_thread_blocked, id=8936, stack(0x0000006aef300000,0x0000006aef800000)]
  0x000001a015c55000 JavaThread "C2 CompilerThread1" daemon [_thread_blocked, id=1644, stack(0x0000006ae5400000,0x0000006ae5500000)]

Other Threads:
=>0x000001a02c0c8800 VMThread "VM Thread" [stack: 0x0000006adee00000,0x0000006adef00000] [id=10728]
  0x000001a051c6c000 WatcherThread [stack: 0x0000006ae1500000,0x0000006ae1600000] [id=12132]
  0x000001a04d791800 GCTaskThread "GC Thread#0" [stack: 0x0000006ade900000,0x0000006adea00000] [id=8224]
  0x000001a0360a9000 GCTaskThread "GC Thread#1" [stack: 0x0000006ade700000,0x0000006ade800000] [id=10024]
  0x000001a0355b4800 GCTaskThread "GC Thread#2" [stack: 0x0000006ae2600000,0x0000006ae2700000] [id=11344]
  0x000001a03602b000 GCTaskThread "GC Thread#3" [stack: 0x0000006ae2700000,0x0000006ae2800000] [id=11316]
  0x000001a034c1c800 GCTaskThread "GC Thread#4" [stack: 0x0000006ae2800000,0x0000006ae2900000] [id=4216]
  0x000001a035fbb800 GCTaskThread "GC Thread#5" [stack: 0x0000006ae2900000,0x0000006ae2a00000] [id=7800]
  0x000001a0314b4000 GCTaskThread "GC Thread#6" [stack: 0x0000006ae4500000,0x0000006ae4600000] [id=10692]
  0x000001a0319eb000 GCTaskThread "GC Thread#7" [stack: 0x0000006ae4600000,0x0000006ae4700000] [id=10700]
  0x000001a02c141800 ConcurrentGCThread "G1 Main Marker" [stack: 0x0000006adea00000,0x0000006adeb00000] [id=1144]
  0x000001a04f34d000 ConcurrentGCThread "G1 Conc#0" [stack: 0x0000006adeb00000,0x0000006adec00000] [id=1476]
  0x000001a0366dc000 ConcurrentGCThread "G1 Conc#1" [stack: 0x0000006ae4700000,0x0000006ae4800000] [id=11372]
  0x000001a04f0bb800 ConcurrentGCThread "G1 Refine#0" [stack: 0x0000006adec00000,0x0000006aded00000] [id=5932]
  0x000001a035960000 ConcurrentGCThread "G1 Refine#1" [stack: 0x0000006ae2a00000,0x0000006ae2b00000] [id=7788]
  0x000001a0369cd800 ConcurrentGCThread "G1 Refine#2" [stack: 0x0000006ae2b00000,0x0000006ae2c00000] [id=11516]
  0x000001a0314e7000 ConcurrentGCThread "G1 Refine#3" [stack: 0x0000006ae5500000,0x0000006ae5600000] [id=10220]
  0x000001a05153a800 ConcurrentGCThread "G1 Young RemSet Sampling" [stack: 0x0000006aded00000,0x0000006adee00000] [id=3084]

Threads with active compile tasks:
C2 CompilerThread022774       4       ui.utils.lnf.HSyntheticaJideTabbedPaneUI::ensureCloseButtonCreated (50 bytes)
C2 CompilerThread122778       4       javax.swing.text.JTextComponent$DefaultKeymap::getAction (36 bytes)

VM state:at safepoint (normal execution)

VM Mutex/Monitor currently owned by a thread:  ([mutex/lock_event])
[0x000001a04d93f5a0] Threads_lock - owner thread: 0x000001a02c0c8800
[0x000001a04d93fb40] Heap_lock - owner thread: 0x000001a015c55800

Heap address: 0x0000000740000000, size: 3072 MB, Compressed Oops mode: Zero based, Oop shift amount: 3
Narrow klass base: 0x0000000800000000, Narrow klass shift: 0
Compressed class space size: 1073741824 Address: 0x0000000800000000

Heap:
 garbage-first heap   total 262144K, used 164543K [0x0000000740000000, 0x0000000800000000)
  region size 1024K, 37 young (37888K), 4 survivors (4096K)
 Metaspace       used 112462K, capacity 115138K, committed 115408K, reserved 1148928K
  class space    used 15567K, capacity 16752K, committed 16844K, reserved 1048576K
Heap Regions: E=young(eden), S=young(survivor), O=old, HS=humongous(starts), HC=humongous(continues), CS=collection set, F=free, A=archive, TAMS=top-at-mark-start (previous, next)
|   0|0x0000000740000000, 0x0000000740100000, 0x0000000740100000|100%|HS|  |TAMS 0x0000000740100000, 0x0000000740000000| Complete 
|   1|0x0000000740100000, 0x0000000740200000, 0x0000000740200000|100%|HC|  |TAMS 0x0000000740200000, 0x0000000740100000| Complete 
|   2|0x0000000740200000, 0x0000000740300000, 0x0000000740300000|100%|HS|  |TAMS 0x0000000740300000, 0x0000000740200000| Complete 
|   3|0x0000000740300000, 0x00000007403ffff8, 0x0000000740400000| 99%| O|  |TAMS 0x00000007403ffff8, 0x0000000740300000| Untracked 
|   4|0x0000000740400000, 0x00000007404ffbf8, 0x0000000740500000| 99%| O|  |TAMS 0x00000007404ffbf8, 0x0000000740400000| Untracked 
|   5|0x0000000740500000, 0x00000007405ffff8, 0x0000000740600000| 99%| O|  |TAMS 0x00000007405ffff8, 0x0000000740500000| Untracked 
|   6|0x0000000740600000, 0x00000007406ffff0, 0x0000000740700000| 99%| O|  |TAMS 0x00000007406ffff0, 0x0000000740600000| Untracked 
|   7|0x0000000740700000, 0x00000007407ffff8, 0x0000000740800000| 99%| O|  |TAMS 0x00000007407ffff8, 0x0000000740700000| Untracked 
|   8|0x0000000740800000, 0x0000000740900000, 0x0000000740900000|100%| O|  |TAMS 0x0000000740900000, 0x0000000740800000| Untracked 
|   9|0x0000000740900000, 0x00000007409fffe8, 0x0000000740a00000| 99%| O|  |TAMS 0x00000007409fffe8, 0x0000000740900000| Untracked 
|  10|0x0000000740a00000, 0x0000000740afffe0, 0x0000000740b00000| 99%| O|  |TAMS 0x0000000740afffe0, 0x0000000740a00000| Untracked 
|  11|0x0000000740b00000, 0x0000000740bfffc8, 0x0000000740c00000| 99%| O|  |TAMS 0x0000000740bfffc8, 0x0000000740b00000| Untracked 
|  12|0x0000000740c00000, 0x0000000740cfffd8, 0x0000000740d00000| 99%| O|  |TAMS 0x0000000740cfffd8, 0x0000000740c00000| Untracked 
|  13|0x0000000740d00000, 0x0000000740dee658, 0x0000000740e00000| 93%| O|  |TAMS 0x0000000740dee658, 0x0000000740d00000| Untracked 
|  14|0x0000000740e00000, 0x0000000740effff0, 0x0000000740f00000| 99%| O|  |TAMS 0x0000000740effff0, 0x0000000740e00000| Untracked 
|  15|0x0000000740f00000, 0x0000000741000000, 0x0000000741000000|100%| O|  |TAMS 0x0000000741000000, 0x0000000740f00000| Untracked 
|  16|0x0000000741000000, 0x0000000741100000, 0x0000000741100000|100%| O|  |TAMS 0x0000000741100000, 0x0000000741000000| Untracked 
|  17|0x0000000741100000, 0x00000007411fffc0, 0x0000000741200000| 99%| O|  |TAMS 0x00000007411fffc0, 0x0000000741100000| Untracked 
|  18|0x0000000741200000, 0x0000000741300000, 0x0000000741300000|100%| O|  |TAMS 0x0000000741300000, 0x0000000741200000| Untracked 
|  19|0x0000000741300000, 0x0000000741400000, 0x0000000741400000|100%| O|  |TAMS 0x0000000741400000, 0x0000000741300000| Untracked 
|  20|0x0000000741400000, 0x0000000741500000, 0x0000000741500000|100%| O|  |TAMS 0x0000000741500000, 0x0000000741400000| Untracked 
|  21|0x0000000741500000, 0x00000007415fffb8, 0x0000000741600000| 99%| O|  |TAMS 0x00000007415fffb8, 0x0000000741500000| Untracked 
|  22|0x0000000741600000, 0x0000000741700000, 0x0000000741700000|100%| O|  |TAMS 0x0000000741700000, 0x0000000741600000| Untracked 
|  23|0x0000000741700000, 0x0000000741800000, 0x0000000741800000|100%| O|  |TAMS 0x0000000741800000, 0x0000000741700000| Untracked 
|  24|0x0000000741800000, 0x00000007418ffff8, 0x0000000741900000| 99%| O|  |TAMS 0x00000007418ffff8, 0x0000000741800000| Untracked 
|  25|0x0000000741900000, 0x00000007419ff940, 0x0000000741a00000| 99%| O|  |TAMS 0x00000007419ff940, 0x0000000741900000| Untracked 
|  26|0x0000000741a00000, 0x0000000741b00000, 0x0000000741b00000|100%| O|  |TAMS 0x0000000741b00000, 0x0000000741a00000| Untracked 
|  27|0x0000000741b00000, 0x0000000741bffff8, 0x0000000741c00000| 99%| O|  |TAMS 0x0000000741bffff8, 0x0000000741b00000| Untracked 
|  28|0x0000000741c00000, 0x0000000741cfffa8, 0x0000000741d00000| 99%| O|  |TAMS 0x0000000741cfffa8, 0x0000000741c00000| Untracked 
|  29|0x0000000741d00000, 0x0000000741e00000, 0x0000000741e00000|100%| O|  |TAMS 0x0000000741e00000, 0x0000000741d00000| Untracked 
|  30|0x0000000741e00000, 0x0000000741efffe8, 0x0000000741f00000| 99%| O|  |TAMS 0x0000000741efffe8, 0x0000000741e00000| Untracked 
|  31|0x0000000741f00000, 0x0000000741ffff70, 0x0000000742000000| 99%| O|  |TAMS 0x0000000741ffff70, 0x0000000741f00000| Untracked 
|  32|0x0000000742000000, 0x0000000742100000, 0x0000000742100000|100%| O|  |TAMS 0x0000000742100000, 0x0000000742000000| Untracked 
|  33|0x0000000742100000, 0x0000000742200000, 0x0000000742200000|100%| O|  |TAMS 0x0000000742200000, 0x0000000742100000| Untracked 
|  34|0x0000000742200000, 0x0000000742300000, 0x0000000742300000|100%| O|  |TAMS 0x0000000742300000, 0x0000000742200000| Untracked 
|  35|0x0000000742300000, 0x0000000742400000, 0x0000000742400000|100%| O|  |TAMS 0x0000000742400000, 0x0000000742300000| Untracked 
|  36|0x0000000742400000, 0x00000007424fffe8, 0x0000000742500000| 99%| O|  |TAMS 0x00000007424fffe8, 0x0000000742400000| Untracked 
|  37|0x0000000742500000, 0x00000007425fffc8, 0x0000000742600000| 99%| O|  |TAMS 0x00000007425fffc8, 0x0000000742500000| Untracked 
|  38|0x0000000742600000, 0x00000007426ff758, 0x0000000742700000| 99%| O|  |TAMS 0x00000007426ff758, 0x0000000742600000| Untracked 
|  39|0x0000000742700000, 0x0000000742800000, 0x0000000742800000|100%| O|  |TAMS 0x0000000742800000, 0x0000000742700000| Untracked 
|  40|0x0000000742800000, 0x00000007428fffe8, 0x0000000742900000| 99%| O|  |TAMS 0x00000007428fffe8, 0x0000000742800000| Untracked 
|  41|0x0000000742900000, 0x0000000742a00000, 0x0000000742a00000|100%| O|  |TAMS 0x0000000742a00000, 0x0000000742900000| Untracked 
|  42|0x0000000742a00000, 0x0000000742affff8, 0x0000000742b00000| 99%| O|  |TAMS 0x0000000742affff8, 0x0000000742a00000| Untracked 
|  43|0x0000000742b00000, 0x0000000742bffff0, 0x0000000742c00000| 99%| O|  |TAMS 0x0000000742bffff0, 0x0000000742b00000| Untracked 
|  44|0x0000000742c00000, 0x0000000742d00000, 0x0000000742d00000|100%| O|  |TAMS 0x0000000742d00000, 0x0000000742c00000| Untracked 
|  45|0x0000000742d00000, 0x0000000742dfffc8, 0x0000000742e00000| 99%| O|  |TAMS 0x0000000742dfffc8, 0x0000000742d00000| Untracked 
|  46|0x0000000742e00000, 0x0000000742f00000, 0x0000000742f00000|100%| O|  |TAMS 0x0000000742f00000, 0x0000000742e00000| Untracked 
|  47|0x0000000742f00000, 0x0000000743000000, 0x0000000743000000|100%|HS|  |TAMS 0x0000000743000000, 0x0000000742f00000| Complete 
|  48|0x0000000743000000, 0x0000000743100000, 0x0000000743100000|100%|HC|  |TAMS 0x0000000743100000, 0x0000000743000000| Complete 
|  49|0x0000000743100000, 0x0000000743200000, 0x0000000743200000|100%|HC|  |TAMS 0x0000000743200000, 0x0000000743100000| Complete 
|  50|0x0000000743200000, 0x0000000743300000, 0x0000000743300000|100%|HC|  |TAMS 0x0000000743300000, 0x0000000743200000| Complete 
|  51|0x0000000743300000, 0x0000000743400000, 0x0000000743400000|100%|HC|  |TAMS 0x0000000743400000, 0x0000000743300000| Complete 
|  52|0x0000000743400000, 0x0000000743500000, 0x0000000743500000|100%|HC|  |TAMS 0x0000000743500000, 0x0000000743400000| Complete 
|  53|0x0000000743500000, 0x00000007435fee80, 0x0000000743600000| 99%| O|  |TAMS 0x00000007435fee80, 0x0000000743500000| Untracked 
|  54|0x0000000743600000, 0x00000007436ffee0, 0x0000000743700000| 99%| O|  |TAMS 0x00000007436ffee0, 0x0000000743600000| Untracked 
|  55|0x0000000743700000, 0x00000007437ffff8, 0x0000000743800000| 99%| O|  |TAMS 0x00000007437ffff8, 0x0000000743700000| Untracked 
|  56|0x0000000743800000, 0x00000007438ffff8, 0x0000000743900000| 99%| O|  |TAMS 0x00000007438ffff8, 0x0000000743800000| Untracked 
|  57|0x0000000743900000, 0x00000007439ffff8, 0x0000000743a00000| 99%| O|  |TAMS 0x00000007439ffff8, 0x0000000743900000| Untracked 
|  58|0x0000000743a00000, 0x0000000743b00000, 0x0000000743b00000|100%| O|  |TAMS 0x0000000743b00000, 0x0000000743a00000| Untracked 
|  59|0x0000000743b00000, 0x0000000743bfffe8, 0x0000000743c00000| 99%| O|  |TAMS 0x0000000743bfffe8, 0x0000000743b00000| Untracked 
|  60|0x0000000743c00000, 0x0000000743d00000, 0x0000000743d00000|100%| O|  |TAMS 0x0000000743d00000, 0x0000000743c00000| Untracked 
|  61|0x0000000743d00000, 0x0000000743dff898, 0x0000000743e00000| 99%| O|  |TAMS 0x0000000743dff898, 0x0000000743d00000| Untracked 
|  62|0x0000000743e00000, 0x0000000743efffc8, 0x0000000743f00000| 99%| O|  |TAMS 0x0000000743efffc8, 0x0000000743e00000| Untracked 
|  63|0x0000000743f00000, 0x0000000744000000, 0x0000000744000000|100%| O|  |TAMS 0x0000000744000000, 0x0000000743f00000| Untracked 
|  64|0x0000000744000000, 0x00000007440ffff0, 0x0000000744100000| 99%| O|  |TAMS 0x00000007440ffff0, 0x0000000744000000| Untracked 
|  65|0x0000000744100000, 0x00000007441fffe8, 0x0000000744200000| 99%| O|  |TAMS 0x00000007441fffe8, 0x0000000744100000| Untracked 
|  66|0x0000000744200000, 0x00000007442fff88, 0x0000000744300000| 99%| O|  |TAMS 0x00000007442fff88, 0x0000000744200000| Untracked 
|  67|0x0000000744300000, 0x0000000744400000, 0x0000000744400000|100%| O|  |TAMS 0x0000000744400000, 0x0000000744300000| Untracked 
|  68|0x0000000744400000, 0x00000007444ffff8, 0x0000000744500000| 99%| O|  |TAMS 0x00000007444ffff8, 0x0000000744400000| Untracked 
|  69|0x0000000744500000, 0x00000007445fffe8, 0x0000000744600000| 99%| O|  |TAMS 0x00000007445fffe8, 0x0000000744500000| Untracked 
|  70|0x0000000744600000, 0x0000000744700000, 0x0000000744700000|100%| O|  |TAMS 0x0000000744700000, 0x0000000744600000| Untracked 
|  71|0x0000000744700000, 0x00000007447fffe8, 0x0000000744800000| 99%| O|  |TAMS 0x00000007447fffe8, 0x0000000744700000| Untracked 
|  72|0x0000000744800000, 0x00000007448ffff0, 0x0000000744900000| 99%| O|  |TAMS 0x00000007448ffff0, 0x0000000744800000| Untracked 
|  73|0x0000000744900000, 0x00000007449ffff8, 0x0000000744a00000| 99%| O|  |TAMS 0x00000007449ffff8, 0x0000000744900000| Untracked 
|  74|0x0000000744a00000, 0x0000000744affff8, 0x0000000744b00000| 99%| O|  |TAMS 0x0000000744affff8, 0x0000000744a00000| Untracked 
|  75|0x0000000744b00000, 0x0000000744bffff8, 0x0000000744c00000| 99%| O|  |TAMS 0x0000000744bffff8, 0x0000000744b00000| Untracked 
|  76|0x0000000744c00000, 0x0000000744cfe300, 0x0000000744d00000| 99%| O|  |TAMS 0x0000000744cfe300, 0x0000000744c00000| Untracked 
|  77|0x0000000744d00000, 0x0000000744dfffd0, 0x0000000744e00000| 99%| O|  |TAMS 0x0000000744dfffd0, 0x0000000744d00000| Untracked 
|  78|0x0000000744e00000, 0x0000000744f00000, 0x0000000744f00000|100%| O|  |TAMS 0x0000000744f00000, 0x0000000744e00000| Untracked 
|  79|0x0000000744f00000, 0x0000000744fffff8, 0x0000000745000000| 99%| O|  |TAMS 0x0000000744fffff8, 0x0000000744f00000| Untracked 
|  80|0x0000000745000000, 0x00000007450fffe8, 0x0000000745100000| 99%| O|  |TAMS 0x00000007450fffe8, 0x0000000745000000| Untracked 
|  81|0x0000000745100000, 0x00000007451fe5e8, 0x0000000745200000| 99%| O|  |TAMS 0x00000007451fe5e8, 0x0000000745100000| Untracked 
|  82|0x0000000745200000, 0x00000007452fffe8, 0x0000000745300000| 99%| O|  |TAMS 0x00000007452fffe8, 0x0000000745200000| Untracked 
|  83|0x0000000745300000, 0x00000007453ffff8, 0x0000000745400000| 99%| O|  |TAMS 0x00000007453ffff8, 0x0000000745300000| Untracked 
|  84|0x0000000745400000, 0x00000007454fffd8, 0x0000000745500000| 99%| O|  |TAMS 0x00000007454fffd8, 0x0000000745400000| Untracked 
|  85|0x0000000745500000, 0x00000007455fff78, 0x0000000745600000| 99%| O|  |TAMS 0x00000007455fff78, 0x0000000745500000| Untracked 
|  86|0x0000000745600000, 0x00000007456ffff8, 0x0000000745700000| 99%| O|  |TAMS 0x00000007456ffff8, 0x0000000745600000| Untracked 
|  87|0x0000000745700000, 0x00000007457ffff0, 0x0000000745800000| 99%| O|  |TAMS 0x00000007457ffff0, 0x0000000745700000| Untracked 
|  88|0x0000000745800000, 0x00000007458ffff8, 0x0000000745900000| 99%| O|  |TAMS 0x00000007458ffff8, 0x0000000745800000| Untracked 
|  89|0x0000000745900000, 0x00000007459fff70, 0x0000000745a00000| 99%| O|  |TAMS 0x00000007459fff70, 0x0000000745900000| Untracked 
|  90|0x0000000745a00000, 0x0000000745ae34c0, 0x0000000745b00000| 88%| O|  |TAMS 0x0000000745ae34c0, 0x0000000745a00000| Untracked 
|  91|0x0000000745b00000, 0x0000000745b48638, 0x0000000745c00000| 28%| O|  |TAMS 0x0000000745b48638, 0x0000000745b00000| Untracked 
|  92|0x0000000745c00000, 0x0000000745d00000, 0x0000000745d00000|100%| O|  |TAMS 0x0000000745d00000, 0x0000000745c00000| Untracked 
|  93|0x0000000745d00000, 0x0000000745e00000, 0x0000000745e00000|100%| O|  |TAMS 0x0000000745e00000, 0x0000000745d00000| Untracked 
|  94|0x0000000745e00000, 0x0000000745f00000, 0x0000000745f00000|100%| O|  |TAMS 0x0000000745f00000, 0x0000000745e00000| Untracked 
|  95|0x0000000745f00000, 0x0000000746000000, 0x0000000746000000|100%| O|  |TAMS 0x0000000746000000, 0x0000000745f00000| Untracked 
|  96|0x0000000746000000, 0x0000000746100000, 0x0000000746100000|100%| O|  |TAMS 0x0000000746100000, 0x0000000746000000| Untracked 
|  97|0x0000000746100000, 0x0000000746200000, 0x0000000746200000|100%| O|  |TAMS 0x0000000746200000, 0x0000000746100000| Untracked 
|  98|0x0000000746200000, 0x0000000746300000, 0x0000000746300000|100%| O|  |TAMS 0x0000000746300000, 0x0000000746200000| Untracked 
|  99|0x0000000746300000, 0x0000000746400000, 0x0000000746400000|100%| O|  |TAMS 0x0000000746400000, 0x0000000746300000| Untracked 
| 100|0x0000000746400000, 0x0000000746500000, 0x0000000746500000|100%| O|  |TAMS 0x0000000746500000, 0x0000000746400000| Untracked 
| 101|0x0000000746500000, 0x0000000746600000, 0x0000000746600000|100%| O|  |TAMS 0x0000000746600000, 0x0000000746500000| Untracked 
| 102|0x0000000746600000, 0x0000000746667af0, 0x0000000746700000| 40%| O|  |TAMS 0x0000000746667af0, 0x0000000746600000| Untracked 
| 103|0x0000000746700000, 0x0000000746800000, 0x0000000746800000|100%| O|  |TAMS 0x0000000746800000, 0x0000000746700000| Untracked 
| 104|0x0000000746800000, 0x0000000746900000, 0x0000000746900000|100%| O|  |TAMS 0x0000000746900000, 0x0000000746800000| Untracked 
| 105|0x0000000746900000, 0x0000000746a00000, 0x0000000746a00000|100%| O|  |TAMS 0x0000000746a00000, 0x0000000746900000| Untracked 
| 106|0x0000000746a00000, 0x0000000746a9d0f8, 0x0000000746b00000| 61%| O|  |TAMS 0x0000000746a9d0f8, 0x0000000746a00000| Untracked 
| 107|0x0000000746b00000, 0x0000000746bff718, 0x0000000746c00000| 99%| O|  |TAMS 0x0000000746bff718, 0x0000000746b00000| Untracked 
| 108|0x0000000746c00000, 0x0000000746d00000, 0x0000000746d00000|100%| O|  |TAMS 0x0000000746d00000, 0x0000000746c00000| Untracked 
| 109|0x0000000746d00000, 0x0000000746df11c0, 0x0000000746e00000| 94%| O|  |TAMS 0x0000000746df11c0, 0x0000000746d00000| Untracked 
| 110|0x0000000746e00000, 0x0000000746f00000, 0x0000000746f00000|100%| O|  |TAMS 0x0000000746f00000, 0x0000000746e00000| Untracked 
| 111|0x0000000746f00000, 0x0000000747000000, 0x0000000747000000|100%| O|  |TAMS 0x0000000747000000, 0x0000000746f00000| Untracked 
| 112|0x0000000747000000, 0x0000000747100000, 0x0000000747100000|100%| O|  |TAMS 0x0000000747100000, 0x0000000747000000| Untracked 
| 113|0x0000000747100000, 0x0000000747200000, 0x0000000747200000|100%| O|  |TAMS 0x0000000747200000, 0x0000000747100000| Untracked 
| 114|0x0000000747200000, 0x0000000747300000, 0x0000000747300000|100%| O|  |TAMS 0x0000000747300000, 0x0000000747200000| Untracked 
| 115|0x0000000747300000, 0x0000000747400000, 0x0000000747400000|100%| O|  |TAMS 0x0000000747400000, 0x0000000747300000| Untracked 
| 116|0x0000000747400000, 0x0000000747500000, 0x0000000747500000|100%| O|  |TAMS 0x0000000747500000, 0x0000000747400000| Untracked 
| 117|0x0000000747500000, 0x0000000747600000, 0x0000000747600000|100%| O|  |TAMS 0x0000000747600000, 0x0000000747500000| Untracked 
| 118|0x0000000747600000, 0x0000000747700000, 0x0000000747700000|100%| O|  |TAMS 0x0000000747700000, 0x0000000747600000| Untracked 
| 119|0x0000000747700000, 0x0000000747800000, 0x0000000747800000|100%| O|  |TAMS 0x0000000747800000, 0x0000000747700000| Untracked 
| 120|0x0000000747800000, 0x0000000747900000, 0x0000000747900000|100%| O|  |TAMS 0x0000000747900000, 0x0000000747800000| Untracked 
| 121|0x0000000747900000, 0x0000000747a00000, 0x0000000747a00000|100%| O|  |TAMS 0x0000000747a00000, 0x0000000747900000| Untracked 
| 122|0x0000000747a00000, 0x0000000747b00000, 0x0000000747b00000|100%| O|  |TAMS 0x0000000747b00000, 0x0000000747a00000| Untracked 
| 123|0x0000000747b00000, 0x0000000747c00000, 0x0000000747c00000|100%| O|  |TAMS 0x0000000747c00000, 0x0000000747b00000| Untracked 
| 124|0x0000000747c00000, 0x0000000747d00000, 0x0000000747d00000|100%| O|  |TAMS 0x0000000747d00000, 0x0000000747c00000| Untracked 
| 125|0x0000000747d00000, 0x0000000747e00000, 0x0000000747e00000|100%| O|  |TAMS 0x0000000747d37c00, 0x0000000747d00000| Untracked 
| 126|0x0000000747e00000, 0x0000000747eb7000, 0x0000000747f00000| 71%| O|  |TAMS 0x0000000747e00000, 0x0000000747e00000| Untracked 
| 127|0x0000000747f00000, 0x0000000747f00000, 0x0000000748000000|  0%| F|  |TAMS 0x0000000747f00000, 0x0000000747f00000| Untracked 
| 128|0x0000000748000000, 0x0000000748000000, 0x0000000748100000|  0%| F|  |TAMS 0x0000000748000000, 0x0000000748000000| Untracked 
| 129|0x0000000748100000, 0x0000000748100000, 0x0000000748200000|  0%| F|  |TAMS 0x0000000748100000, 0x0000000748100000| Untracked 
| 130|0x0000000748200000, 0x0000000748200000, 0x0000000748300000|  0%| F|  |TAMS 0x0000000748200000, 0x0000000748200000| Untracked 
| 131|0x0000000748300000, 0x0000000748300000, 0x0000000748400000|  0%| F|  |TAMS 0x0000000748300000, 0x0000000748300000| Untracked 
| 132|0x0000000748400000, 0x0000000748400000, 0x0000000748500000|  0%| F|  |TAMS 0x0000000748400000, 0x0000000748400000| Untracked 
| 133|0x0000000748500000, 0x0000000748500000, 0x0000000748600000|  0%| F|  |TAMS 0x0000000748500000, 0x0000000748500000| Untracked 
| 134|0x0000000748600000, 0x0000000748600000, 0x0000000748700000|  0%| F|  |TAMS 0x0000000748600000, 0x0000000748600000| Untracked 
| 135|0x0000000748700000, 0x0000000748700000, 0x0000000748800000|  0%| F|  |TAMS 0x0000000748700000, 0x0000000748700000| Untracked 
| 136|0x0000000748800000, 0x0000000748800000, 0x0000000748900000|  0%| F|  |TAMS 0x0000000748800000, 0x0000000748800000| Untracked 
| 137|0x0000000748900000, 0x0000000748900000, 0x0000000748a00000|  0%| F|  |TAMS 0x0000000748900000, 0x0000000748900000| Untracked 
| 138|0x0000000748a00000, 0x0000000748a00000, 0x0000000748b00000|  0%| F|  |TAMS 0x0000000748a00000, 0x0000000748a00000| Untracked 
| 139|0x0000000748b00000, 0x0000000748b00000, 0x0000000748c00000|  0%| F|  |TAMS 0x0000000748b00000, 0x0000000748b00000| Untracked 
| 140|0x0000000748c00000, 0x0000000748c00000, 0x0000000748d00000|  0%| F|  |TAMS 0x0000000748c00000, 0x0000000748c00000| Untracked 
| 141|0x0000000748d00000, 0x0000000748d00000, 0x0000000748e00000|  0%| F|  |TAMS 0x0000000748d00000, 0x0000000748d00000| Untracked 
| 142|0x0000000748e00000, 0x0000000748e00000, 0x0000000748f00000|  0%| F|  |TAMS 0x0000000748e00000, 0x0000000748e00000| Untracked 
| 143|0x0000000748f00000, 0x0000000748f00000, 0x0000000749000000|  0%| F|  |TAMS 0x0000000748f00000, 0x0000000748f00000| Untracked 
| 144|0x0000000749000000, 0x0000000749000000, 0x0000000749100000|  0%| F|  |TAMS 0x0000000749000000, 0x0000000749000000| Untracked 
| 145|0x0000000749100000, 0x0000000749100000, 0x0000000749200000|  0%| F|  |TAMS 0x0000000749100000, 0x0000000749100000| Untracked 
| 146|0x0000000749200000, 0x0000000749200000, 0x0000000749300000|  0%| F|  |TAMS 0x0000000749200000, 0x0000000749200000| Untracked 
| 147|0x0000000749300000, 0x0000000749300000, 0x0000000749400000|  0%| F|  |TAMS 0x0000000749300000, 0x0000000749300000| Untracked 
| 148|0x0000000749400000, 0x0000000749400000, 0x0000000749500000|  0%| F|  |TAMS 0x0000000749400000, 0x0000000749400000| Untracked 
| 149|0x0000000749500000, 0x0000000749500000, 0x0000000749600000|  0%| F|  |TAMS 0x0000000749500000, 0x0000000749500000| Untracked 
| 150|0x0000000749600000, 0x0000000749600000, 0x0000000749700000|  0%| F|  |TAMS 0x0000000749600000, 0x0000000749600000| Untracked 
| 151|0x0000000749700000, 0x0000000749700000, 0x0000000749800000|  0%| F|  |TAMS 0x0000000749700000, 0x0000000749700000| Untracked 
| 152|0x0000000749800000, 0x0000000749800000, 0x0000000749900000|  0%| F|  |TAMS 0x0000000749800000, 0x0000000749800000| Untracked 
| 153|0x0000000749900000, 0x0000000749900000, 0x0000000749a00000|  0%| F|  |TAMS 0x0000000749900000, 0x0000000749900000| Untracked 
| 154|0x0000000749a00000, 0x0000000749a00000, 0x0000000749b00000|  0%| F|  |TAMS 0x0000000749a00000, 0x0000000749a00000| Untracked 
| 155|0x0000000749b00000, 0x0000000749b00000, 0x0000000749c00000|  0%| F|  |TAMS 0x0000000749b00000, 0x0000000749b00000| Untracked 
| 156|0x0000000749c00000, 0x0000000749c00000, 0x0000000749d00000|  0%| F|  |TAMS 0x0000000749c00000, 0x0000000749c00000| Untracked 
| 157|0x0000000749d00000, 0x0000000749d00000, 0x0000000749e00000|  0%| F|  |TAMS 0x0000000749d00000, 0x0000000749d00000| Untracked 
| 158|0x0000000749e00000, 0x0000000749e00000, 0x0000000749f00000|  0%| F|  |TAMS 0x0000000749e00000, 0x0000000749e00000| Untracked 
| 159|0x0000000749f00000, 0x0000000749f00000, 0x000000074a000000|  0%| F|  |TAMS 0x0000000749f00000, 0x0000000749f00000| Untracked 
| 160|0x000000074a000000, 0x000000074a000000, 0x000000074a100000|  0%| F|  |TAMS 0x000000074a000000, 0x000000074a000000| Untracked 
| 161|0x000000074a100000, 0x000000074a100000, 0x000000074a200000|  0%| F|  |TAMS 0x000000074a100000, 0x000000074a100000| Untracked 
| 162|0x000000074a200000, 0x000000074a200000, 0x000000074a300000|  0%| F|  |TAMS 0x000000074a200000, 0x000000074a200000| Untracked 
| 163|0x000000074a300000, 0x000000074a300000, 0x000000074a400000|  0%| F|  |TAMS 0x000000074a300000, 0x000000074a300000| Untracked 
| 164|0x000000074a400000, 0x000000074a400000, 0x000000074a500000|  0%| F|  |TAMS 0x000000074a400000, 0x000000074a400000| Untracked 
| 165|0x000000074a500000, 0x000000074a500000, 0x000000074a600000|  0%| F|  |TAMS 0x000000074a500000, 0x000000074a500000| Untracked 
| 166|0x000000074a600000, 0x000000074a600000, 0x000000074a700000|  0%| F|  |TAMS 0x000000074a600000, 0x000000074a600000| Untracked 
| 167|0x000000074a700000, 0x000000074a700000, 0x000000074a800000|  0%| F|  |TAMS 0x000000074a700000, 0x000000074a700000| Untracked 
| 168|0x000000074a800000, 0x000000074a800000, 0x000000074a900000|  0%| F|  |TAMS 0x000000074a800000, 0x000000074a800000| Untracked 
| 169|0x000000074a900000, 0x000000074a900000, 0x000000074aa00000|  0%| F|  |TAMS 0x000000074a900000, 0x000000074a900000| Untracked 
| 170|0x000000074aa00000, 0x000000074aa00000, 0x000000074ab00000|  0%| F|  |TAMS 0x000000074aa00000, 0x000000074aa00000| Untracked 
| 171|0x000000074ab00000, 0x000000074ab00000, 0x000000074ac00000|  0%| F|  |TAMS 0x000000074ab00000, 0x000000074ab00000| Untracked 
| 172|0x000000074ac00000, 0x000000074ac00000, 0x000000074ad00000|  0%| F|  |TAMS 0x000000074ac00000, 0x000000074ac00000| Untracked 
| 173|0x000000074ad00000, 0x000000074ad00000, 0x000000074ae00000|  0%| F|  |TAMS 0x000000074ad00000, 0x000000074ad00000| Untracked 
| 174|0x000000074ae00000, 0x000000074ae00000, 0x000000074af00000|  0%| F|  |TAMS 0x000000074ae00000, 0x000000074ae00000| Untracked 
| 175|0x000000074af00000, 0x000000074af00000, 0x000000074b000000|  0%| F|  |TAMS 0x000000074af00000, 0x000000074af00000| Untracked 
| 176|0x000000074b000000, 0x000000074b000000, 0x000000074b100000|  0%| F|  |TAMS 0x000000074b000000, 0x000000074b000000| Untracked 
| 177|0x000000074b100000, 0x000000074b100000, 0x000000074b200000|  0%| F|  |TAMS 0x000000074b100000, 0x000000074b100000| Untracked 
| 178|0x000000074b200000, 0x000000074b200000, 0x000000074b300000|  0%| F|  |TAMS 0x000000074b200000, 0x000000074b200000| Untracked 
| 179|0x000000074b300000, 0x000000074b300000, 0x000000074b400000|  0%| F|  |TAMS 0x000000074b300000, 0x000000074b300000| Untracked 
| 180|0x000000074b400000, 0x000000074b400000, 0x000000074b500000|  0%| F|  |TAMS 0x000000074b400000, 0x000000074b400000| Untracked 
| 181|0x000000074b500000, 0x000000074b500000, 0x000000074b600000|  0%| F|  |TAMS 0x000000074b500000, 0x000000074b500000| Untracked 
| 182|0x000000074b600000, 0x000000074b600000, 0x000000074b700000|  0%| F|  |TAMS 0x000000074b600000, 0x000000074b600000| Untracked 
| 183|0x000000074b700000, 0x000000074b700000, 0x000000074b800000|  0%| F|  |TAMS 0x000000074b700000, 0x000000074b700000| Untracked 
| 184|0x000000074b800000, 0x000000074b800000, 0x000000074b900000|  0%| F|  |TAMS 0x000000074b800000, 0x000000074b800000| Untracked 
| 185|0x000000074b900000, 0x000000074b900000, 0x000000074ba00000|  0%| F|  |TAMS 0x000000074b900000, 0x000000074b900000| Untracked 
| 186|0x000000074ba00000, 0x000000074ba00000, 0x000000074bb00000|  0%| F|  |TAMS 0x000000074ba00000, 0x000000074ba00000| Untracked 
| 187|0x000000074bb00000, 0x000000074bb00000, 0x000000074bc00000|  0%| F|  |TAMS 0x000000074bb00000, 0x000000074bb00000| Untracked 
| 188|0x000000074bc00000, 0x000000074bc00000, 0x000000074bd00000|  0%| F|  |TAMS 0x000000074bc00000, 0x000000074bc00000| Untracked 
| 189|0x000000074bd00000, 0x000000074bd00000, 0x000000074be00000|  0%| F|  |TAMS 0x000000074bd00000, 0x000000074bd00000| Untracked 
| 190|0x000000074be00000, 0x000000074be00000, 0x000000074bf00000|  0%| F|  |TAMS 0x000000074be00000, 0x000000074be00000| Untracked 
| 191|0x000000074bf00000, 0x000000074bf00000, 0x000000074c000000|  0%| F|  |TAMS 0x000000074bf00000, 0x000000074bf00000| Untracked 
| 192|0x000000074c000000, 0x000000074c0f0198, 0x000000074c100000| 93%| S|CS|TAMS 0x000000074c000000, 0x000000074c000000| Complete 
| 193|0x000000074c100000, 0x000000074c200000, 0x000000074c200000|100%| S|CS|TAMS 0x000000074c100000, 0x000000074c100000| Complete 
| 194|0x000000074c200000, 0x000000074c300000, 0x000000074c300000|100%| S|CS|TAMS 0x000000074c200000, 0x000000074c200000| Complete 
| 195|0x000000074c300000, 0x000000074c400000, 0x000000074c400000|100%| S|CS|TAMS 0x000000074c300000, 0x000000074c300000| Complete 
| 196|0x000000074c400000, 0x000000074c400000, 0x000000074c500000|  0%| F|  |TAMS 0x000000074c400000, 0x000000074c400000| Untracked 
| 197|0x000000074c500000, 0x000000074c500000, 0x000000074c600000|  0%| F|  |TAMS 0x000000074c500000, 0x000000074c500000| Untracked 
| 198|0x000000074c600000, 0x000000074c600000, 0x000000074c700000|  0%| F|  |TAMS 0x000000074c600000, 0x000000074c600000| Untracked 
| 199|0x000000074c700000, 0x000000074c700000, 0x000000074c800000|  0%| F|  |TAMS 0x000000074c700000, 0x000000074c700000| Untracked 
| 200|0x000000074c800000, 0x000000074c800000, 0x000000074c900000|  0%| F|  |TAMS 0x000000074c800000, 0x000000074c800000| Untracked 
| 201|0x000000074c900000, 0x000000074c900000, 0x000000074ca00000|  0%| F|  |TAMS 0x000000074c900000, 0x000000074c900000| Untracked 
| 202|0x000000074ca00000, 0x000000074ca00000, 0x000000074cb00000|  0%| F|  |TAMS 0x000000074ca00000, 0x000000074ca00000| Untracked 
| 203|0x000000074cb00000, 0x000000074cb00000, 0x000000074cc00000|  0%| F|  |TAMS 0x000000074cb00000, 0x000000074cb00000| Untracked 
| 204|0x000000074cc00000, 0x000000074cc00000, 0x000000074cd00000|  0%| F|  |TAMS 0x000000074cc00000, 0x000000074cc00000| Untracked 
| 205|0x000000074cd00000, 0x000000074cd00000, 0x000000074ce00000|  0%| F|  |TAMS 0x000000074cd00000, 0x000000074cd00000| Untracked 
| 206|0x000000074ce00000, 0x000000074ce00000, 0x000000074cf00000|  0%| F|  |TAMS 0x000000074ce00000, 0x000000074ce00000| Untracked 
| 207|0x000000074cf00000, 0x000000074cf00000, 0x000000074d000000|  0%| F|  |TAMS 0x000000074cf00000, 0x000000074cf00000| Untracked 
| 208|0x000000074d000000, 0x000000074d000000, 0x000000074d100000|  0%| F|  |TAMS 0x000000074d000000, 0x000000074d000000| Untracked 
| 209|0x000000074d100000, 0x000000074d100000, 0x000000074d200000|  0%| F|  |TAMS 0x000000074d100000, 0x000000074d100000| Untracked 
| 210|0x000000074d200000, 0x000000074d200000, 0x000000074d300000|  0%| F|  |TAMS 0x000000074d200000, 0x000000074d200000| Untracked 
| 211|0x000000074d300000, 0x000000074d300000, 0x000000074d400000|  0%| F|  |TAMS 0x000000074d300000, 0x000000074d300000| Untracked 
| 212|0x000000074d400000, 0x000000074d400000, 0x000000074d500000|  0%| F|  |TAMS 0x000000074d400000, 0x000000074d400000| Untracked 
| 213|0x000000074d500000, 0x000000074d500000, 0x000000074d600000|  0%| F|  |TAMS 0x000000074d500000, 0x000000074d500000| Untracked 
| 214|0x000000074d600000, 0x000000074d600000, 0x000000074d700000|  0%| F|  |TAMS 0x000000074d600000, 0x000000074d600000| Untracked 
| 215|0x000000074d700000, 0x000000074d700000, 0x000000074d800000|  0%| F|  |TAMS 0x000000074d700000, 0x000000074d700000| Untracked 
| 216|0x000000074d800000, 0x000000074d800000, 0x000000074d900000|  0%| F|  |TAMS 0x000000074d800000, 0x000000074d800000| Untracked 
| 217|0x000000074d900000, 0x000000074d900000, 0x000000074da00000|  0%| F|  |TAMS 0x000000074d900000, 0x000000074d900000| Untracked 
| 218|0x000000074da00000, 0x000000074da00000, 0x000000074db00000|  0%| F|  |TAMS 0x000000074da00000, 0x000000074da00000| Untracked 
| 219|0x000000074db00000, 0x000000074db00000, 0x000000074dc00000|  0%| F|  |TAMS 0x000000074db00000, 0x000000074db00000| Untracked 
| 220|0x000000074dc00000, 0x000000074dc00000, 0x000000074dd00000|  0%| F|  |TAMS 0x000000074dc00000, 0x000000074dc00000| Untracked 
| 221|0x000000074dd00000, 0x000000074dd00000, 0x000000074de00000|  0%| F|  |TAMS 0x000000074dd00000, 0x000000074dd00000| Untracked 
| 222|0x000000074de00000, 0x000000074de00000, 0x000000074df00000|  0%| F|  |TAMS 0x000000074de00000, 0x000000074de00000| Untracked 
| 223|0x000000074df00000, 0x000000074df00800, 0x000000074e000000|  0%| E|  |TAMS 0x000000074df00000, 0x000000074df00000| Complete 
| 224|0x000000074e000000, 0x000000074e100000, 0x000000074e100000|100%| E|CS|TAMS 0x000000074e000000, 0x000000074e000000| Complete 
| 225|0x000000074e100000, 0x000000074e200000, 0x000000074e200000|100%| E|CS|TAMS 0x000000074e100000, 0x000000074e100000| Complete 
| 226|0x000000074e200000, 0x000000074e300000, 0x000000074e300000|100%| E|CS|TAMS 0x000000074e200000, 0x000000074e200000| Complete 
| 227|0x000000074e300000, 0x000000074e400000, 0x000000074e400000|100%| E|CS|TAMS 0x000000074e300000, 0x000000074e300000| Complete 
| 228|0x000000074e400000, 0x000000074e500000, 0x000000074e500000|100%| E|CS|TAMS 0x000000074e400000, 0x000000074e400000| Complete 
| 229|0x000000074e500000, 0x000000074e600000, 0x000000074e600000|100%| E|CS|TAMS 0x000000074e500000, 0x000000074e500000| Complete 
| 230|0x000000074e600000, 0x000000074e700000, 0x000000074e700000|100%| E|CS|TAMS 0x000000074e600000, 0x000000074e600000| Complete 
| 231|0x000000074e700000, 0x000000074e800000, 0x000000074e800000|100%| E|CS|TAMS 0x000000074e700000, 0x000000074e700000| Complete 
| 232|0x000000074e800000, 0x000000074e900000, 0x000000074e900000|100%| E|CS|TAMS 0x000000074e800000, 0x000000074e800000| Complete 
| 233|0x000000074e900000, 0x000000074ea00000, 0x000000074ea00000|100%| E|CS|TAMS 0x000000074e900000, 0x000000074e900000| Complete 
| 234|0x000000074ea00000, 0x000000074eb00000, 0x000000074eb00000|100%| E|CS|TAMS 0x000000074ea00000, 0x000000074ea00000| Complete 
| 235|0x000000074eb00000, 0x000000074ec00000, 0x000000074ec00000|100%| E|CS|TAMS 0x000000074eb00000, 0x000000074eb00000| Complete 
| 236|0x000000074ec00000, 0x000000074ed00000, 0x000000074ed00000|100%| E|CS|TAMS 0x000000074ec00000, 0x000000074ec00000| Complete 
| 237|0x000000074ed00000, 0x000000074ee00000, 0x000000074ee00000|100%| E|CS|TAMS 0x000000074ed00000, 0x000000074ed00000| Complete 
| 238|0x000000074ee00000, 0x000000074ef00000, 0x000000074ef00000|100%| E|CS|TAMS 0x000000074ee00000, 0x000000074ee00000| Complete 
| 239|0x000000074ef00000, 0x000000074f000000, 0x000000074f000000|100%| E|CS|TAMS 0x000000074ef00000, 0x000000074ef00000| Complete 
| 240|0x000000074f000000, 0x000000074f100000, 0x000000074f100000|100%| E|CS|TAMS 0x000000074f000000, 0x000000074f000000| Complete 
| 241|0x000000074f100000, 0x000000074f200000, 0x000000074f200000|100%| E|CS|TAMS 0x000000074f100000, 0x000000074f100000| Complete 
| 242|0x000000074f200000, 0x000000074f300000, 0x000000074f300000|100%| E|CS|TAMS 0x000000074f200000, 0x000000074f200000| Complete 
| 243|0x000000074f300000, 0x000000074f400000, 0x000000074f400000|100%| E|CS|TAMS 0x000000074f300000, 0x000000074f300000| Complete 
| 244|0x000000074f400000, 0x000000074f500000, 0x000000074f500000|100%| E|CS|TAMS 0x000000074f400000, 0x000000074f400000| Complete 
| 245|0x000000074f500000, 0x000000074f600000, 0x000000074f600000|100%| E|CS|TAMS 0x000000074f500000, 0x000000074f500000| Complete 
| 246|0x000000074f600000, 0x000000074f700000, 0x000000074f700000|100%| E|CS|TAMS 0x000000074f600000, 0x000000074f600000| Complete 
| 247|0x000000074f700000, 0x000000074f800000, 0x000000074f800000|100%| E|CS|TAMS 0x000000074f700000, 0x000000074f700000| Complete 
| 248|0x000000074f800000, 0x000000074f900000, 0x000000074f900000|100%| E|CS|TAMS 0x000000074f800000, 0x000000074f800000| Complete 
| 249|0x000000074f900000, 0x000000074fa00000, 0x000000074fa00000|100%| E|CS|TAMS 0x000000074f900000, 0x000000074f900000| Complete 
| 250|0x000000074fa00000, 0x000000074fb00000, 0x000000074fb00000|100%| E|CS|TAMS 0x000000074fa00000, 0x000000074fa00000| Complete 
| 251|0x000000074fb00000, 0x000000074fc00000, 0x000000074fc00000|100%| E|CS|TAMS 0x000000074fb00000, 0x000000074fb00000| Complete 
| 252|0x000000074fc00000, 0x000000074fd00000, 0x000000074fd00000|100%| E|CS|TAMS 0x000000074fc00000, 0x000000074fc00000| Complete 
| 253|0x000000074fd00000, 0x000000074fe00000, 0x000000074fe00000|100%| E|CS|TAMS 0x000000074fd00000, 0x000000074fd00000| Complete 
| 254|0x000000074fe00000, 0x000000074ff00000, 0x000000074ff00000|100%| E|CS|TAMS 0x000000074fe00000, 0x000000074fe00000| Complete 
| 255|0x000000074ff00000, 0x0000000750000000, 0x0000000750000000|100%| E|CS|TAMS 0x000000074ff00000, 0x000000074ff00000| Complete 

Card table byte_map: [0x000001a076580000,0x000001a076b80000] _byte_map_base: 0x000001a072b80000

Marking Bits (Prev, Next): (CMBitMap*) 0x000001a04fd7e718, (CMBitMap*) 0x000001a04fd7e750
 Prev Bits: [0x000001a077180000, 0x000001a07a180000)
 Next Bits: [0x000001a07a180000, 0x000001a07d180000)

Polling page: 0x000001a02a850000

Metaspace:

Usage:
  Non-class:     96.08 MB capacity,    94.62 MB ( 98%) used,     1.10 MB (  1%) free+waste,   367.00 KB ( <1%) overhead. 
      Class:     16.36 MB capacity,    15.20 MB ( 93%) used,  1009.24 KB (  6%) free+waste,   175.56 KB (  1%) overhead. 
       Both:    112.44 MB capacity,   109.83 MB ( 98%) used,     2.08 MB (  2%) free+waste,   542.56 KB ( <1%) overhead. 

Virtual space:
  Non-class space:       98.00 MB reserved,      96.25 MB ( 98%) committed 
      Class space:        1.00 GB reserved,      16.45 MB (  2%) committed 
             Both:        1.10 GB reserved,     112.70 MB ( 10%) committed 

Chunk freelists:
   Non-Class:  6.25 KB
       Class:  2.00 KB
        Both:  8.25 KB

CodeHeap 'non-profiled nmethods': size=120000Kb used=19507Kb max_used=21409Kb free=100492Kb
 bounds [0x000001a007ad0000, 0x000001a008fc0000, 0x000001a00f000000]
CodeHeap 'profiled nmethods': size=120000Kb used=41106Kb max_used=46638Kb free=78893Kb
 bounds [0x000001a0005a0000, 0x000001a003370000, 0x000001a007ad0000]
CodeHeap 'non-nmethods': size=5760Kb used=1724Kb max_used=1778Kb free=4035Kb
 bounds [0x000001a000000000, 0x000001a000270000, 0x000001a0005a0000]
 total_blobs=32666 nmethods=17454 adapters=1214
 compilation: enabled
              stopped_count=0, restarted_count=0
 full_count=0

Compilation events (10 events):
Event: 507.653 Thread 0x000001a0506a8800 nmethod 22791 0x000001a0085a5690 code [0x000001a0085a5840, 0x000001a0085a5958]
Event: 507.655 Thread 0x000001a0506a8800 22792       3       ui.dlg.c.b.A::addListSelectionListener (11 bytes)
Event: 507.655 Thread 0x000001a0506a8800 nmethod 22792 0x000001a0015a1e90 code [0x000001a0015a2060, 0x000001a0015a2230]
Event: 507.656 Thread 0x000001a0506a8800 22794       3       javax.swing.JTabbedPane::fireStateChanged (197 bytes)
Event: 507.657 Thread 0x000001a0506a8800 nmethod 22794 0x000001a0019f8710 code [0x000001a0019f8a00, 0x000001a0019f9f20]
Event: 507.657 Thread 0x000001a0506a8800 22793       3       com.jidesoft.swing.JideTabbedPane::fireStateChanged (24 bytes)
Event: 507.658 Thread 0x000001a0506a8800 nmethod 22793 0x000001a0018ffe10 code [0x000001a0019000a0, 0x000001a001900bf0]
Event: 507.666 Thread 0x000001a015c55000 22795       4       ui.data.p.b.c.k::cleanup (15 bytes)
Event: 507.668 Thread 0x000001a015c55000 nmethod 22795 0x000001a0085a5310 code [0x000001a0085a54a0, 0x000001a0085a55f8]
Event: 507.668 Thread 0x000001a015c55000 22778       4       javax.swing.text.JTextComponent$DefaultKeymap::getAction (36 bytes)

GC Heap History (10 events):
Event: 498.640 GC heap before
{Heap before GC invocations=114 (full 5):
 garbage-first heap   total 262144K, used 187046K [0x0000000740000000, 0x0000000800000000)
  region size 1024K, 60 young (61440K), 4 survivors (4096K)
 Metaspace       used 112340K, capacity 115068K, committed 115408K, reserved 1148928K
  class space    used 15566K, capacity 16751K, committed 16844K, reserved 1048576K
}
Event: 498.645 GC heap after
{Heap after GC invocations=115 (full 5):
 garbage-first heap   total 262144K, used 130345K [0x0000000740000000, 0x0000000800000000)
  region size 1024K, 5 young (5120K), 5 survivors (5120K)
 Metaspace       used 112340K, capacity 115068K, committed 115408K, reserved 1148928K
  class space    used 15566K, capacity 16751K, committed 16844K, reserved 1048576K
}
Event: 506.644 GC heap before
{Heap before GC invocations=115 (full 5):
 garbage-first heap   total 262144K, used 186665K [0x0000000740000000, 0x0000000800000000)
  region size 1024K, 60 young (61440K), 5 survivors (5120K)
 Metaspace       used 112397K, capacity 115068K, committed 115408K, reserved 1148928K
  class space    used 15566K, capacity 16751K, committed 16844K, reserved 1048576K
}
Event: 506.649 GC heap after
{Heap after GC invocations=116 (full 5):
 garbage-first heap   total 262144K, used 130503K [0x0000000740000000, 0x0000000800000000)
  region size 1024K, 5 young (5120K), 5 survivors (5120K)
 Metaspace       used 112397K, capacity 115068K, committed 115408K, reserved 1148928K
  class space    used 15566K, capacity 16751K, committed 16844K, reserved 1048576K
}
Event: 506.917 GC heap before
{Heap before GC invocations=117 (full 5):
 garbage-first heap   total 262144K, used 186823K [0x0000000740000000, 0x0000000800000000)
  region size 1024K, 60 young (61440K), 5 survivors (5120K)
 Metaspace       used 112405K, capacity 115132K, committed 115408K, reserved 1148928K
  class space    used 15566K, capacity 16751K, committed 16844K, reserved 1048576K
}
Event: 506.922 GC heap after
{Heap after GC invocations=118 (full 5):
 garbage-first heap   total 262144K, used 130488K [0x0000000740000000, 0x0000000800000000)
  region size 1024K, 5 young (5120K), 5 survivors (5120K)
 Metaspace       used 112405K, capacity 115132K, committed 115408K, reserved 1148928K
  class space    used 15566K, capacity 16751K, committed 16844K, reserved 1048576K
}
Event: 507.127 GC heap before
{Heap before GC invocations=118 (full 5):
 garbage-first heap   total 262144K, used 186808K [0x0000000740000000, 0x0000000800000000)
  region size 1024K, 60 young (61440K), 5 survivors (5120K)
 Metaspace       used 112413K, capacity 115132K, committed 115408K, reserved 1148928K
  class space    used 15566K, capacity 16751K, committed 16844K, reserved 1048576K
}
Event: 507.132 GC heap after
{Heap after GC invocations=119 (full 5):
 garbage-first heap   total 262144K, used 131173K [0x0000000740000000, 0x0000000800000000)
  region size 1024K, 5 young (5120K), 5 survivors (5120K)
 Metaspace       used 112413K, capacity 115132K, committed 115408K, reserved 1148928K
  class space    used 15566K, capacity 16751K, committed 16844K, reserved 1048576K
}
Event: 507.462 GC heap before
{Heap before GC invocations=120 (full 5):
 garbage-first heap   total 262144K, used 187493K [0x0000000740000000, 0x0000000800000000)
  region size 1024K, 60 young (61440K), 5 survivors (5120K)
 Metaspace       used 112446K, capacity 115138K, committed 115408K, reserved 1148928K
  class space    used 15567K, capacity 16752K, committed 16844K, reserved 1048576K
}
Event: 507.469 GC heap after
{Heap after GC invocations=121 (full 5):
 garbage-first heap   total 262144K, used 131775K [0x0000000740000000, 0x0000000800000000)
  region size 1024K, 4 young (4096K), 4 survivors (4096K)
 Metaspace       used 112446K, capacity 115138K, committed 115408K, reserved 1148928K
  class space    used 15567K, capacity 16752K, committed 16844K, reserved 1048576K
}

Deoptimization events (10 events):
Event: 400.998 Thread 0x000001a035a58000 Uncommon trap: reason=class_check action=maybe_recompile pc=0x000001a008cd35c8 method=sun.java2d.pipe.PixelToParallelogramConverter.draw(Lsun/java2d/SunGraphics2D;Ljava/awt/Shape;)V @ 156 c2
Event: 401.076 Thread 0x000001a035a58000 Uncommon trap: reason=unstable_if action=reinterpret pc=0x000001a00854a484 method=sun.java2d.SunGraphics2D.setColor(Ljava/awt/Color;)V @ 90 c2
Event: 401.076 Thread 0x000001a035a58000 Uncommon trap: reason=class_check action=maybe_recompile pc=0x000001a008992174 method=sun.java2d.pipe.SpanShapeRenderer.renderRect(Lsun/java2d/SunGraphics2D;Ljava/awt/geom/Rectangle2D;)V @ 6 c2
Event: 401.077 Thread 0x000001a035a58000 Uncommon trap: reason=class_check action=maybe_recompile pc=0x000001a008992174 method=sun.java2d.pipe.SpanShapeRenderer.renderRect(Lsun/java2d/SunGraphics2D;Ljava/awt/geom/Rectangle2D;)V @ 6 c2
Event: 401.077 Thread 0x000001a035a58000 Uncommon trap: reason=class_check action=maybe_recompile pc=0x000001a008992174 method=sun.java2d.pipe.SpanShapeRenderer.renderRect(Lsun/java2d/SunGraphics2D;Ljava/awt/geom/Rectangle2D;)V @ 6 c2
Event: 406.796 Thread 0x000001a035a58000 Uncommon trap: reason=unstable_if action=reinterpret pc=0x000001a0083f1784 method=com.jidesoft.plaf.basic.BasicStyledLabelUI.internalPaintStyledText(Lcom/jidesoft/swing/StyledLabel;Ljava/awt/Graphics;III)I @ 138 c2
Event: 448.435 Thread 0x000001a035a58000 Uncommon trap: reason=unstable_if action=reinterpret pc=0x000001a0089fd248 method=com.jidesoft.plaf.basic.BasicJideTabbedPaneUI.tabForCoordinate(Ljavax/swing/JTabbedPane;II)I @ 60 c2
Event: 458.054 Thread 0x000001a035a58000 Uncommon trap: reason=unstable_if action=reinterpret pc=0x000001a0084e1590 method=ui.utils.lnf.HSyntheticaJideTabbedPaneUI.paintText(Ljava/awt/Graphics;ILjava/awt/Font;Ljava/awt/FontMetrics;ILjava/lang/String;Ljava/awt/Rectangle;Z)V @ 500 c2
Event: 476.131 Thread 0x000001a035a58000 Uncommon trap: reason=unstable_if action=reinterpret pc=0x000001a008dfde70 method=com.jidesoft.document.c.a(Ljava/awt/AWTEvent;)V @ 398 c2
Event: 499.933 Thread 0x000001a035a58000 Uncommon trap: reason=class_check action=maybe_recompile pc=0x000001a007e84d2c method=com.jidesoft.swing.JideSwingUtilities.getButtonState(Ljavax/swing/AbstractButton;)I @ 37 c2

Classes redefined (0 events):
No events

Internal exceptions (10 events):
Event: 483.403 Thread 0x000001a035a58000 Exception <a 'java/io/FileNotFoundException'{0x000000074d7a9368}> (0x000000074d7a9368) thrown at [t:/workspace/open/src/hotspot/share/prims/jni.cpp, line 615]
Event: 488.404 Thread 0x000001a035a58000 Exception <a 'java/io/FileNotFoundException'{0x000000074d35e270}> (0x000000074d35e270) thrown at [t:/workspace/open/src/hotspot/share/prims/jni.cpp, line 615]
Event: 488.404 Thread 0x000001a035a58000 Exception <a 'java/io/FileNotFoundException'{0x000000074d35ea20}> (0x000000074d35ea20) thrown at [t:/workspace/open/src/hotspot/share/prims/jni.cpp, line 615]
Event: 493.405 Thread 0x000001a035a58000 Exception <a 'java/io/FileNotFoundException'{0x000000074fde8048}> (0x000000074fde8048) thrown at [t:/workspace/open/src/hotspot/share/prims/jni.cpp, line 615]
Event: 493.405 Thread 0x000001a035a58000 Exception <a 'java/io/FileNotFoundException'{0x000000074fde87f8}> (0x000000074fde87f8) thrown at [t:/workspace/open/src/hotspot/share/prims/jni.cpp, line 615]
Event: 498.480 Thread 0x000001a035a58000 Exception <a 'java/io/FileNotFoundException'{0x000000074e751b10}> (0x000000074e751b10) thrown at [t:/workspace/open/src/hotspot/share/prims/jni.cpp, line 615]
Event: 498.480 Thread 0x000001a035a58000 Exception <a 'java/io/FileNotFoundException'{0x000000074e7522c0}> (0x000000074e7522c0) thrown at [t:/workspace/open/src/hotspot/share/prims/jni.cpp, line 615]
Event: 503.407 Thread 0x000001a035a58000 Exception <a 'java/io/FileNotFoundException'{0x000000074dbd3c20}> (0x000000074dbd3c20) thrown at [t:/workspace/open/src/hotspot/share/prims/jni.cpp, line 615]
Event: 503.407 Thread 0x000001a035a58000 Exception <a 'java/io/FileNotFoundException'{0x000000074dbd4920}> (0x000000074dbd4920) thrown at [t:/workspace/open/src/hotspot/share/prims/jni.cpp, line 615]
Event: 507.214 Thread 0x000001a015c4b000 Exception <a 'java/lang/InterruptedException'{0x000000074ff012d0}: sleep interrupted> (0x000000074ff012d0) thrown at [t:/workspace/open/src/hotspot/share/prims/jvm.cpp, line 3091]

Events (10 events):
Event: 507.238 Executing VM operation: CGC_Operation done
Event: 507.293 Executing VM operation: CGC_Operation
Event: 507.293 Executing VM operation: CGC_Operation done
Event: 507.462 Executing VM operation: G1CollectForAllocation
Event: 507.469 Executing VM operation: G1CollectForAllocation done
Event: 507.657 Thread 0x000001a015c55800 Thread added: 0x000001a015c55800
Event: 507.657 Thread 0x000001a015c55000 Thread added: 0x000001a015c55000
Event: 507.663 Thread 0x000001a015c56800 Thread added: 0x000001a015c56800
Event: 507.673 Thread 0x000001a015c56800 Thread exited: 0x000001a015c56800
Event: 507.673 Executing VM operation: G1CollectFull


Dynamic libraries:
0x00007ff790a60000 - 0x00007ff790a91000 	C:\Xilinx\Vivado\2021.1\bin\unwrapped\win64.o\vivado.exe
0x00007ffbecf10000 - 0x00007ffbed108000 	C:\Windows\SYSTEM32\ntdll.dll
0x00007ffbeb040000 - 0x00007ffbeb0ff000 	C:\Windows\System32\KERNEL32.DLL
0x00007ffbea8d0000 - 0x00007ffbeabaa000 	C:\Windows\System32\KERNELBASE.dll
0x00007ffbea7d0000 - 0x00007ffbea8d0000 	C:\Windows\System32\ucrtbase.dll
0x00007ffbd5820000 - 0x00007ffbd583b000 	C:\Windows\SYSTEM32\VCRUNTIME140.dll
0x00007ffbce9f0000 - 0x00007ffbcea7e000 	C:\Windows\SYSTEM32\MSVCP140.dll
0x00007ffbd0d30000 - 0x00007ffbd0d48000 	C:\Xilinx\Vivado\2021.1\lib\win64.o\librdi_commonmain.dll
0x00007ffbd5630000 - 0x00007ffbd563c000 	C:\Windows\SYSTEM32\VCRUNTIME140_1.dll
0x00007ffbd0390000 - 0x00007ffbd03b1000 	C:\Xilinx\Vivado\2021.1\lib\win64.o\libboost_filesystem.dll
0x00007ffbd3250000 - 0x00007ffbd3259000 	C:\Xilinx\Vivado\2021.1\lib\win64.o\librdi_commonversion.dll
0x00007ffbeb2b0000 - 0x00007ffbeb35e000 	C:\Windows\System32\ADVAPI32.dll
0x00007ffbebae0000 - 0x00007ffbebb7e000 	C:\Windows\System32\msvcrt.dll
0x00007ffb9d220000 - 0x00007ffb9e4ca000 	C:\Xilinx\Vivado\2021.1\lib\win64.o\librdi_common.dll
0x00007ffbeb390000 - 0x00007ffbeb42c000 	C:\Windows\System32\sechost.dll
0x00007ffbeb100000 - 0x00007ffbeb226000 	C:\Windows\System32\RPCRT4.dll
0x00007ffbebbc0000 - 0x00007ffbebd5d000 	C:\Windows\System32\USER32.dll
0x00007ffb9d080000 - 0x00007ffb9d21c000 	C:\Xilinx\Vivado\2021.1\lib\win64.o\librdi_commonxillic.dll
0x00007ffbeac20000 - 0x00007ffbeac42000 	C:\Windows\System32\win32u.dll
0x00007ffbeb240000 - 0x00007ffbeb2ab000 	C:\Windows\System32\WS2_32.dll
0x0000000067ed0000 - 0x0000000067ffb000 	C:\Xilinx\Vivado\2021.1\lib\win64.o\tcl85t.dll
0x00007ffbebb90000 - 0x00007ffbebbbb000 	C:\Windows\System32\GDI32.dll
0x00007ffbea670000 - 0x00007ffbea697000 	C:\Windows\System32\bcrypt.dll
0x00007ffbeac50000 - 0x00007ffbead60000 	C:\Windows\System32\gdi32full.dll
0x00007ffbea730000 - 0x00007ffbea7cd000 	C:\Windows\System32\msvcp_win.dll
0x00007ffbebd60000 - 0x00007ffbec4a4000 	C:\Windows\System32\SHELL32.dll
0x00007ffb9cd10000 - 0x00007ffb9d07e000 	C:\Xilinx\Vivado\2021.1\lib\win64.o\libCOIN-all.dll
0x00007ffbd0070000 - 0x00007ffbd0081000 	C:\Xilinx\Vivado\2021.1\lib\win64.o\libboost_date_time.dll
0x00007ffbb2a80000 - 0x00007ffbb2af9000 	C:\Xilinx\Vivado\2021.1\lib\win64.o\libboost_program_options.dll
0x00007ffb9cbf0000 - 0x00007ffb9cd04000 	C:\Xilinx\Vivado\2021.1\lib\win64.o\libboost_regex.dll
0x00007ffbcfca0000 - 0x00007ffbcfcbc000 	C:\Xilinx\Vivado\2021.1\lib\win64.o\libboost_thread.dll
0x00007ffbd0d20000 - 0x00007ffbd0d2c000 	C:\Xilinx\Vivado\2021.1\lib\win64.o\libboost_xilinx.dll
0x00007ffb9cb60000 - 0x00007ffb9cbe2000 	C:\Xilinx\Vivado\2021.1\lib\win64.o\libhdlpsolve.dll
0x00007ffb9cab0000 - 0x00007ffb9cb55000 	C:\Xilinx\Vivado\2021.1\lib\win64.o\libhdxml.dll
0x00007ffbce9c0000 - 0x00007ffbce9ea000 	C:\Xilinx\Vivado\2021.1\lib\win64.o\libisl_sysinfo.dll
0x00007ffb9ba90000 - 0x00007ffb9baf5000 	C:\Xilinx\Vivado\2021.1\lib\win64.o\liblmx6.0.dll
0x00007ffbce9a0000 - 0x00007ffbce9ba000 	C:\Xilinx\Vivado\2021.1\lib\win64.o\pthreadVC2.dll
0x00007ffbcbe30000 - 0x00007ffbcbe4c000 	C:\Xilinx\Vivado\2021.1\lib\win64.o\librdiconfig.dll
0x00007ffbecd40000 - 0x00007ffbecd95000 	C:\Windows\System32\SHLWAPI.dll
0x00007ffbc0cc0000 - 0x00007ffbc0ce1000 	C:\Xilinx\Vivado\2021.1\lib\win64.o\librdizlib.dll
0x0000000012000000 - 0x0000000012270000 	C:\Xilinx\Vivado\2021.1\lib\win64.o\xerces-c_3_1.dll
0x00007ffb9b770000 - 0x00007ffb9ba86000 	C:\Xilinx\Vivado\2021.1\lib\win64.o\libXil_lmgr11.dll
0x00007ffbecb50000 - 0x00007ffbecc2a000 	C:\Windows\System32\COMDLG32.dll
0x00007ffbec7f0000 - 0x00007ffbecb44000 	C:\Windows\System32\combase.dll
0x00007ffbec6e0000 - 0x00007ffbec78d000 	C:\Windows\System32\shcore.dll
0x00007ffb9bb00000 - 0x00007ffb9caa1200 	C:\Xilinx\Vivado\2021.1\lib\win64.o\libisl_iostreams.dll
0x00007ffbeaf70000 - 0x00007ffbeb03d000 	C:\Windows\System32\OLEAUT32.dll
0x00007ffbecda0000 - 0x00007ffbececa000 	C:\Windows\System32\ole32.dll
0x00007ffbd9480000 - 0x00007ffbd9499000 	C:\Windows\SYSTEM32\NETAPI32.dll
0x00007ffbeabb0000 - 0x00007ffbeac17000 	C:\Windows\System32\WINTRUST.dll
0x00007ffbb6900000 - 0x00007ffbb6dd9000 	C:\Windows\SYSTEM32\WININET.dll
0x00007ffbe95a0000 - 0x00007ffbe96aa000 	C:\Windows\SYSTEM32\WINHTTP.dll
0x00007ffbead60000 - 0x00007ffbeaeb6000 	C:\Windows\System32\CRYPT32.dll
0x00007ffbe0a40000 - 0x00007ffbe0c2c000 	C:\Windows\SYSTEM32\urlmon.dll
0x00007ffbd3920000 - 0x00007ffbd3929000 	C:\Windows\SYSTEM32\WSOCK32.dll
0x00007ffbb67c0000 - 0x00007ffbb67f1000 	C:\Windows\SYSTEM32\VCOMP140.DLL
0x00007ffb99850000 - 0x00007ffb9b767000 	C:\Xilinx\Vivado\2021.1\lib\win64.o\gurobi90.dll
0x00007ffbdb6b0000 - 0x00007ffbdb760000 	C:\Windows\WinSxS\amd64_microsoft.windows.common-controls_6595b64144ccf1df_5.82.19041.1110_none_792d1c772443f647\COMCTL32.dll
0x00007ffbecc30000 - 0x00007ffbecc86000 	C:\Windows\System32\WLDAP32.dll
0x00007ffbebb80000 - 0x00007ffbebb88000 	C:\Windows\System32\Normaliz.dll
0x00007ffbcbe10000 - 0x00007ffbcbe28000 	C:\Xilinx\Vivado\2021.1\lib\win64.o\libboost_iostreams.dll
0x00007ffbe4d30000 - 0x00007ffbe4d4d000 	C:\Windows\SYSTEM32\dhcpcsvc.DLL
0x00007ffbb5440000 - 0x00007ffbb5464000 	C:\Xilinx\Vivado\2021.1\lib\win64.o\libisl_iosutils.dll
0x00007ffbea520000 - 0x00007ffbea54e000 	C:\Windows\SYSTEM32\USERENV.dll
0x00007ffbe3400000 - 0x00007ffbe36b1000 	C:\Windows\SYSTEM32\iertutil.dll
0x00007ffbe9190000 - 0x00007ffbe91b8000 	C:\Windows\SYSTEM32\srvcli.dll
0x00007ffbe9b00000 - 0x00007ffbe9b0c000 	C:\Windows\SYSTEM32\netutils.dll
0x00007ffbe9d00000 - 0x00007ffbe9d6a000 	C:\Windows\SYSTEM32\MSWSOCK.DLL
0x00007ffbeb360000 - 0x00007ffbeb390000 	C:\Windows\System32\IMM32.DLL
0x00007ffbea130000 - 0x00007ffbea142000 	C:\Windows\SYSTEM32\MSASN1.dll
0x00007ffbe8370000 - 0x00007ffbe8382000 	C:\Windows\SYSTEM32\kernel.appcore.dll
0x00007ffb991a0000 - 0x00007ffb996d3000 	C:\Xilinx\Vivado\2021.1\lib\win64.o\librdi_commontasks.dll
0x00007ffbe3920000 - 0x00007ffbe392a000 	C:\Windows\SYSTEM32\VERSION.dll
0x00007ffb98e80000 - 0x00007ffb991a0000 	C:\Xilinx\Vivado\2021.1\lib\win64.o\librdi_sio.dll
0x00007ffbe99f0000 - 0x00007ffbe9a2c000 	C:\Windows\SYSTEM32\IPHLPAPI.DLL
0x00007ffb98350000 - 0x00007ffb98e73000 	C:\Xilinx\Vivado\2021.1\tps\win64\jre11.0.2\bin\server\jvm.dll
0x00007ffbeb230000 - 0x00007ffbeb238000 	C:\Windows\System32\PSAPI.DLL
0x00007ffbdcab0000 - 0x00007ffbdcad7000 	C:\Windows\SYSTEM32\WINMM.dll
0x00007ffbe8570000 - 0x00007ffbe8d03000 	C:\Windows\SYSTEM32\windows.storage.dll
0x00007ffbe9fa0000 - 0x00007ffbe9fce000 	C:\Windows\SYSTEM32\Wldp.dll
0x00007ffb955a0000 - 0x00007ffb98130000 	C:\Xilinx\Vivado\2021.1\lib\win64.o\librdi_tcltasks.dll
0x00007ffb997d0000 - 0x00007ffb9984e000 	C:\Xilinx\Vivado\2021.1\lib\win64.o\librdi_boarddep.dll
0x00007ffb950d0000 - 0x00007ffb955a0000 	C:\Xilinx\Vivado\2021.1\lib\win64.o\librdi_bitstream.dll
0x00007ffb94f10000 - 0x00007ffb950c8000 	C:\Xilinx\Vivado\2021.1\lib\win64.o\librdi_board.dll
0x00007ffb94e10000 - 0x00007ffb94f07000 	C:\Xilinx\Vivado\2021.1\lib\win64.o\librdi_chipscope.dll
0x00007ffb94c10000 - 0x00007ffb94e06000 	C:\Xilinx\Vivado\2021.1\lib\win64.o\librdi_chipscopeimpl.dll
0x00007ffb92d60000 - 0x00007ffb94c04000 	C:\Xilinx\Vivado\2021.1\lib\win64.o\librdi_constraints.dll
0x00007ffb92c00000 - 0x00007ffb92d5f000 	C:\Xilinx\Vivado\2021.1\lib\win64.o\librdi_containers.dll
0x00007ffb8ffd0000 - 0x00007ffb906f0000 	C:\Xilinx\Vivado\2021.1\lib\win64.o\librdi_coregenipxact.dll
0x00007ffb906f0000 - 0x00007ffb92bf9000 	C:\Xilinx\Vivado\2021.1\lib\win64.o\librdi_coregen.dll
0x00007ffb8e1b0000 - 0x00007ffb8ffcc000 	C:\Xilinx\Vivado\2021.1\lib\win64.o\librdi_designutils.dll
0x00007ffb72080000 - 0x00007ffb723e1000 	C:\Xilinx\Vivado\2021.1\lib\win64.o\librdi_dlyest.dll
0x00007ffb719f0000 - 0x00007ffb72075000 	C:\Xilinx\Vivado\2021.1\lib\win64.o\librdi_drc.dll
0x00007ffb723f0000 - 0x00007ffb8e1b0000 	C:\Xilinx\Vivado\2021.1\lib\win64.o\librdi_device.dll
0x00007ffb71930000 - 0x00007ffb719e5000 	C:\Xilinx\Vivado\2021.1\lib\win64.o\librdi_dsp.dll
0x00007ffb712b0000 - 0x00007ffb7192b000 	C:\Xilinx\Vivado\2021.1\lib\win64.o\librdi_filemgmt.dll
0x00007ffb70f80000 - 0x00007ffb712a7000 	C:\Xilinx\Vivado\2021.1\lib\win64.o\librdi_guitools.dll
0x00007ffb99760000 - 0x00007ffb997c9000 	C:\Xilinx\Vivado\2021.1\lib\win64.o\librdi_hdf.dll
0x00007ffb70cf0000 - 0x00007ffb70f77000 	C:\Xilinx\Vivado\2021.1\lib\win64.o\librdi_hip_devdesign.dll
0x00007ffb70ba0000 - 0x00007ffb70ce7000 	C:\Xilinx\Vivado\2021.1\lib\win64.o\librdi_hip_perf_analysis.dll
0x00007ffb6eaf0000 - 0x00007ffb7017a000 	C:\Xilinx\Vivado\2021.1\lib\win64.o\librdi_implflow.dll
0x00007ffb70a90000 - 0x00007ffb70b9b000 	C:\Xilinx\Vivado\2021.1\lib\win64.o\librdi_ipconfig_readwrite.dll
0x00007ffb6dfc0000 - 0x00007ffb6eae6000 	C:\Xilinx\Vivado\2021.1\lib\win64.o\librdi_cdoutil.dll
0x00007ffb70440000 - 0x00007ffb70a8e000 	C:\Xilinx\Vivado\2021.1\lib\win64.o\librdi_memdata.dll
0x00007ffb703c0000 - 0x00007ffb70433000 	C:\Xilinx\Vivado\2021.1\lib\win64.o\librdi_memoryarray.dll
0x00007ffb6b380000 - 0x00007ffb6bab8000 	C:\Xilinx\Vivado\2021.1\lib\win64.o\librdi_netlist.dll
0x00007ffb70350000 - 0x00007ffb703c0000 	C:\Xilinx\Vivado\2021.1\lib\win64.o\librdi_noc_frameworks.dll
0x00007ffb702f0000 - 0x00007ffb70346000 	C:\Xilinx\Vivado\2021.1\lib\win64.o\librdi_pfi.dll
0x00007ffb6bac0000 - 0x00007ffb6dfbb000 	C:\Xilinx\Vivado\2021.1\lib\win64.o\librdi_mig.dll
0x00007ffb6aa30000 - 0x00007ffb6ade1000 	C:\Xilinx\Vivado\2021.1\lib\win64.o\librdi_platform.dll
0x00007ffb6a190000 - 0x00007ffb6aa2c000 	C:\Xilinx\Vivado\2021.1\lib\win64.o\librdi_power.dll
0x00007ffb65c20000 - 0x00007ffb662f0000 	C:\Xilinx\Vivado\2021.1\lib\win64.o\librdi_project.dll
0x00007ffb662f0000 - 0x00007ffb69555000 	C:\Xilinx\Vivado\2021.1\lib\win64.o\librdi_place.dll
0x00007ffb654f0000 - 0x00007ffb65c19000 	C:\Xilinx\Vivado\2021.1\lib\win64.o\librdi_psta.dll
0x00007ffb69fa0000 - 0x00007ffb6a185000 	C:\Xilinx\Vivado\2021.1\lib\win64.o\librdi_advchipscopeimpl.dll
0x00007ffb63420000 - 0x00007ffb63cb5000 	C:\Xilinx\Vivado\2021.1\lib\win64.o\librdi_rsb.dll
0x00007ffb62ee0000 - 0x00007ffb63411000 	C:\Xilinx\Vivado\2021.1\lib\win64.o\librdi_runs.dll
0x00007ffb69e80000 - 0x00007ffb69f95000 	C:\Xilinx\Vivado\2021.1\lib\win64.o\librdi_runsbase.dll
0x00007ffb65020000 - 0x00007ffb65298000 	C:\Xilinx\Vivado\2021.1\lib\win64.o\librdi_simdata.dll
0x00007ffb60c70000 - 0x00007ffb61d1c000 	C:\Xilinx\Vivado\2021.1\lib\win64.o\librdi_timing.dll
0x00007ffb63f30000 - 0x00007ffb64044000 	C:\Xilinx\Vivado\2021.1\lib\win64.o\librdi_xhub.dll
0x00007ffb65440000 - 0x00007ffb654e7000 	C:\Xilinx\Vivado\2021.1\lib\win64.o\librdi_xhubtasks.dll
0x00007ffbb4d00000 - 0x00007ffbb4d44000 	C:\Xilinx\Vivado\2021.1\lib\win64.o\libboost_serialization.dll
0x00007ffbb2640000 - 0x00007ffbb268a000 	C:\Xilinx\Vivado\2021.1\lib\win64.o\libboost_graph.dll
0x00007ffb62da0000 - 0x00007ffb62edf000 	C:\Xilinx\Vivado\2021.1\lib\win64.o\librdi_bda.dll
0x00007ffb62290000 - 0x00007ffb62aaa000 	C:\Xilinx\Vivado\2021.1\lib\win64.o\librdi_ippcw.dll
0x00007ffb61f50000 - 0x00007ffb62283000 	C:\Xilinx\Vivado\2021.1\lib\win64.o\librdi_hip_config.dll
0x00007ffb5fbd0000 - 0x00007ffb60726000 	C:\Xilinx\Vivado\2021.1\lib\win64.o\libverific.dll

dbghelp: loaded successfully - version: 4.0.5 - missing functions: none
symbol engine: initialized successfully - sym options: 0x614 - pdb path: .;C:\Xilinx\Vivado\2021.1\bin\unwrapped\win64.o;C:\Windows\SYSTEM32;C:\Xilinx\Vivado\2021.1\lib\win64.o;C:\Windows\WinSxS\amd64_microsoft.windows.common-controls_6595b64144ccf1df_5.82.19041.1110_none_792d1c772443f647;C:\Xilinx\Vivado\2021.1\tps\win64\jre11.0.2\bin\server;C:\Xilinx\Vivado\2021.1\tps\win64\python-3.8.3;C:\Xilinx\Vivado\2021.1\tps\win64\jre11.0.2\bin;C:\Windows\WinSxS\amd64_microsoft.windows.common-controls_6595b64144ccf1df_6.0.19041.1110_none_60b5254171f9507e

VM Arguments:
jvm_args: -Dsun.java2d.pmoffscreen=false -Dhttps.protocols=TLSv1,TLSv1.1,TLSv1.2 -Dsun.java2d.xrender=false -Dsun.java2d.d3d=false -Dsun.awt.nopixfmt=true -Dsun.java2d.dpiaware=true -Dsun.java2d.uiScale.enabled=false -Xverify:none -Dswing.aatext=true -XX:-UsePerfData -Djdk.map.althashing.threshold=512 -XX:StringTableSize=4072 --add-opens=java.base/java.nio=ALL-UNNAMED --add-opens=java.desktop/sun.swing=ALL-UNNAMED --add-opens=java.desktop/javax.swing=ALL-UNNAMED --add-opens=java.desktop/javax.swing.tree=ALL-UNNAMED --add-opens=java.desktop/javax.swing.plaf.basic=ALL-UNNAMED --add-opens=java.desktop/javax.swing.plaf.synth=ALL-UNNAMED --add-opens=java.desktop/com.sun.awt=ALL-UNNAMED -XX:NewSize=60m -XX:MaxNewSize=60m -Xms256m -Xmx3072m -Xss5m 
java_command: <unknown>
java_class_path (initial): C:/Xilinx/Vivado/2021.1\lib\classes\alloy.jar;C:/Xilinx/Vivado/2021.1\lib\classes\autoesl-models.jar;C:/Xilinx/Vivado/2021.1\lib\classes\autopilot.scelaborator.jar;C:/Xilinx/Vivado/2021.1\lib\classes\autopilot.sourceprocessor.jar;C:/Xilinx/Vivado/2021.1\lib\classes\autopilot.tbprocessor.jar;C:/Xilinx/Vivado/2021.1\lib\classes\batik-anim.jar;C:/Xilinx/Vivado/2021.1\lib\classes\batik-awt-util.jar;C:/Xilinx/Vivado/2021.1\lib\classes\batik-bridge.jar;C:/Xilinx/Vivado/2021.1\lib\classes\batik-codec.jar;C:/Xilinx/Vivado/2021.1\lib\classes\batik-css.jar;C:/Xilinx/Vivado/2021.1\lib\classes\batik-dom.jar;C:/Xilinx/Vivado/2021.1\lib\classes\batik-ext.jar;C:/Xilinx/Vivado/2021.1\lib\classes\batik-gui-util.jar;C:/Xilinx/Vivado/2021.1\lib\classes\batik-gvt.jar;C:/Xilinx/Vivado/2021.1\lib\classes\batik-parser.jar;C:/Xilinx/Vivado/2021.1\lib\classes\batik-script.jar;C:/Xilinx/Vivado/2021.1\lib\classes\batik-svg-dom.jar;C:/Xilinx/Vivado/2021.1\lib\classes\batik-svggen.jar;C:/Xilinx/Vivado/2021.1\lib\classes\batik-swing.jar;C:/Xilinx/Vivado/2021.1\lib\classes\batik-transcoder.jar;C:/Xilinx/Vivado/2021.1\lib\classes\batik-util.jar;C:/Xilinx/Vivado/2021.1\lib\classes\batik-xml.jar;C:/Xilinx/Vivado/2021.1\lib\classes\com.google.gson_2.8.2.v20180104-1110.jar;C:/Xilinx/Vivado/2021.1\lib\classes\com.google.guava_27.1.0.v20190517-1946.jar;C:/Xilinx/Vivado/2021.1\lib\classes\com.ibm.icu_4.4.2.v20110208.jar;C:/Xilinx/Vivado/2021.1\lib\classes\com.sigasi.hdt.connection_4.11.0.202105170810.jar;C:/Xilinx/Vivado/2021.1\lib\classes\com.sigasi.hdt.epl_4.11.0.202105170810.jar;C:/Xilinx/Vivado/2021.1\lib\classes\com.sigasi.hdt.project_4.11.0.202105170810.jar;C:/Xilinx/Vivado/2021.1\lib\classes\com.sigasi.hdt.readonlyfilesystem_4.11.0.202105170810.jar;C:/Xilinx/Vivado/2021.1\lib\classes\com.sigasi.hdt.shared_4.11.0.202105170810.jar;C:/Xilinx/Vivado/2021.1\lib\classes\com.sigasi.lcm_4.11.0.202105170810.jar;C:/Xilinx/Vivado/2021.1\lib\classes\com.sigasi.sdk.client_4.11.0.20
Launcher Type: generic

[Global flags]
     bool BytecodeVerificationLocal                = false                                     {product} {command line}
     bool BytecodeVerificationRemote               = false                                     {product} {command line}
     intx CICompilerCount                          = 4                                         {product} {ergonomic}
     uint ConcGCThreads                            = 2                                         {product} {ergonomic}
     uint G1ConcRefinementThreads                  = 8                                         {product} {ergonomic}
   size_t G1HeapRegionSize                         = 1048576                                   {product} {ergonomic}
    uintx GCDrainStackTargetSize                   = 64                                        {product} {ergonomic}
   size_t InitialHeapSize                          = 268435456                                 {product} {command line}
   size_t MarkStackSize                            = 4194304                                   {product} {ergonomic}
   size_t MaxHeapSize                              = 3221225472                                {product} {command line}
   size_t MaxNewSize                               = 62914560                                  {product} {command line}
   size_t MinHeapDeltaBytes                        = 1048576                                   {product} {ergonomic}
   size_t NewSize                                  = 62914560                                  {product} {command line}
    uintx NonNMethodCodeHeapSize                   = 5835340                                {pd product} {ergonomic}
    uintx NonProfiledCodeHeapSize                  = 122911450                              {pd product} {ergonomic}
    uintx ProfiledCodeHeapSize                     = 122911450                              {pd product} {ergonomic}
    uintx ReservedCodeCacheSize                    = 251658240                              {pd product} {ergonomic}
     bool SegmentedCodeCache                       = true                                      {product} {ergonomic}
    uintx StringTableSize                          = 4072                                      {product} {command line}
     intx ThreadStackSize                          = 5120                                   {pd product} {command line}
     bool UseCompressedClassPointers               = true                                 {lp64_product} {ergonomic}
     bool UseCompressedOops                        = true                                 {lp64_product} {ergonomic}
     bool UseG1GC                                  = true                                      {product} {ergonomic}
     bool UseLargePagesIndividualAllocation        = false                                  {pd product} {ergonomic}
     bool UsePerfData                              = false                                     {product} {command line}

Logging:
Log output configuration:
 #0: stdout all=warning uptime,level,tags
 #1: stderr all=off uptime,level,tags

Environment Variables:
JAVA_HOME=C:\Program Files\OpenJDK\jdk-11.0.2
CLASSPATH=.;
PATH=C:/Xilinx/Vivado/2021.1/bin;C:/Xilinx/Vivado/2021.1/tps/win64/javafx-sdk-11.0.2/lib;C:/Xilinx/Vivado/2021.1/tps/win64/javafx-sdk-11.0.2/bin;C:/Xilinx/Vivado/2021.1/lib/win64.o;C:/Xilinx/Vivado/2021.1/tps/win64/jre11.0.2/bin/server;C:/Xilinx/Vivado/2021.1/tps/win64/jre11.0.2/bin;C:/Xilinx/Vivado/2021.1/ids_lite/ISE/bin/nt64;C:/Xilinx/Vivado/2021.1/ids_lite/ISE/lib/nt64;C:/Xilinx/Vitis_HLS/2021.1/bin;C:\Program Files\NVIDIA GPU Computing Toolkit\CUDA\v11.6\bin;C:\Program Files\NVIDIA GPU Computing Toolkit\CUDA\v11.6\libnvvp;C:\Python310\Scripts\;C:\Python310\;C:\Windows\system32;C:\Windows;C:\Windows\System32\Wbem;C:\Windows\System32\WindowsPowerShell\v1.0\;C:\Windows\System32\OpenSSH\;C:\ProgramData\chocolatey\bin;C:\Program Files\Microsoft VS Code\bin;C;C:\Program Files\Git\cmd;C:\Program Files\Git LFS;C:\Program Files\Java\jdk1.8.0_211\bin;C:\Android\android-sdk\tools;C:\Android\android-sdk\platform-tools;C:\Android\android-sdk\tools\bin;C:\Program Files (x86)\Lua\5.1;C:\Program Files (x86)\Lua\5.1\clibs;C:\Program Files\OpenJDK\jdk-11.0.2\bin;C:\Program Files\NVIDIA Corporation\Nsight Compute 2022.1.0\;C:\Program Files (x86)\NVIDIA Corporation\PhysX\Common;C:\Program Files\nodejs\;C:\Program Files\MATLAB\R2021a\bin;C:\tools\flutter\bin;C:\Program Files\dotnet\;C:\Program Files (x86)\Intel\Intel(R) Management Engine Components\DAL;C:\Program Files\Intel\Intel(R) Management Engine Components\DAL;C:\Users\008093313\AppData\Local\Microsoft\WindowsApps;;C:/Xilinx/Vivado/2021.1\tps\mingw\6.2.0\win64.o\nt\bin;C:/Xilinx/Vivado/2021.1\tps\mingw\6.2.0\win64.o\nt\libexec\gcc\x86_64-w64-mingw32\6.2.0;C:/Xilinx/Vivado/2021.1\tps\win64\python-3.8.3;C:/Xilinx/Vivado/2021.1\tps\win64\python-3.8.3\bin;C:/Xilinx/Vivado/2021.1\tps\win64\python-3.8.3\lib;C:/Xilinx/Vivado/2021.1\tps\win64\python-3.8.3\lib\site-packages
USERNAME=008093313
OS=Windows_NT
PROCESSOR_IDENTIFIER=Intel64 Family 6 Model 94 Stepping 3, GenuineIntel



---------------  S Y S T E M  ---------------

OS: Windows 10 , 64 bit Build 19041 (10.0.19041.2788)

CPU:total 8 (initial active 8) (4 cores per cpu, 2 threads per core) family 6 model 94 stepping 3, cmov, cx8, fxsr, mmx, sse, sse2, sse3, ssse3, sse4.1, sse4.2, popcnt, avx, avx2, aes, clmul, erms, rtm, 3dnowpref, lzcnt, ht, tsc, tscinvbit, bmi1, bmi2, adx, fma

Memory: 4k page, system-wide physical 4019M (628M free)
TotalPageFile size 5677M (AvailPageFile size 11M)
current process WorkingSet (physical memory assigned to process): 1179M, peak: 1575M
current process commit charge ("private bytes"): 1826M, peak: 1836M

vm_info: OpenJDK 64-Bit Server VM (11.0.2+9) for windows-amd64 JRE (11.0.2+9), built on Jan 18 2019 05:23:22 by "mach5one" with MS VC++ 15.5 (VS2017)

END.
