#-----------------------------------------------------------
# Vivado v2022.2 (64-bit)
# SW Build 3671981 on Fri Oct 14 05:00:03 MDT 2022
# IP Build 3669848 on Fri Oct 14 08:30:02 MDT 2022
# Start of session at: Wed May 17 19:19:07 2023
# Process ID: 24624
# Current directory: C:/Users/aaron/OneDrive/Desktop/projectLab5
# Command line: vivado.exe -gui_launcher_event rodinguilauncherevent14528 C:\Users\aaron\OneDrive\Desktop\projectLab5\projectLab5.xpr
# Log file: C:/Users/aaron/OneDrive/Desktop/projectLab5/vivado.log
# Journal file: C:/Users/aaron/OneDrive/Desktop/projectLab5\vivado.jou
# Running On: Aarons_Laptop, OS: Windows, CPU Frequency: 2688 MHz, CPU Physical cores: 14, Host memory: 16858 MB
#-----------------------------------------------------------
start_gui
open_project C:/Users/aaron/OneDrive/Desktop/projectLab5/projectLab5.xpr
WARNING: [Board 49-26] cannot add Board Part xilinx.com:kc705:part0:1.6 available at C:/Xilinx/Vivado/2022.2/data/xhub/boards/XilinxBoardStore/boards/Xilinx/kc705/1.6/board.xml as part xc7k325tffg900-2 specified in board_part file is either invalid or not available
WARNING: [Board 49-26] cannot add Board Part xilinx.com:kcu105:part0:1.6 available at C:/Xilinx/Vivado/2022.2/data/xhub/boards/XilinxBoardStore/boards/Xilinx/kcu105/1.6/board.xml as part xcku040-ffva1156-2-e specified in board_part file is either invalid or not available
WARNING: [Board 49-26] cannot add Board Part xilinx.com:kcu105:part0:1.7 available at C:/Xilinx/Vivado/2022.2/data/xhub/boards/XilinxBoardStore/boards/Xilinx/kcu105/1.7/board.xml as part xcku040-ffva1156-2-e specified in board_part file is either invalid or not available
WARNING: [Board 49-26] cannot add Board Part xilinx.com:kcu1500:part0:1.2 available at C:/Xilinx/Vivado/2022.2/data/xhub/boards/XilinxBoardStore/boards/Xilinx/kcu1500/1.2/board.xml as part xcku115-flvb2104-2-e specified in board_part file is either invalid or not available
WARNING: [Board 49-26] cannot add Board Part xilinx.com:vc707:part0:1.4 available at C:/Xilinx/Vivado/2022.2/data/xhub/boards/XilinxBoardStore/boards/Xilinx/vc707/1.4/board.xml as part xc7vx485tffg1761-2 specified in board_part file is either invalid or not available
WARNING: [Board 49-26] cannot add Board Part xilinx.com:vc709:part0:1.8 available at C:/Xilinx/Vivado/2022.2/data/xhub/boards/XilinxBoardStore/boards/Xilinx/vc709/1.8/board.xml as part xc7vx690tffg1761-2 specified in board_part file is either invalid or not available
WARNING: [Board 49-26] cannot add Board Part xilinx.com:vck190:part0:2.2 available at C:/Xilinx/Vivado/2022.2/data/xhub/boards/XilinxBoardStore/boards/Xilinx/vck190/production/2.2/board.xml as part xcvc1902-vsva2197-2mp-e-s specified in board_part file is either invalid or not available
WARNING: [Board 49-26] cannot add Board Part xilinx.com:vck190:part0:3.0 available at C:/Xilinx/Vivado/2022.2/data/xhub/boards/XilinxBoardStore/boards/Xilinx/vck190/production/3.0/board.xml as part xcvc1902-vsva2197-2mp-e-s specified in board_part file is either invalid or not available
WARNING: [Board 49-26] cannot add Board Part xilinx.com:vck190:part0:3.1 available at C:/Xilinx/Vivado/2022.2/data/xhub/boards/XilinxBoardStore/boards/Xilinx/vck190/production/3.1/board.xml as part xcvc1902-vsva2197-2mp-e-s specified in board_part file is either invalid or not available
WARNING: [Board 49-26] cannot add Board Part xilinx.com:vck190_newl:part0:1.0 available at C:/Xilinx/Vivado/2022.2/data/xhub/boards/XilinxBoardStore/boards/Xilinx/vck190_newl/production/1.0/board.xml as part xcvc1902-vsva2197-2mp-e-s specified in board_part file is either invalid or not available
WARNING: [Board 49-26] cannot add Board Part xilinx.com:vcu108:part0:1.6 available at C:/Xilinx/Vivado/2022.2/data/xhub/boards/XilinxBoardStore/boards/Xilinx/vcu108/1.6/board.xml as part xcvu095-ffva2104-2-e specified in board_part file is either invalid or not available
WARNING: [Board 49-26] cannot add Board Part xilinx.com:vcu108:part0:1.7 available at C:/Xilinx/Vivado/2022.2/data/xhub/boards/XilinxBoardStore/boards/Xilinx/vcu108/1.7/board.xml as part xcvu095-ffva2104-2-e specified in board_part file is either invalid or not available
WARNING: [Board 49-26] cannot add Board Part xilinx.com:vcu110:part0:1.4 available at C:/Xilinx/Vivado/2022.2/data/xhub/boards/XilinxBoardStore/boards/Xilinx/vcu110/1.4/board.xml as part xcvu190-flgc2104-2-e specified in board_part file is either invalid or not available
WARNING: [Board 49-26] cannot add Board Part xilinx.com:vcu118:part0:2.0 available at C:/Xilinx/Vivado/2022.2/data/xhub/boards/XilinxBoardStore/boards/Xilinx/vcu118/2.0/board.xml as part xcvu9p-flga2104-2l-e specified in board_part file is either invalid or not available
WARNING: [Board 49-26] cannot add Board Part xilinx.com:vcu118:part0:2.3 available at C:/Xilinx/Vivado/2022.2/data/xhub/boards/XilinxBoardStore/boards/Xilinx/vcu118/2.3/board.xml as part xcvu9p-flga2104-2l-e specified in board_part file is either invalid or not available
WARNING: [Board 49-26] cannot add Board Part xilinx.com:vcu118:part0:2.4 available at C:/Xilinx/Vivado/2022.2/data/xhub/boards/XilinxBoardStore/boards/Xilinx/vcu118/2.4/board.xml as part xcvu9p-flga2104-2l-e specified in board_part file is either invalid or not available
WARNING: [Board 49-26] cannot add Board Part xilinx.com:vcu128:part0:1.0 available at C:/Xilinx/Vivado/2022.2/data/xhub/boards/XilinxBoardStore/boards/Xilinx/vcu128/production/1.0/board.xml as part xcvu37p-fsvh2892-2l-e specified in board_part file is either invalid or not available
WARNING: [Board 49-26] cannot add Board Part xilinx.com:vcu129:part0:1.0 available at C:/Xilinx/Vivado/2022.2/data/xhub/boards/XilinxBoardStore/boards/Xilinx/vcu129/production/1.0/board.xml as part xcvu29p-fsga2577-2l-e specified in board_part file is either invalid or not available
WARNING: [Board 49-26] cannot add Board Part xilinx.com:vcu1525:part0:1.3 available at C:/Xilinx/Vivado/2022.2/data/xhub/boards/XilinxBoardStore/boards/Xilinx/vcu1525/1.3/board.xml as part xcvu9p-fsgd2104-2l-e specified in board_part file is either invalid or not available
WARNING: [Board 49-26] cannot add Board Part xilinx.com:vek280_es:part0:1.0 available at C:/Xilinx/Vivado/2022.2/data/xhub/boards/XilinxBoardStore/boards/Xilinx/vek280/es/1.0/board.xml as part xcve2802-vsvh1760-2lp-e-s-es1 specified in board_part file is either invalid or not available
WARNING: [Board 49-26] cannot add Board Part xilinx.com:vermeo_t1_mpsoc:part0:1.0 available at C:/Xilinx/Vivado/2022.2/data/xhub/boards/XilinxBoardStore/boards/Xilinx/vermeo_t1_mpsoc/1.0/board.xml as part xczu19eg-ffvd1760-2l-e specified in board_part file is either invalid or not available
WARNING: [Board 49-26] cannot add Board Part xilinx.com:vermeo_t1_rfsoc:part0:1.0 available at C:/Xilinx/Vivado/2022.2/data/xhub/boards/XilinxBoardStore/boards/Xilinx/vermeo_t1_rfsoc/1.0/board.xml as part xczu21dr-ffvd1156-2l-e specified in board_part file is either invalid or not available
WARNING: [Board 49-26] cannot add Board Part xilinx.com:vhk158_es:part0:1.0 available at C:/Xilinx/Vivado/2022.2/data/xhub/boards/XilinxBoardStore/boards/Xilinx/vhk158/es/1.0/board.xml as part xcvh1582-vsva3697-2mp-e-s-es1 specified in board_part file is either invalid or not available
WARNING: [Board 49-26] cannot add Board Part xilinx.com:vmk180:part0:2.2 available at C:/Xilinx/Vivado/2022.2/data/xhub/boards/XilinxBoardStore/boards/Xilinx/vmk180/production/2.2/board.xml as part xcvm1802-vsva2197-2mp-e-s specified in board_part file is either invalid or not available
WARNING: [Board 49-26] cannot add Board Part xilinx.com:vmk180:part0:3.0 available at C:/Xilinx/Vivado/2022.2/data/xhub/boards/XilinxBoardStore/boards/Xilinx/vmk180/production/3.0/board.xml as part xcvm1802-vsva2197-2mp-e-s specified in board_part file is either invalid or not available
WARNING: [Board 49-26] cannot add Board Part xilinx.com:vmk180:part0:3.1 available at C:/Xilinx/Vivado/2022.2/data/xhub/boards/XilinxBoardStore/boards/Xilinx/vmk180/production/3.1/board.xml as part xcvm1802-vsva2197-2mp-e-s specified in board_part file is either invalid or not available
WARNING: [Board 49-26] cannot add Board Part xilinx.com:vmk180_newl:part0:1.0 available at C:/Xilinx/Vivado/2022.2/data/xhub/boards/XilinxBoardStore/boards/Xilinx/vmk180_newl/production/1.0/board.xml as part xcvm1802-vsva2197-2mp-e-s specified in board_part file is either invalid or not available
WARNING: [Board 49-26] cannot add Board Part xilinx.com:vpk120:part0:1.0 available at C:/Xilinx/Vivado/2022.2/data/xhub/boards/XilinxBoardStore/boards/Xilinx/vpk120/production/1.0/board.xml as part xcvp1202-vsva2785-2mp-e-s specified in board_part file is either invalid or not available
WARNING: [Board 49-26] cannot add Board Part xilinx.com:vpk120_es:part0:1.2 available at C:/Xilinx/Vivado/2022.2/data/xhub/boards/XilinxBoardStore/boards/Xilinx/vpk120/es/1.2/board.xml as part xcvp1202-vsva2785-2mp-e-s-es1 specified in board_part file is either invalid or not available
WARNING: [Board 49-26] cannot add Board Part xilinx.com:vpk120_es_revb:part0:1.0 available at C:/Xilinx/Vivado/2022.2/data/xhub/boards/XilinxBoardStore/boards/Xilinx/vpk120_revb/es/1.0/board.xml as part xcvp1202-vsva2785-2mp-e-s-es1 specified in board_part file is either invalid or not available
WARNING: [Board 49-26] cannot add Board Part xilinx.com:vpk180_es:part0:1.0 available at C:/Xilinx/Vivado/2022.2/data/xhub/boards/XilinxBoardStore/boards/Xilinx/vpk180/es/1.0/board.xml as part xcvp1802-lsvc4072-2mp-e-s-es1 specified in board_part file is either invalid or not available
WARNING: [Board 49-26] cannot add Board Part xilinx.com:zc706:part0:1.4 available at C:/Xilinx/Vivado/2022.2/data/xhub/boards/XilinxBoardStore/boards/Xilinx/zc706/1.4/board.xml as part xc7z045ffg900-2 specified in board_part file is either invalid or not available
WARNING: [Board 49-26] cannot add Board Part xilinx.com:zcu102:part0:3.3 available at C:/Xilinx/Vivado/2022.2/data/xhub/boards/XilinxBoardStore/boards/Xilinx/zcu102/3.3/board.xml as part xczu9eg-ffvb1156-2-e specified in board_part file is either invalid or not available
WARNING: [Board 49-26] cannot add Board Part xilinx.com:zcu102:part0:3.4 available at C:/Xilinx/Vivado/2022.2/data/xhub/boards/XilinxBoardStore/boards/Xilinx/zcu102/3.4/board.xml as part xczu9eg-ffvb1156-2-e specified in board_part file is either invalid or not available
WARNING: [Board 49-26] cannot add Board Part xilinx.com:zcu111:part0:1.2 available at C:/Xilinx/Vivado/2022.2/data/xhub/boards/XilinxBoardStore/boards/Xilinx/zcu111/1.2/board.xml as part xczu28dr-ffvg1517-2-e specified in board_part file is either invalid or not available
WARNING: [Board 49-26] cannot add Board Part xilinx.com:zcu111:part0:1.3 available at C:/Xilinx/Vivado/2022.2/data/xhub/boards/XilinxBoardStore/boards/Xilinx/zcu111/1.3/board.xml as part xczu28dr-ffvg1517-2-e specified in board_part file is either invalid or not available
WARNING: [Board 49-26] cannot add Board Part xilinx.com:zcu111:part0:1.4 available at C:/Xilinx/Vivado/2022.2/data/xhub/boards/XilinxBoardStore/boards/Xilinx/zcu111/1.4/board.xml as part xczu28dr-ffvg1517-2-e specified in board_part file is either invalid or not available
WARNING: [Board 49-26] cannot add Board Part xilinx.com:zcu1275:part0:1.0 available at C:/Xilinx/Vivado/2022.2/data/xhub/boards/XilinxBoardStore/boards/Xilinx/zcu1275/1.0/board.xml as part xczu29dr-ffvf1760-2-e specified in board_part file is either invalid or not available
WARNING: [Board 49-26] cannot add Board Part xilinx.com:zcu1285:part0:1.0 available at C:/Xilinx/Vivado/2022.2/data/xhub/boards/XilinxBoardStore/boards/Xilinx/zcu1285/1.0/board.xml as part xczu39dr-ffvf1760-2-i specified in board_part file is either invalid or not available
WARNING: [Board 49-26] cannot add Board Part xilinx.com:zcu208:part0:2.0 available at C:/Xilinx/Vivado/2022.2/data/xhub/boards/XilinxBoardStore/boards/Xilinx/zcu208/production/2.0/board.xml as part xczu48dr-fsvg1517-2-e specified in board_part file is either invalid or not available
WARNING: [Board 49-26] cannot add Board Part xilinx.com:zcu208ld:part0:2.0 available at C:/Xilinx/Vivado/2022.2/data/xhub/boards/XilinxBoardStore/boards/Xilinx/zcu208ld/production/2.0/board.xml as part xczu58dr-fsvg1517-2-i specified in board_part file is either invalid or not available
WARNING: [Board 49-26] cannot add Board Part xilinx.com:zcu216:part0:2.0 available at C:/Xilinx/Vivado/2022.2/data/xhub/boards/XilinxBoardStore/boards/Xilinx/zcu216/production/2.0/board.xml as part xczu49dr-ffvf1760-2-e specified in board_part file is either invalid or not available
WARNING: [Board 49-26] cannot add Board Part xilinx.com:zcu216ld:part0:2.0 available at C:/Xilinx/Vivado/2022.2/data/xhub/boards/XilinxBoardStore/boards/Xilinx/zcu216ld/production/2.0/board.xml as part xczu59dr-ffvf1760-2-i specified in board_part file is either invalid or not available
WARNING: [Board 49-26] cannot add Board Part xilinx.com:zcu670:part0:2.0 available at C:/Xilinx/Vivado/2022.2/data/xhub/boards/XilinxBoardStore/boards/Xilinx/zcu670/2.0/board.xml as part xczu67dr-fsve1156-2-i specified in board_part file is either invalid or not available
WARNING: [Board 49-26] cannot add Board Part xilinx.com:zcu670ld:part0:1.0 available at C:/Xilinx/Vivado/2022.2/data/xhub/boards/XilinxBoardStore/boards/Xilinx/zcu670ld/1.0/board.xml as part xczu57dr-fsve1156-2-i specified in board_part file is either invalid or not available
INFO: [filemgmt 56-3] Default IP Output Path : Could not find the directory 'C:/Users/aaron/OneDrive/Desktop/projectLab5/projectLab5.gen/sources_1'.
Scanning sources...
Finished scanning sources
INFO: [IP_Flow 19-234] Refreshing IP repositories
INFO: [IP_Flow 19-1704] No user IP repositories specified
INFO: [IP_Flow 19-2313] Loaded Vivado IP repository 'C:/Xilinx/Vivado/2022.2/data/ip'.
open_project: Time (s): cpu = 00:00:05 ; elapsed = 00:00:09 . Memory (MB): peak = 1121.762 ; gain = 284.957
update_compile_order -fileset sources_1
exit
INFO: [Common 17-206] Exiting Vivado at Wed May 17 19:20:57 2023...
tl_skip_mlo -name rtl_1
Starting synth_design
Using part: xc7k70tfbv676-1
Top: pipeline
INFO: [Device 21-403] Loading part xc7k70tfbv676-1
INFO: [Synth 8-11241] undeclared symbol 'REGCCE', assumed default net type 'wire' [C:/Xilinx/Vivado/2022.2/data/verilog/src/unimacro/BRAM_SINGLE_MACRO.v:2170]
INFO: [Synth 8-11241] undeclared symbol 'zero', assumed default net type 'wire' [C:/Users/aaron/OneDrive/Desktop/Lab4/alu.sv:30]
WARNING: [Synth 8-11121] redeclaration of ANSI port 'Branch' is not allowed [C:/Users/aaron/OneDrive/Desktop/projectLab5/projectLab5.srcs/sources_1/imports/Desktop/Lab4/controller.sv:15]
INFO: [Synth 8-11241] undeclared symbol 'PcPlus4M', assumed default net type 'wire' [C:/Users/aaron/OneDrive/Desktop/projectLab5/projectLab5.srcs/sources_1/new/iexecute.sv:60]
CRITICAL WARNING: [Synth 8-9339] data object 'RegWriteW' is already declared [C:/Users/aaron/OneDrive/Desktop/projectLab5/projectLab5.srcs/sources_1/imports/Desktop/IF stage files/pipeline.sv:100]
INFO: [Synth 8-6826] previous declaration of 'RegWriteW' is from here [C:/Users/aaron/OneDrive/Desktop/projectLab5/projectLab5.srcs/sources_1/imports/Desktop/IF stage files/pipeline.sv:43]
CRITICAL WARNING: [Synth 8-11152] second declaration of 'RegWriteW' is ignored [C:/Users/aaron/OneDrive/Desktop/projectLab5/projectLab5.srcs/sources_1/imports/Desktop/IF stage files/pipeline.sv:100]
CRITICAL WARNING: [Synth 8-9339] data object 'RdW' is already declared [C:/Users/aaron/OneDrive/Desktop/projectLab5/projectLab5.srcs/sources_1/imports/Desktop/IF stage files/pipeline.sv:104]
INFO: [Synth 8-6826] previous declaration of 'RdW' is from here [C:/Users/aaron/OneDrive/Desktop/projectLab5/projectLab5.srcs/sources_1/imports/Desktop/IF stage files/pipeline.sv:45]
CRITICAL WARNING: [Synth 8-11152] second declaration of 'RdW' is ignored [C:/Users/aaron/OneDrive/Desktop/projectLab5/projectLab5.srcs/sources_1/imports/Desktop/IF stage files/pipeline.sv:104]
---------------------------------------------------------------------------------
Starting RTL Elaboration : Time (s): cpu = 00:00:02 ; elapsed = 00:00:05 . Memory (MB): peak = 1909.012 ; gain = 418.531
---------------------------------------------------------------------------------
INFO: [Synth 8-6157] synthesizing module 'pipeline' [C:/Users/aaron/OneDrive/Desktop/projectLab5/projectLab5.srcs/sources_1/imports/Desktop/IF stage files/pipeline.sv:2]
WARNING: [Synth 8-85] always block has no event control specified [C:/Users/aaron/OneDrive/Desktop/projectLab5/projectLab5.srcs/sources_1/imports/Desktop/IF stage files/pipeline.sv:18]
INFO: [Synth 8-6157] synthesizing module 'ifetch' [C:/Users/aaron/OneDrive/Desktop/projectLab5/projectLab5.srcs/sources_1/imports/Desktop/IF stage files/ifetch.sv:2]
INFO: [Synth 8-251] Time	 PCF	 PCD	 InstrF		 InstrD		 PCPlus4D [C:/Users/aaron/OneDrive/Desktop/projectLab5/projectLab5.srcs/sources_1/imports/Desktop/IF stage files/ifetch.sv:30]
INFO: [Synth 8-6157] synthesizing module 'mux2' [C:/Users/aaron/OneDrive/Desktop/projectLab5/projectLab5.srcs/sources_1/imports/Desktop/IF stage files/mux.sv:1]
	Parameter WIDTH bound to: 32 - type: integer 
INFO: [Synth 8-6155] done synthesizing module 'mux2' (0#1) [C:/Users/aaron/OneDrive/Desktop/projectLab5/projectLab5.srcs/sources_1/imports/Desktop/IF stage files/mux.sv:1]
INFO: [Synth 8-6157] synthesizing module 'flopr' [C:/Users/aaron/OneDrive/Desktop/projectLab5/projectLab5.srcs/sources_1/imports/Desktop/IF stage files/flopr.sv:1]
	Parameter WIDTH bound to: 32 - type: integer 
INFO: [Synth 8-6155] done synthesizing module 'flopr' (0#1) [C:/Users/aaron/OneDrive/Desktop/projectLab5/projectLab5.srcs/sources_1/imports/Desktop/IF stage files/flopr.sv:1]
INFO: [Synth 8-6157] synthesizing module 'adder' [C:/Users/aaron/OneDrive/Desktop/projectLab5/projectLab5.srcs/sources_1/imports/Desktop/IF stage files/adder.sv:1]
INFO: [Synth 8-6155] done synthesizing module 'adder' (0#1) [C:/Users/aaron/OneDrive/Desktop/projectLab5/projectLab5.srcs/sources_1/imports/Desktop/IF stage files/adder.sv:1]
INFO: [Synth 8-6157] synthesizing module 'imem' [C:/Users/aaron/OneDrive/Desktop/projectLab5/projectLab5.srcs/sources_1/new/imem.sv:23]
CRITICAL WARNING: [Synth 8-4445] could not open $readmem data file 'riscvcode.txt'; please make sure the file is added to project and has read permission, ignoring [C:/Users/aaron/OneDrive/Desktop/projectLab5/projectLab5.srcs/sources_1/new/imem.sv:29]
INFO: [Synth 8-6155] done synthesizing module 'imem' (0#1) [C:/Users/aaron/OneDrive/Desktop/projectLab5/projectLab5.srcs/sources_1/new/imem.sv:23]
INFO: [Synth 8-6157] synthesizing module 'if_id' [C:/Users/aaron/OneDrive/Desktop/projectLab5/projectLab5.srcs/sources_1/imports/Desktop/IF stage files/if_id.sv:1]
INFO: [Synth 8-6155] done synthesizing module 'if_id' (0#1) [C:/Users/aaron/OneDrive/Desktop/projectLab5/projectLab5.srcs/sources_1/imports/Desktop/IF stage files/if_id.sv:1]
INFO: [Synth 8-6155] done synthesizing module 'ifetch' (0#1) [C:/Users/aaron/OneDrive/Desktop/projectLab5/projectLab5.srcs/sources_1/imports/Desktop/IF stage files/ifetch.sv:2]
INFO: [Synth 8-6157] synthesizing module 'idecode' [C:/Users/aaron/OneDrive/Desktop/projectLab5/projectLab5.srcs/sources_1/new/idecode.sv:23]
INFO: [Synth 8-6157] synthesizing module 'controller' [C:/Users/aaron/OneDrive/Desktop/projectLab5/projectLab5.srcs/sources_1/imports/Desktop/Lab4/controller.sv:1]
INFO: [Synth 8-6157] synthesizing module 'maindec' [C:/Users/aaron/OneDrive/Desktop/projectLab5/projectLab5.srcs/sources_1/imports/Desktop/Lab4/maindec.sv:2]
INFO: [Synth 8-6155] done synthesizing module 'maindec' (0#1) [C:/Users/aaron/OneDrive/Desktop/projectLab5/projectLab5.srcs/sources_1/imports/Desktop/Lab4/maindec.sv:2]
INFO: [Synth 8-6157] synthesizing module 'aludec' [C:/Users/aaron/OneDrive/Desktop/projectLab5/projectLab5.srcs/sources_1/imports/Desktop/Lab4/aludec.sv:1]
INFO: [Synth 8-155] case statement is not full and has no default [C:/Users/aaron/OneDrive/Desktop/projectLab5/projectLab5.srcs/sources_1/imports/Desktop/Lab4/aludec.sv:11]
INFO: [Synth 8-6155] done synthesizing module 'aludec' (0#1) [C:/Users/aaron/OneDrive/Desktop/projectLab5/projectLab5.srcs/sources_1/imports/Desktop/Lab4/aludec.sv:1]
WARNING: [Synth 8-689] width (4) of port connection 'funct3' does not match port width (3) of module 'aludec' [C:/Users/aaron/OneDrive/Desktop/projectLab5/projectLab5.srcs/sources_1/imports/Desktop/Lab4/controller.sv:19]
INFO: [Synth 8-6155] done synthesizing module 'controller' (0#1) [C:/Users/aaron/OneDrive/Desktop/projectLab5/projectLab5.srcs/sources_1/imports/Desktop/Lab4/controller.sv:1]
INFO: [Synth 8-6157] synthesizing module 'regfile' [C:/Users/aaron/OneDrive/Desktop/projectLab5/projectLab5.srcs/sources_1/imports/Desktop/Lab4/regfile.sv:1]
INFO: [Synth 8-6155] done synthesizing module 'regfile' (0#1) [C:/Users/aaron/OneDrive/Desktop/projectLab5/projectLab5.srcs/sources_1/imports/Desktop/Lab4/regfile.sv:1]
WARNING: [Synth 8-689] width (5) of port connection 'RD1D' does not match port width (32) of module 'regfile' [C:/Users/aaron/OneDrive/Desktop/projectLab5/projectLab5.srcs/sources_1/new/idecode.sv:55]
WARNING: [Synth 8-689] width (5) of port connection 'RD2D' does not match port width (32) of module 'regfile' [C:/Users/aaron/OneDrive/Desktop/projectLab5/projectLab5.srcs/sources_1/new/idecode.sv:55]
INFO: [Synth 8-6157] synthesizing module 'extend' [C:/Users/aaron/OneDrive/Desktop/projectLab5/projectLab5.srcs/sources_1/imports/Desktop/Lab4/extend.sv:2]
INFO: [Synth 8-226] default block is never used [C:/Users/aaron/OneDrive/Desktop/projectLab5/projectLab5.srcs/sources_1/imports/Desktop/Lab4/extend.sv:7]
INFO: [Synth 8-6155] done synthesizing module 'extend' (0#1) [C:/Users/aaron/OneDrive/Desktop/projectLab5/projectLab5.srcs/sources_1/imports/Desktop/Lab4/extend.sv:2]
INFO: [Synth 8-6157] synthesizing module 'id_EX' [C:/Users/aaron/OneDrive/Desktop/projectLab5/projectLab5.srcs/sources_1/new/id_EX.sv:4]
INFO: [Synth 8-6155] done synthesizing module 'id_EX' (0#1) [C:/Users/aaron/OneDrive/Desktop/projectLab5/projectLab5.srcs/sources_1/new/id_EX.sv:4]
WARNING: [Synth 8-689] width (5) of port connection 'RD1E' does not match port width (32) of module 'id_EX' [C:/Users/aaron/OneDrive/Desktop/projectLab5/projectLab5.srcs/sources_1/new/idecode.sv:58]
WARNING: [Synth 8-689] width (5) of port connection 'RD2E' does not match port width (32) of module 'id_EX' [C:/Users/aaron/OneDrive/Desktop/projectLab5/projectLab5.srcs/sources_1/new/idecode.sv:58]
INFO: [Synth 8-6155] done synthesizing module 'idecode' (0#1) [C:/Users/aaron/OneDrive/Desktop/projectLab5/projectLab5.srcs/sources_1/new/idecode.sv:23]
INFO: [Synth 8-6157] synthesizing module 'iexecute' [C:/Users/aaron/OneDrive/Desktop/projectLab5/projectLab5.srcs/sources_1/new/iexecute.sv:23]
WARNING: [Synth 8-6104] Input port 'PCTargetE' has an internal driver [C:/Users/aaron/OneDrive/Desktop/projectLab5/projectLab5.srcs/sources_1/new/iexecute.sv:56]
INFO: [Synth 8-6157] synthesizing module 'mux2__parameterized0' [C:/Users/aaron/OneDrive/Desktop/projectLab5/projectLab5.srcs/sources_1/imports/Desktop/IF stage files/mux.sv:1]
INFO: [Synth 8-6155] done synthesizing module 'mux2__parameterized0' (0#1) [C:/Users/aaron/OneDrive/Desktop/projectLab5/projectLab5.srcs/sources_1/imports/Desktop/IF stage files/mux.sv:1]
WARNING: [Synth 8-689] width (32) of port connection 'd0' does not match port width (8) of module 'mux2__parameterized0' [C:/Users/aaron/OneDrive/Desktop/projectLab5/projectLab5.srcs/sources_1/new/iexecute.sv:57]
INFO: [Synth 8-6157] synthesizing module 'alu' [C:/Users/aaron/OneDrive/Desktop/Lab4/alu.sv:1]
INFO: [Synth 8-155] case statement is not full and has no default [C:/Users/aaron/OneDrive/Desktop/Lab4/alu.sv:16]
INFO: [Synth 8-6155] done synthesizing module 'alu' (0#1) [C:/Users/aaron/OneDrive/Desktop/Lab4/alu.sv:1]
WARNING: [Synth 8-689] width (1) of port connection 'ALUResultE' does not match port width (32) of module 'alu' [C:/Users/aaron/OneDrive/Desktop/projectLab5/projectLab5.srcs/sources_1/new/iexecute.sv:58]
INFO: [Synth 8-6157] synthesizing module 'EX_mem' [C:/Users/aaron/OneDrive/Desktop/projectLab5/projectLab5.srcs/sources_1/new/EX_mem.sv:23]
INFO: [Synth 8-6155] done synthesizing module 'EX_mem' (0#1) [C:/Users/aaron/OneDrive/Desktop/projectLab5/projectLab5.srcs/sources_1/new/EX_mem.sv:23]
WARNING: [Synth 8-689] width (1) of port connection 'PCPlus4M' does not match port width (32) of module 'EX_mem' [C:/Users/aaron/OneDrive/Desktop/projectLab5/projectLab5.srcs/sources_1/new/iexecute.sv:60]
INFO: [Synth 8-6157] synthesizing module 'PCSE' [C:/Users/aaron/OneDrive/Desktop/projectLab5/projectLab5.srcs/sources_1/new/PCSE.sv:23]
INFO: [Synth 8-6155] done synthesizing module 'PCSE' (0#1) [C:/Users/aaron/OneDrive/Desktop/projectLab5/projectLab5.srcs/sources_1/new/PCSE.sv:23]
INFO: [Synth 8-6155] done synthesizing module 'iexecute' (0#1) [C:/Users/aaron/OneDrive/Desktop/projectLab5/projectLab5.srcs/sources_1/new/iexecute.sv:23]
WARNING: [Synth 8-689] width (2) of port connection 'RegWriteM' does not match port width (1) of module 'iexecute' [C:/Users/aaron/OneDrive/Desktop/projectLab5/projectLab5.srcs/sources_1/imports/Desktop/IF stage files/pipeline.sv:80]
WARNING: [Synth 8-689] width (1) of port connection 'ResultSrcM' does not match port width (2) of module 'iexecute' [C:/Users/aaron/OneDrive/Desktop/projectLab5/projectLab5.srcs/sources_1/imports/Desktop/IF stage files/pipeline.sv:80]
INFO: [Synth 8-6157] synthesizing module 'imemory' [C:/Users/aaron/OneDrive/Desktop/projectLab5/projectLab5.srcs/sources_1/new/imemory.sv:23]
INFO: [Synth 8-6157] synthesizing module 'dmem' [C:/Users/aaron/OneDrive/Desktop/Lab4/dmem.sv:1]
CRITICAL WARNING: [Synth 8-4445] could not open $readmem data file 'data-1.txt'; please make sure the file is added to project and has read permission, ignoring [C:/Users/aaron/OneDrive/Desktop/Lab4/dmem.sv:8]
INFO: [Synth 8-6155] done synthesizing module 'dmem' (0#1) [C:/Users/aaron/OneDrive/Desktop/Lab4/dmem.sv:1]
WARNING: [Synth 8-4446] all outputs are unconnected for this instance and logic may be removed [C:/Users/aaron/OneDrive/Desktop/projectLab5/projectLab5.srcs/sources_1/new/imemory.sv:43]
INFO: [Synth 8-6157] synthesizing module 'mem_WB' [C:/Users/aaron/OneDrive/Desktop/projectLab5/projectLab5.srcs/sources_1/new/mem_WB.sv:23]
INFO: [Synth 8-6155] done synthesizing module 'mem_WB' (0#1) [C:/Users/aaron/OneDrive/Desktop/projectLab5/projectLab5.srcs/sources_1/new/mem_WB.sv:23]
WARNING: [Synth 8-7071] port 'RegWriteW' of module 'mem_WB' is unconnected for instance 'mem_WB' [C:/Users/aaron/OneDrive/Desktop/projectLab5/projectLab5.srcs/sources_1/new/imemory.sv:43]
WARNING: [Synth 8-7071] port 'ResultSrcW' of module 'mem_WB' is unconnected for instance 'mem_WB' [C:/Users/aaron/OneDrive/Desktop/projectLab5/projectLab5.srcs/sources_1/new/imemory.sv:43]
WARNING: [Synth 8-7071] port 'ALUResultW' of module 'mem_WB' is unconnected for instance 'mem_WB' [C:/Users/aaron/OneDrive/Desktop/projectLab5/projectLab5.srcs/sources_1/new/imemory.sv:43]
WARNING: [Synth 8-7071] port 'ReadDataW' of module 'mem_WB' is unconnected for instance 'mem_WB' [C:/Users/aaron/OneDrive/Desktop/projectLab5/projectLab5.srcs/sources_1/new/imemory.sv:43]
WARNING: [Synth 8-7071] port 'RdW' of module 'mem_WB' is unconnected for instance 'mem_WB' [C:/Users/aaron/OneDrive/Desktop/projectLab5/projectLab5.srcs/sources_1/new/imemory.sv:43]
WARNING: [Synth 8-7071] port 'PCPlus4W' of module 'mem_WB' is unconnected for instance 'mem_WB' [C:/Users/aaron/OneDrive/Desktop/projectLab5/projectLab5.srcs/sources_1/new/imemory.sv:43]
WARNING: [Synth 8-7023] instance 'mem_WB' of module 'mem_WB' has 14 connections declared, but only 8 given [C:/Users/aaron/OneDrive/Desktop/projectLab5/projectLab5.srcs/sources_1/new/imemory.sv:43]
INFO: [Synth 8-6155] done synthesizing module 'imemory' (0#1) [C:/Users/aaron/OneDrive/Desktop/projectLab5/projectLab5.srcs/sources_1/new/imemory.sv:23]
WARNING: [Synth 8-689] width (2) of port connection 'RegWriteM' does not match port width (1) of module 'imemory' [C:/Users/aaron/OneDrive/Desktop/projectLab5/projectLab5.srcs/sources_1/imports/Desktop/IF stage files/pipeline.sv:106]
INFO: [Synth 8-6157] synthesizing module 'iwriteback' [C:/Users/aaron/OneDrive/Desktop/projectLab5/projectLab5.srcs/sources_1/new/iwriteback.sv:23]
INFO: [Synth 8-6157] synthesizing module 'mux3' [C:/Users/aaron/OneDrive/Desktop/projectLab5/projectLab5.srcs/sources_1/imports/Desktop/IF stage files/mux.sv:9]
INFO: [Synth 8-6155] done synthesizing module 'mux3' (0#1) [C:/Users/aaron/OneDrive/Desktop/projectLab5/projectLab5.srcs/sources_1/imports/Desktop/IF stage files/mux.sv:9]
WARNING: [Synth 8-689] width (32) of port connection 'd0' does not match port width (8) of module 'mux3' [C:/Users/aaron/OneDrive/Desktop/projectLab5/projectLab5.srcs/sources_1/new/iwriteback.sv:32]
WARNING: [Synth 8-689] width (32) of port connection 'd1' does not match port width (8) of module 'mux3' [C:/Users/aaron/OneDrive/Desktop/projectLab5/projectLab5.srcs/sources_1/new/iwriteback.sv:32]
WARNING: [Synth 8-689] width (32) of port connection 'd2' does not match port width (8) of module 'mux3' [C:/Users/aaron/OneDrive/Desktop/projectLab5/projectLab5.srcs/sources_1/new/iwriteback.sv:32]
WARNING: [Synth 8-689] width (32) of port connection 'y' does not match port width (8) of module 'mux3' [C:/Users/aaron/OneDrive/Desktop/projectLab5/projectLab5.srcs/sources_1/new/iwriteback.sv:32]
INFO: [Synth 8-6155] done synthesizing module 'iwriteback' (0#1) [C:/Users/aaron/OneDrive/Desktop/projectLab5/projectLab5.srcs/sources_1/new/iwriteback.sv:23]
INFO: [Synth 8-6155] done synthesizing module 'pipeline' (0#1) [C:/Users/aaron/OneDrive/Desktop/projectLab5/projectLab5.srcs/sources_1/imports/Desktop/IF stage files/pipeline.sv:2]
WARNING: [Synth 8-4767] Trying to implement RAM ' ' in registers. Block RAM or DRAM implementation is not possible; see log for reasons.
	1: Unable to determine number of words or word size in RAM. 
	2: No valid read/write found for RAM. 
RAM dissolved into registers
WARNING: [Synth 8-3848] Net RAM in module/entity imem does not have driver. [C:/Users/aaron/OneDrive/Desktop/projectLab5/projectLab5.srcs/sources_1/new/imem.sv:26]
WARNING: [Synth 8-3848] Net RAM in module/entity imem does not have driver. [C:/Users/aaron/OneDrive/Desktop/projectLab5/projectLab5.srcs/sources_1/new/imem.sv:26]
WARNING: [Synth 8-3848] Net RAM in module/entity imem does not have driver. [C:/Users/aaron/OneDrive/Desktop/projectLab5/projectLab5.srcs/sources_1/new/imem.sv:26]
WARNING: [Synth 8-3848] Net RAM in module/entity imem does not have driver. [C:/Users/aaron/OneDrive/Desktop/projectLab5/projectLab5.srcs/sources_1/new/imem.sv:26]
WARNING: [Synth 8-3848] Net RAM in module/entity imem does not have driver. [C:/Users/aaron/OneDrive/Desktop/projectLab5/projectLab5.srcs/sources_1/new/imem.sv:26]
WARNING: [Synth 8-3848] Net RAM in module/entity imem does not have driver. [C:/Users/aaron/OneDrive/Desktop/projectLab5/projectLab5.srcs/sources_1/new/imem.sv:26]
WARNING: [Synth 8-3848] Net RAM in module/entity imem does not have driver. [C:/Users/aaron/OneDrive/Desktop/projectLab5/projectLab5.srcs/sources_1/new/imem.sv:26]
WARNING: [Synth 8-3848] Net RAM in module/entity imem does not have driver. [C:/Users/aaron/OneDrive/Desktop/projectLab5/projectLab5.srcs/sources_1/new/imem.sv:26]
WARNING: [Synth 8-3848] Net RAM in module/entity imem does not have driver. [C:/Users/aaron/OneDrive/Desktop/projectLab5/projectLab5.srcs/sources_1/new/imem.sv:26]
WARNING: [Synth 8-3848] Net RAM in module/entity imem does not have driver. [C:/Users/aaron/OneDrive/Desktop/projectLab5/projectLab5.srcs/sources_1/new/imem.sv:26]
WARNING: [Synth 8-3848] Net RAM in module/entity imem does not have driver. [C:/Users/aaron/OneDrive/Desktop/projectLab5/projectLab5.srcs/sources_1/new/imem.sv:26]
WARNING: [Synth 8-3848] Net RAM in module/entity imem does not have driver. [C:/Users/aaron/OneDrive/Desktop/projectLab5/projectLab5.srcs/sources_1/new/imem.sv:26]
WARNING: [Synth 8-3848] Net RAM in module/entity imem does not have driver. [C:/Users/aaron/OneDrive/Desktop/projectLab5/projectLab5.srcs/sources_1/new/imem.sv:26]
WARNING: [Synth 8-3848] Net RAM in module/entity imem does not have driver. [C:/Users/aaron/OneDrive/Desktop/projectLab5/projectLab5.srcs/sources_1/new/imem.sv:26]
WARNING: [Synth 8-3848] Net RAM in module/entity imem does not have driver. [C:/Users/aaron/OneDrive/Desktop/projectLab5/projectLab5.srcs/sources_1/new/imem.sv:26]
WARNING: [Synth 8-3848] Net RAM in module/entity imem does not have driver. [C:/Users/aaron/OneDrive/Desktop/projectLab5/projectLab5.srcs/sources_1/new/imem.sv:26]
WARNING: [Synth 8-3848] Net RAM in module/entity imem does not have driver. [C:/Users/aaron/OneDrive/Desktop/projectLab5/projectLab5.srcs/sources_1/new/imem.sv:26]
WARNING: [Synth 8-3848] Net RAM in module/entity imem does not have driver. [C:/Users/aaron/OneDrive/Desktop/projectLab5/projectLab5.srcs/sources_1/new/imem.sv:26]
WARNING: [Synth 8-3848] Net RAM in module/entity imem does not have driver. [C:/Users/aaron/OneDrive/Desktop/projectLab5/projectLab5.srcs/sources_1/new/imem.sv:26]
WARNING: [Synth 8-3848] Net RAM in module/entity imem does not have driver. [C:/Users/aaron/OneDrive/Desktop/projectLab5/projectLab5.srcs/sources_1/new/imem.sv:26]
WARNING: [Synth 8-3848] Net RAM in module/entity imem does not have driver. [C:/Users/aaron/OneDrive/Desktop/projectLab5/projectLab5.srcs/sources_1/new/imem.sv:26]
WARNING: [Synth 8-3848] Net RAM in module/entity imem does not have driver. [C:/Users/aaron/OneDrive/Desktop/projectLab5/projectLab5.srcs/sources_1/new/imem.sv:26]
WARNING: [Synth 8-3848] Net RAM in module/entity imem does not have driver. [C:/Users/aaron/OneDrive/Desktop/projectLab5/projectLab5.srcs/sources_1/new/imem.sv:26]
WARNING: [Synth 8-3848] Net RAM in module/entity imem does not have driver. [C:/Users/aaron/OneDrive/Desktop/projectLab5/projectLab5.srcs/sources_1/new/imem.sv:26]
WARNING: [Synth 8-3848] Net RAM in module/entity imem does not have driver. [C:/Users/aaron/OneDrive/Desktop/projectLab5/projectLab5.srcs/sources_1/new/imem.sv:26]
WARNING: [Synth 8-3848] Net RAM in module/entity imem does not have driver. [C:/Users/aaron/OneDrive/Desktop/projectLab5/projectLab5.srcs/sources_1/new/imem.sv:26]
WARNING: [Synth 8-3848] Net RAM in module/entity imem does not have driver. [C:/Users/aaron/OneDrive/Desktop/projectLab5/projectLab5.srcs/sources_1/new/imem.sv:26]
WARNING: [Synth 8-3848] Net RAM in module/entity imem does not have driver. [C:/Users/aaron/OneDrive/Desktop/projectLab5/projectLab5.srcs/sources_1/new/imem.sv:26]
WARNING: [Synth 8-3848] Net RAM in module/entity imem does not have driver. [C:/Users/aaron/OneDrive/Desktop/projectLab5/projectLab5.srcs/sources_1/new/imem.sv:26]
WARNING: [Synth 8-3848] Net RAM in module/entity imem does not have driver. [C:/Users/aaron/OneDrive/Desktop/projectLab5/projectLab5.srcs/sources_1/new/imem.sv:26]
WARNING: [Synth 8-3848] Net RAM in module/entity imem does not have driver. [C:/Users/aaron/OneDrive/Desktop/projectLab5/projectLab5.srcs/sources_1/new/imem.sv:26]
WARNING: [Synth 8-3848] Net RAM in module/entity imem does not have driver. [C:/Users/aaron/OneDrive/Desktop/projectLab5/projectLab5.srcs/sources_1/new/imem.sv:26]
WARNING: [Synth 8-3848] Net RAM in module/entity imem does not have driver. [C:/Users/aaron/OneDrive/Desktop/projectLab5/projectLab5.srcs/sources_1/new/imem.sv:26]
WARNING: [Synth 8-3848] Net RAM in module/entity imem does not have driver. [C:/Users/aaron/OneDrive/Desktop/projectLab5/projectLab5.srcs/sources_1/new/imem.sv:26]
WARNING: [Synth 8-3848] Net RAM in module/entity imem does not have driver. [C:/Users/aaron/OneDrive/Desktop/projectLab5/projectLab5.srcs/sources_1/new/imem.sv:26]
WARNING: [Synth 8-3848] Net RAM in module/entity imem does not have driver. [C:/Users/aaron/OneDrive/Desktop/projectLab5/projectLab5.srcs/sources_1/new/imem.sv:26]
WARNING: [Synth 8-3848] Net RAM in module/entity imem does not have driver. [C:/Users/aaron/OneDrive/Desktop/projectLab5/projectLab5.srcs/sources_1/new/imem.sv:26]
WARNING: [Synth 8-3848] Net RAM in module/entity imem does not have driver. [C:/Users/aaron/OneDrive/Desktop/projectLab5/projectLab5.srcs/sources_1/new/imem.sv:26]
WARNING: [Synth 8-3848] Net RAM in module/entity imem does not have driver. [C:/Users/aaron/OneDrive/Desktop/projectLab5/projectLab5.srcs/sources_1/new/imem.sv:26]
WARNING: [Synth 8-3848] Net RAM in module/entity imem does not have driver. [C:/Users/aaron/OneDrive/Desktop/projectLab5/projectLab5.srcs/sources_1/new/imem.sv:26]
WARNING: [Synth 8-3848] Net RAM in module/entity imem does not have driver. [C:/Users/aaron/OneDrive/Desktop/projectLab5/projectLab5.srcs/sources_1/new/imem.sv:26]
WARNING: [Synth 8-3848] Net RAM in module/entity imem does not have driver. [C:/Users/aaron/OneDrive/Desktop/projectLab5/projectLab5.srcs/sources_1/new/imem.sv:26]
WARNING: [Synth 8-3848] Net RAM in module/entity imem does not have driver. [C:/Users/aaron/OneDrive/Desktop/projectLab5/projectLab5.srcs/sources_1/new/imem.sv:26]
WARNING: [Synth 8-3848] Net RAM in module/entity imem does not have driver. [C:/Users/aaron/OneDrive/Desktop/projectLab5/projectLab5.srcs/sources_1/new/imem.sv:26]
WARNING: [Synth 8-3848] Net RAM in module/entity imem does not have driver. [C:/Users/aaron/OneDrive/Desktop/projectLab5/projectLab5.srcs/sources_1/new/imem.sv:26]
WARNING: [Synth 8-3848] Net RAM in module/entity imem does not have driver. [C:/Users/aaron/OneDrive/Desktop/projectLab5/projectLab5.srcs/sources_1/new/imem.sv:26]
WARNING: [Synth 8-3848] Net RAM in module/entity imem does not have driver. [C:/Users/aaron/OneDrive/Desktop/projectLab5/projectLab5.srcs/sources_1/new/imem.sv:26]
WARNING: [Synth 8-3848] Net RAM in module/entity imem does not have driver. [C:/Users/aaron/OneDrive/Desktop/projectLab5/projectLab5.srcs/sources_1/new/imem.sv:26]
WARNING: [Synth 8-3848] Net RAM in module/entity imem does not have driver. [C:/Users/aaron/OneDrive/Desktop/projectLab5/projectLab5.srcs/sources_1/new/imem.sv:26]
WARNING: [Synth 8-3848] Net RAM in module/entity imem does not have driver. [C:/Users/aaron/OneDrive/Desktop/projectLab5/projectLab5.srcs/sources_1/new/imem.sv:26]
WARNING: [Synth 8-3848] Net RAM in module/entity imem does not have driver. [C:/Users/aaron/OneDrive/Desktop/projectLab5/projectLab5.srcs/sources_1/new/imem.sv:26]
WARNING: [Synth 8-3848] Net RAM in module/entity imem does not have driver. [C:/Users/aaron/OneDrive/Desktop/projectLab5/projectLab5.srcs/sources_1/new/imem.sv:26]
WARNING: [Synth 8-3848] Net RAM in module/entity imem does not have driver. [C:/Users/aaron/OneDrive/Desktop/projectLab5/projectLab5.srcs/sources_1/new/imem.sv:26]
WARNING: [Synth 8-3848] Net RAM in module/entity imem does not have driver. [C:/Users/aaron/OneDrive/Desktop/projectLab5/projectLab5.srcs/sources_1/new/imem.sv:26]
WARNING: [Synth 8-3848] Net RAM in module/entity imem does not have driver. [C:/Users/aaron/OneDrive/Desktop/projectLab5/projectLab5.srcs/sources_1/new/imem.sv:26]
WARNING: [Synth 8-3848] Net RAM in module/entity imem does not have driver. [C:/Users/aaron/OneDrive/Desktop/projectLab5/projectLab5.srcs/sources_1/new/imem.sv:26]
WARNING: [Synth 8-3848] Net RAM in module/entity imem does not have driver. [C:/Users/aaron/OneDrive/Desktop/projectLab5/projectLab5.srcs/sources_1/new/imem.sv:26]
WARNING: [Synth 8-3848] Net RAM in module/entity imem does not have driver. [C:/Users/aaron/OneDrive/Desktop/projectLab5/projectLab5.srcs/sources_1/new/imem.sv:26]
WARNING: [Synth 8-3848] Net RAM in module/entity imem does not have driver. [C:/Users/aaron/OneDrive/Desktop/projectLab5/projectLab5.srcs/sources_1/new/imem.sv:26]
WARNING: [Synth 8-3848] Net RAM in module/entity imem does not have driver. [C:/Users/aaron/OneDrive/Desktop/projectLab5/projectLab5.srcs/sources_1/new/imem.sv:26]
WARNING: [Synth 8-3848] Net RAM in module/entity imem does not have driver. [C:/Users/aaron/OneDrive/Desktop/projectLab5/projectLab5.srcs/sources_1/new/imem.sv:26]
WARNING: [Synth 8-3848] Net RAM in module/entity imem does not have driver. [C:/Users/aaron/OneDrive/Desktop/projectLab5/projectLab5.srcs/sources_1/new/imem.sv:26]
WARNING: [Synth 8-3848] Net RAM in module/entity imem does not have driver. [C:/Users/aaron/OneDrive/Desktop/projectLab5/projectLab5.srcs/sources_1/new/imem.sv:26]
WARNING: [Synth 8-3848] Net RAM in module/entity imem does not have driver. [C:/Users/aaron/OneDrive/Desktop/projectLab5/projectLab5.srcs/sources_1/new/imem.sv:26]
WARNING: [Synth 8-87] always_comb on 'ALUControl_reg' did not result in combinational logic [C:/Users/aaron/OneDrive/Desktop/projectLab5/projectLab5.srcs/sources_1/imports/Desktop/Lab4/aludec.sv:12]
WARNING: [Synth 8-87] always_comb on 'ALUResultE_reg' did not result in combinational logic [C:/Users/aaron/OneDrive/Desktop/Lab4/alu.sv:18]
WARNING: [Synth 8-3848] Net ZeroE in module/entity alu does not have driver. [C:/Users/aaron/OneDrive/Desktop/Lab4/alu.sv:4]
WARNING: [Synth 8-3848] Net PCPlus4M in module/entity iexecute does not have driver. [C:/Users/aaron/OneDrive/Desktop/projectLab5/projectLab5.srcs/sources_1/new/iexecute.sv:41]
WARNING: [Synth 8-3848] Net RegWriteW in module/entity imemory does not have driver. [C:/Users/aaron/OneDrive/Desktop/projectLab5/projectLab5.srcs/sources_1/new/imemory.sv:33]
WARNING: [Synth 8-3848] Net ResultSrcW in module/entity imemory does not have driver. [C:/Users/aaron/OneDrive/Desktop/projectLab5/projectLab5.srcs/sources_1/new/imemory.sv:34]
WARNING: [Synth 8-3848] Net ALUResultW in module/entity imemory does not have driver. [C:/Users/aaron/OneDrive/Desktop/projectLab5/projectLab5.srcs/sources_1/new/imemory.sv:35]
WARNING: [Synth 8-3848] Net ReadDataW in module/entity imemory does not have driver. [C:/Users/aaron/OneDrive/Desktop/projectLab5/projectLab5.srcs/sources_1/new/imemory.sv:36]
WARNING: [Synth 8-3848] Net RdW in module/entity imemory does not have driver. [C:/Users/aaron/OneDrive/Desktop/projectLab5/projectLab5.srcs/sources_1/new/imemory.sv:37]
WARNING: [Synth 8-3848] Net PCPlus4W in module/entity imemory does not have driver. [C:/Users/aaron/OneDrive/Desktop/projectLab5/projectLab5.srcs/sources_1/new/imemory.sv:38]
WARNING: [Synth 8-7129] Port clk in module iwriteback is either unconnected or has no load
WARNING: [Synth 8-7129] Port reset in module iwriteback is either unconnected or has no load
WARNING: [Synth 8-7129] Port ALUResultW[31] in module iwriteback is either unconnected or has no load
WARNING: [Synth 8-7129] Port ALUResultW[30] in module iwriteback is either unconnected or has no load
WARNING: [Synth 8-7129] Port ALUResultW[29] in module iwriteback is either unconnected or has no load
WARNING: [Synth 8-7129] Port ALUResultW[28] in module iwriteback is either unconnected or has no load
WARNING: [Synth 8-7129] Port ALUResultW[27] in module iwriteback is either unconnected or has no load
WARNING: [Synth 8-7129] Port ALUResultW[26] in module iwriteback is either unconnected or has no load
WARNING: [Synth 8-7129] Port ALUResultW[25] in module iwriteback is either unconnected or has no load
WARNING: [Synth 8-7129] Port ALUResultW[24] in module iwriteback is either unconnected or has no load
WARNING: [Synth 8-7129] Port ALUResultW[23] in module iwriteback is either unconnected or has no load
WARNING: [Synth 8-7129] Port ALUResultW[22] in module iwriteback is either unconnected or has no load
WARNING: [Synth 8-7129] Port ALUResultW[21] in module iwriteback is either unconnected or has no load
WARNING: [Synth 8-7129] Port ALUResultW[20] in module iwriteback is either unconnected or has no load
WARNING: [Synth 8-7129] Port ALUResultW[19] in module iwriteback is either unconnected or has no load
WARNING: [Synth 8-7129] Port ALUResultW[18] in module iwriteback is either unconnected or has no load
WARNING: [Synth 8-7129] Port ALUResultW[17] in module iwriteback is either unconnected or has no load
WARNING: [Synth 8-7129] Port ALUResultW[16] in module iwriteback is either unconnected or has no load
WARNING: [Synth 8-7129] Port ALUResultW[15] in module iwriteback is either unconnected or has no load
WARNING: [Synth 8-7129] Port ALUResultW[14] in module iwriteback is either unconnected or has no load
WARNING: [Synth 8-7129] Port ALUResultW[13] in module iwriteback is either unconnected or has no load
WARNING: [Synth 8-7129] Port ALUResultW[12] in module iwriteback is either unconnected or has no load
WARNING: [Synth 8-7129] Port ALUResultW[11] in module iwriteback is either unconnected or has no load
WARNING: [Synth 8-7129] Port ALUResultW[10] in module iwriteback is either unconnected or has no load
WARNING: [Synth 8-7129] Port ALUResultW[9] in module iwriteback is either unconnected or has no load
WARNING: [Synth 8-7129] Port ALUResultW[8] in module iwriteback is either unconnected or has no load
WARNING: [Synth 8-7129] Port ReadDataW[31] in module iwriteback is either unconnected or has no load
WARNING: [Synth 8-7129] Port ReadDataW[30] in module iwriteback is either unconnected or has no load
WARNING: [Synth 8-7129] Port ReadDataW[29] in module iwriteback is either unconnected or has no load
WARNING: [Synth 8-7129] Port ReadDataW[28] in module iwriteback is either unconnected or has no load
WARNING: [Synth 8-7129] Port ReadDataW[27] in module iwriteback is either unconnected or has no load
WARNING: [Synth 8-7129] Port ReadDataW[26] in module iwriteback is either unconnected or has no load
WARNING: [Synth 8-7129] Port ReadDataW[25] in module iwriteback is either unconnected or has no load
WARNING: [Synth 8-7129] Port ReadDataW[24] in module iwriteback is either unconnected or has no load
WARNING: [Synth 8-7129] Port ReadDataW[23] in module iwriteback is either unconnected or has no load
WARNING: [Synth 8-7129] Port ReadDataW[22] in module iwriteback is either unconnected or has no load
WARNING: [Synth 8-7129] Port ReadDataW[21] in module iwriteback is either unconnected or has no load
WARNING: [Synth 8-7129] Port ReadDataW[20] in module iwriteback is either unconnected or has no load
WARNING: [Synth 8-7129] Port ReadDataW[19] in module iwriteback is either unconnected or has no load
WARNING: [Synth 8-7129] Port ReadDataW[18] in module iwriteback is either unconnected or has no load
WARNING: [Synth 8-7129] Port ReadDataW[17] in module iwriteback is either unconnected or has no load
WARNING: [Synth 8-7129] Port ReadDataW[16] in module iwriteback is either unconnected or has no load
WARNING: [Synth 8-7129] Port ReadDataW[15] in module iwriteback is either unconnected or has no load
WARNING: [Synth 8-7129] Port ReadDataW[14] in module iwriteback is either unconnected or has no load
WARNING: [Synth 8-7129] Port ReadDataW[13] in module iwriteback is either unconnected or has no load
WARNING: [Synth 8-7129] Port ReadDataW[12] in module iwriteback is either unconnected or has no load
WARNING: [Synth 8-7129] Port ReadDataW[11] in module iwriteback is either unconnected or has no load
WARNING: [Synth 8-7129] Port ReadDataW[10] in module iwriteback is either unconnected or has no load
WARNING: [Synth 8-7129] Port ReadDataW[9] in module iwriteback is either unconnected or has no load
WARNING: [Synth 8-7129] Port ReadDataW[8] in module iwriteback is either unconnected or has no load
WARNING: [Synth 8-7129] Port PCPlus4W[31] in module iwriteback is either unconnected or has no load
WARNING: [Synth 8-7129] Port PCPlus4W[30] in module iwriteback is either unconnected or has no load
WARNING: [Synth 8-7129] Port PCPlus4W[29] in module iwriteback is either unconnected or has no load
WARNING: [Synth 8-7129] Port PCPlus4W[28] in module iwriteback is either unconnected or has no load
WARNING: [Synth 8-7129] Port PCPlus4W[27] in module iwriteback is either unconnected or has no load
WARNING: [Synth 8-7129] Port PCPlus4W[26] in module iwriteback is either unconnected or has no load
WARNING: [Synth 8-7129] Port PCPlus4W[25] in module iwriteback is either unconnected or has no load
WARNING: [Synth 8-7129] Port PCPlus4W[24] in module iwriteback is either unconnected or has no load
WARNING: [Synth 8-7129] Port PCPlus4W[23] in module iwriteback is either unconnected or has no load
WARNING: [Synth 8-7129] Port PCPlus4W[22] in module iwriteback is either unconnected or has no load
WARNING: [Synth 8-7129] Port PCPlus4W[21] in module iwriteback is either unconnected or has no load
WARNING: [Synth 8-7129] Port PCPlus4W[20] in module iwriteback is either unconnected or has no load
WARNING: [Synth 8-7129] Port PCPlus4W[19] in module iwriteback is either unconnected or has no load
WARNING: [Synth 8-7129] Port PCPlus4W[18] in module iwriteback is either unconnected or has no load
WARNING: [Synth 8-7129] Port PCPlus4W[17] in module iwriteback is either unconnected or has no load
WARNING: [Synth 8-7129] Port PCPlus4W[16] in module iwriteback is either unconnected or has no load
WARNING: [Synth 8-7129] Port PCPlus4W[15] in module iwriteback is either unconnected or has no load
WARNING: [Synth 8-7129] Port PCPlus4W[14] in module iwriteback is either unconnected or has no load
WARNING: [Synth 8-7129] Port PCPlus4W[13] in module iwriteback is either unconnected or has no load
WARNING: [Synth 8-7129] Port PCPlus4W[12] in module iwriteback is either unconnected or has no load
WARNING: [Synth 8-7129] Port PCPlus4W[11] in module iwriteback is either unconnected or has no load
WARNING: [Synth 8-7129] Port PCPlus4W[10] in module iwriteback is either unconnected or has no load
WARNING: [Synth 8-7129] Port PCPlus4W[9] in module iwriteback is either unconnected or has no load
WARNING: [Synth 8-7129] Port PCPlus4W[8] in module iwriteback is either unconnected or has no load
WARNING: [Synth 8-7129] Port a[31] in module dmem is either unconnected or has no load
WARNING: [Synth 8-7129] Port a[30] in module dmem is either unconnected or has no load
WARNING: [Synth 8-7129] Port a[29] in module dmem is either unconnected or has no load
WARNING: [Synth 8-7129] Port a[28] in module dmem is either unconnected or has no load
WARNING: [Synth 8-7129] Port a[27] in module dmem is either unconnected or has no load
WARNING: [Synth 8-7129] Port a[26] in module dmem is either unconnected or has no load
WARNING: [Synth 8-7129] Port a[25] in module dmem is either unconnected or has no load
WARNING: [Synth 8-7129] Port a[24] in module dmem is either unconnected or has no load
WARNING: [Synth 8-7129] Port a[23] in module dmem is either unconnected or has no load
WARNING: [Synth 8-7129] Port a[22] in module dmem is either unconnected or has no load
WARNING: [Synth 8-7129] Port a[21] in module dmem is either unconnected or has no load
WARNING: [Synth 8-7129] Port a[20] in module dmem is either unconnected or has no load
WARNING: [Synth 8-7129] Port a[19] in module dmem is either unconnected or has no load
WARNING: [Synth 8-7129] Port a[18] in module dmem is either unconnected or has no load
WARNING: [Synth 8-7129] Port a[17] in module dmem is either unconnected or has no load
WARNING: [Synth 8-7129] Port a[16] in module dmem is either unconnected or has no load
WARNING: [Synth 8-7129] Port a[15] in module dmem is either unconnected or has no load
WARNING: [Synth 8-7129] Port a[14] in module dmem is either unconnected or has no load
WARNING: [Synth 8-7129] Port a[13] in module dmem is either unconnected or has no load
WARNING: [Synth 8-7129] Port a[12] in module dmem is either unconnected or has no load
WARNING: [Synth 8-7129] Port a[11] in module dmem is either unconnected or has no load
WARNING: [Synth 8-7129] Port a[10] in module dmem is either unconnected or has no load
WARNING: [Synth 8-7129] Port a[9] in module dmem is either unconnected or has no load
WARNING: [Synth 8-7129] Port a[8] in module dmem is either unconnected or has no load
WARNING: [Synth 8-7129] Port a[1] in module dmem is either unconnected or has no load
WARNING: [Synth 8-7129] Port a[0] in module dmem is either unconnected or has no load
INFO: [Common 17-14] Message 'Synth 8-7129' appears 100 times and further instances of the messages will be disabled. Use the Tcl command set_msg_config to change the current settings.
---------------------------------------------------------------------------------
Finished RTL Elaboration : Time (s): cpu = 00:00:02 ; elapsed = 00:00:06 . Memory (MB): peak = 2008.324 ; gain = 517.844
---------------------------------------------------------------------------------
---------------------------------------------------------------------------------
Start Handling Custom Attributes
---------------------------------------------------------------------------------
---------------------------------------------------------------------------------
Finished Handling Custom Attributes : Time (s): cpu = 00:00:02 ; elapsed = 00:00:06 . Memory (MB): peak = 2008.324 ; gain = 517.844
---------------------------------------------------------------------------------
---------------------------------------------------------------------------------
Finished RTL Optimization Phase 1 : Time (s): cpu = 00:00:02 ; elapsed = 00:00:06 . Memory (MB): peak = 2008.324 ; gain = 517.844
---------------------------------------------------------------------------------
Netlist sorting complete. Time (s): cpu = 00:00:00 ; elapsed = 00:00:00.030 . Memory (MB): peak = 2008.324 ; gain = 0.000
INFO: [Project 1-570] Preparing netlist for logic optimization

Processing XDC Constraints
Initializing timing engine
Completed Processing XDC Constraints

Netlist sorting complete. Time (s): cpu = 00:00:00 ; elapsed = 00:00:00 . Memory (MB): peak = 2061.887 ; gain = 0.000
INFO: [Project 1-111] Unisim Transformation Summary:
No Unisim elements were transformed.

RTL Elaboration Complete:  : Time (s): cpu = 00:00:05 ; elapsed = 00:00:10 . Memory (MB): peak = 2112.441 ; gain = 621.961
61 Infos, 201 Warnings, 6 Critical Warnings and 0 Errors encountered.
synth_design completed successfully
synth_design: Time (s): cpu = 00:00:06 ; elapsed = 00:00:21 . Memory (MB): peak = 2112.441 ; gain = 943.223
launch_simulation
Command: launch_simulation 
INFO: [Vivado 12-12493] Simulation top is 'pipeline'
WARNING: [Vivado 12-13340] Unable to auto find GCC executables from simulator install path! (path not set)
boost::filesystem::remove: The process cannot access the file because it is being used by another process: "C:/Users/aaron/OneDrive/Desktop/projectLab5/projectLab5.sim/sim_1/behav/xsim/simulate.log"
launch_simulation
Command: launch_simulation 
INFO: [Vivado 12-12493] Simulation top is 'pipeline'
WARNING: [Vivado 12-13340] Unable to auto find GCC executables from simulator install path! (path not set)
boost::filesystem::remove: The process cannot access the file because it is being used by another process: "C:/Users/aaron/OneDrive/Desktop/projectLab5/projectLab5.sim/sim_1/behav/xsim/simulate.log"
launch_simulation
Command: launch_simulation 
INFO: [Vivado 12-12493] Simulation top is 'pipeline'
WARNING: [Vivado 12-13340] Unable to auto find GCC executables from simulator install path! (path not set)
boost::filesystem::remove: The process cannot access the file because it is being used by another process: "C:/Users/aaron/OneDrive/Desktop/projectLab5/projectLab5.sim/sim_1/behav/xsim/simulate.log"
exit
INFO: [Common 17-206] Exiting Vivado at Wed May 17 19:22:40 2023...
